#
# There is insufficient memory for the Java Runtime Environment to continue.
# Native memory allocation (malloc) failed to allocate 826816 bytes for Chunk::new
# Possible reasons:
#   The system is out of physical RAM or swap space
#   In 32 bit mode, the process size limit was hit
# Possible solutions:
#   Reduce memory load on the system
#   Increase physical memory or swap space
#   Check if swap backing store is full
#   Use 64 bit Java on a 64 bit OS
#   Decrease Java heap size (-Xmx/-Xms)
#   Decrease number of Java threads
#   Decrease Java thread stack sizes (-Xss)
#   Set larger code cache with -XX:ReservedCodeCacheSize=
# This output file may be truncated or incomplete.
#
#  Out of Memory Error (allocation.cpp:390), pid=5228, tid=0x0000000000000d40
#
# JRE version: Java(TM) SE Runtime Environment (8.0_101-b13) (build 1.8.0_101-b13)
# Java VM: Java HotSpot(TM) 64-Bit Server VM (25.101-b13 mixed mode windows-amd64 compressed oops)
# Failed to write core dump. Minidumps are not enabled by default on client versions of Windows
#

---------------  T H R E A D  ---------------

Current thread (0x0000000013e99800):  JavaThread "C2 CompilerThread0" daemon [_thread_in_native, id=3392, stack(0x0000000014ec0000,0x0000000014fc0000)]

Stack: [0x0000000014ec0000,0x0000000014fc0000]
[error occurred during error reporting (printing stack bounds), id 0xc0000005]

Native frames: (J=compiled Java code, j=interpreted, Vv=VM code, C=native code)


Current CompileTask:
C2:  13804 1091       4       java.net.URLClassLoader$1::run (5 bytes)


---------------  P R O C E S S  ---------------

Java Threads: ( => current thread )
  0x0000000013ea0800 JavaThread "Service Thread" daemon [_thread_blocked, id=6812, stack(0x00000000150c0000,0x00000000151c0000)]
  0x0000000013e9d000 JavaThread "C1 CompilerThread1" daemon [_thread_blocked, id=1672, stack(0x0000000014fc0000,0x00000000150c0000)]
=>0x0000000013e99800 JavaThread "C2 CompilerThread0" daemon [_thread_in_native, id=3392, stack(0x0000000014ec0000,0x0000000014fc0000)]
  0x0000000013e98800 JavaThread "Attach Listener" daemon [_thread_blocked, id=2040, stack(0x0000000014dc0000,0x0000000014ec0000)]
  0x0000000013e95800 JavaThread "Signal Dispatcher" daemon [_thread_blocked, id=7060, stack(0x0000000014cc0000,0x0000000014dc0000)]
  0x0000000013e88800 JavaThread "Finalizer" daemon [_thread_blocked, id=6160, stack(0x0000000014ae0000,0x0000000014be0000)]
  0x00000000025ce000 JavaThread "Reference Handler" daemon [_thread_blocked, id=6752, stack(0x00000000149e0000,0x0000000014ae0000)]
  0x000000000087e000 JavaThread "main" [_thread_in_native, id=4208, stack(0x00000000023e0000,0x00000000024e0000)]

Other Threads:
  0x0000000013e65800 VMThread [stack: 0x00000000148e0000,0x00000000149e0000] [id=3416]
  0x0000000013ec5000 WatcherThread [stack: 0x00000000151c0000,0x00000000152c0000] [id=2908]

VM state:not at safepoint (normal execution)

VM Mutex/Monitor currently owned by a thread: None

Heap:
 PSYoungGen      total 15360K, used 6464K [0x00000000f1600000, 0x00000000f2a80000, 0x0000000100000000)
  eden space 10752K, 22% used [0x00000000f1600000,0x00000000f1868078,0x00000000f2080000)
  from space 4608K, 86% used [0x00000000f2080000,0x00000000f2468080,0x00000000f2500000)
  to   space 3584K, 0% used [0x00000000f2500000,0x00000000f2500000,0x00000000f2880000)
 ParOldGen       total 30208K, used 7028K [0x00000000d4200000, 0x00000000d5f80000, 0x00000000f1600000)
  object space 30208K, 23% used [0x00000000d4200000,0x00000000d48dd298,0x00000000d5f80000)
 Metaspace       used 15224K, capacity 15448K, committed 15616K, reserved 1062912K
  class space    used 2090K, capacity 2184K, committed 2304K, reserved 1048576K

Card table byte_map: [0x00000000119a0000,0x0000000011b00000] byte_map_base: 0x00000000112ff000

Marking Bits: (ParMarkBitMap*) 0x000000005ec9a6d0
 Begin Bits: [0x0000000011df0000, 0x00000000128e8000)
 End Bits:   [0x00000000128e8000, 0x00000000133e0000)

Polling page: 0x0000000000aa0000

CodeCache: size=245760Kb used=4051Kb max_used=4051Kb free=241708Kb
 bounds [0x00000000025e0000, 0x00000000029e0000, 0x00000000115e0000]
 total_blobs=1454 nmethods=1099 adapters=269
 compilation: enabled

Compilation events (10 events):
Event: 13.507 Thread 0x0000000013e9d000 nmethod 1090 0x00000000029c8050 code [0x00000000029c81c0, 0x00000000029c8590]
Event: 13.509 Thread 0x0000000013e99800 1091       4       java.net.URLClassLoader$1::run (5 bytes)
Event: 13.517 Thread 0x0000000013e9d000 1093       3       java.lang.Long::<init> (10 bytes)
Event: 13.518 Thread 0x0000000013e9d000 nmethod 1093 0x00000000029ca310 code [0x00000000029ca480, 0x00000000029ca690]
Event: 13.632 Thread 0x0000000013e9d000 1094       3       sun.misc.ProxyGenerator::access$700 (7 bytes)
Event: 13.632 Thread 0x0000000013e9d000 nmethod 1094 0x00000000029c9c50 code [0x00000000029c9dc0, 0x00000000029c9fa8]
Event: 13.662 Thread 0x0000000013e9d000 1096       3       org.gradle.internal.service.DefaultServiceRegistry$SingletonService::isFactory (128 bytes)
Event: 13.664 Thread 0x0000000013e9d000 nmethod 1096 0x00000000029d1d90 code [0x00000000029d2020, 0x00000000029d3398]
Event: 13.664 Thread 0x0000000013e9d000 1097       3       org.gradle.internal.service.DefaultServiceRegistry$SingletonService::getFactory (20 bytes)
Event: 13.664 Thread 0x0000000013e9d000 nmethod 1097 0x00000000029cfb90 code [0x00000000029cfd20, 0x00000000029d0078]

GC Heap History (10 events):
Event: 8.441 GC heap before
{Heap before GC invocations=3 (full 0):
 PSYoungGen      total 13312K, used 13296K [0x00000000f1600000, 0x00000000f2480000, 0x0000000100000000)
  eden space 11776K, 100% used [0x00000000f1600000,0x00000000f2180000,0x00000000f2180000)
  from space 1536K, 98% used [0x00000000f2300000,0x00000000f247c030,0x00000000f2480000)
  to   space 1536K, 0% used [0x00000000f2180000,0x00000000f2180000,0x00000000f2300000)
 ParOldGen       total 30208K, used 2481K [0x00000000d4200000, 0x00000000d5f80000, 0x00000000f1600000)
  object space 30208K, 8% used [0x00000000d4200000,0x00000000d446c7f0,0x00000000d5f80000)
 Metaspace       used 8343K, capacity 8544K, committed 8704K, reserved 1056768K
  class space    used 1117K, capacity 1184K, committed 1280K, reserved 1048576K
Event: 8.446 GC heap after
Heap after GC invocations=3 (full 0):
 PSYoungGen      total 13312K, used 1504K [0x00000000f1600000, 0x00000000f2480000, 0x0000000100000000)
  eden space 11776K, 0% used [0x00000000f1600000,0x00000000f1600000,0x00000000f2180000)
  from space 1536K, 97% used [0x00000000f2180000,0x00000000f22f8020,0x00000000f2300000)
  to   space 1536K, 0% used [0x00000000f2300000,0x00000000f2300000,0x00000000f2480000)
 ParOldGen       total 30208K, used 3077K [0x00000000d4200000, 0x00000000d5f80000, 0x00000000f1600000)
  object space 30208K, 10% used [0x00000000d4200000,0x00000000d4501720,0x00000000d5f80000)
 Metaspace       used 8343K, capacity 8544K, committed 8704K, reserved 1056768K
  class space    used 1117K, capacity 1184K, committed 1280K, reserved 1048576K
}
Event: 10.260 GC heap before
{Heap before GC invocations=4 (full 0):
 PSYoungGen      total 13312K, used 13280K [0x00000000f1600000, 0x00000000f2480000, 0x0000000100000000)
  eden space 11776K, 100% used [0x00000000f1600000,0x00000000f2180000,0x00000000f2180000)
  from space 1536K, 97% used [0x00000000f2180000,0x00000000f22f8020,0x00000000f2300000)
  to   space 1536K, 0% used [0x00000000f2300000,0x00000000f2300000,0x00000000f2480000)
 ParOldGen       total 30208K, used 3077K [0x00000000d4200000, 0x00000000d5f80000, 0x00000000f1600000)
  object space 30208K, 10% used [0x00000000d4200000,0x00000000d4501720,0x00000000d5f80000)
 Metaspace       used 8604K, capacity 8824K, committed 8960K, reserved 1056768K
  class space    used 1169K, capacity 1256K, committed 1280K, reserved 1048576K
Event: 10.265 GC heap after
Heap after GC invocations=4 (full 0):
 PSYoungGen      total 13312K, used 1520K [0x00000000f1600000, 0x00000000f2480000, 0x0000000100000000)
  eden space 11776K, 0% used [0x00000000f1600000,0x00000000f1600000,0x00000000f2180000)
  from space 1536K, 98% used [0x00000000f2300000,0x00000000f247c010,0x00000000f2480000)
  to   space 1536K, 0% used [0x00000000f2180000,0x00000000f2180000,0x00000000f2300000)
 ParOldGen       total 30208K, used 4060K [0x00000000d4200000, 0x00000000d5f80000, 0x00000000f1600000)
  object space 30208K, 13% used [0x00000000d4200000,0x00000000d45f7178,0x00000000d5f80000)
 Metaspace       used 8604K, capacity 8824K, committed 8960K, reserved 1056768K
  class space    used 1169K, capacity 1256K, committed 1280K, reserved 1048576K
}
Event: 11.098 GC heap before
{Heap before GC invocations=5 (full 0):
 PSYoungGen      total 13312K, used 13296K [0x00000000f1600000, 0x00000000f2480000, 0x0000000100000000)
  eden space 11776K, 100% used [0x00000000f1600000,0x00000000f2180000,0x00000000f2180000)
  from space 1536K, 98% used [0x00000000f2300000,0x00000000f247c010,0x00000000f2480000)
  to   space 1536K, 0% used [0x00000000f2180000,0x00000000f2180000,0x00000000f2300000)
 ParOldGen       total 30208K, used 4060K [0x00000000d4200000, 0x00000000d5f80000, 0x00000000f1600000)
  object space 30208K, 13% used [0x00000000d4200000,0x00000000d45f7178,0x00000000d5f80000)
 Metaspace       used 10121K, capacity 10392K, committed 10496K, reserved 1058816K
  class space    used 1410K, capacity 1480K, committed 1536K, reserved 1048576K
Event: 11.112 GC heap after
Heap after GC invocations=5 (full 0):
 PSYoungGen      total 13312K, used 1504K [0x00000000f1600000, 0x00000000f2880000, 0x0000000100000000)
  eden space 11776K, 0% used [0x00000000f1600000,0x00000000f1600000,0x00000000f2180000)
  from space 1536K, 97% used [0x00000000f2180000,0x00000000f22f8020,0x00000000f2300000)
  to   space 3584K, 0% used [0x00000000f2500000,0x00000000f2500000,0x00000000f2880000)
 ParOldGen       total 30208K, used 5553K [0x00000000d4200000, 0x00000000d5f80000, 0x00000000f1600000)
  object space 30208K, 18% used [0x00000000d4200000,0x00000000d476c600,0x00000000d5f80000)
 Metaspace       used 10121K, capacity 10392K, committed 10496K, reserved 1058816K
  class space    used 1410K, capacity 1480K, committed 1536K, reserved 1048576K
}
Event: 12.268 GC heap before
{Heap before GC invocations=6 (full 0):
 PSYoungGen      total 13312K, used 13263K [0x00000000f1600000, 0x00000000f2880000, 0x0000000100000000)
  eden space 11776K, 99% used [0x00000000f1600000,0x00000000f217be20,0x00000000f2180000)
  from space 1536K, 97% used [0x00000000f2180000,0x00000000f22f8020,0x00000000f2300000)
  to   space 3584K, 0% used [0x00000000f2500000,0x00000000f2500000,0x00000000f2880000)
 ParOldGen       total 30208K, used 5553K [0x00000000d4200000, 0x00000000d5f80000, 0x00000000f1600000)
  object space 30208K, 18% used [0x00000000d4200000,0x00000000d476c600,0x00000000d5f80000)
 Metaspace       used 12060K, capacity 12280K, committed 12544K, reserved 1060864K
  class space    used 1687K, capacity 1768K, committed 1792K, reserved 1048576K
Event: 12.278 GC heap after
Heap after GC invocations=6 (full 0):
 PSYoungGen      total 14336K, used 3582K [0x00000000f1600000, 0x00000000f2a80000, 0x0000000100000000)
  eden space 10752K, 0% used [0x00000000f1600000,0x00000000f1600000,0x00000000f2080000)
  from space 3584K, 99% used [0x00000000f2500000,0x00000000f287fbe8,0x00000000f2880000)
  to   space 4608K, 0% used [0x00000000f2080000,0x00000000f2080000,0x00000000f2500000)
 ParOldGen       total 30208K, used 6084K [0x00000000d4200000, 0x00000000d5f80000, 0x00000000f1600000)
  object space 30208K, 20% used [0x00000000d4200000,0x00000000d47f1158,0x00000000d5f80000)
 Metaspace       used 12060K, capacity 12280K, committed 12544K, reserved 1060864K
  class space    used 1687K, capacity 1768K, committed 1792K, reserved 1048576K
}
Event: 13.542 GC heap before
{Heap before GC invocations=7 (full 0):
 PSYoungGen      total 14336K, used 14334K [0x00000000f1600000, 0x00000000f2a80000, 0x0000000100000000)
  eden space 10752K, 100% used [0x00000000f1600000,0x00000000f2080000,0x00000000f2080000)
  from space 3584K, 99% used [0x00000000f2500000,0x00000000f287fbe8,0x00000000f2880000)
  to   space 4608K, 0% used [0x00000000f2080000,0x00000000f2080000,0x00000000f2500000)
 ParOldGen       total 30208K, used 6084K [0x00000000d4200000, 0x00000000d5f80000, 0x00000000f1600000)
  object space 30208K, 20% used [0x00000000d4200000,0x00000000d47f1158,0x00000000d5f80000)
 Metaspace       used 14954K, capacity 15192K, committed 15488K, reserved 1062912K
  class space    used 2041K, capacity 2120K, committed 2176K, reserved 1048576K
Event: 13.568 GC heap after
Heap after GC invocations=7 (full 0):
 PSYoungGen      total 15360K, used 4000K [0x00000000f1600000, 0x00000000f2a80000, 0x0000000100000000)
  eden space 10752K, 0% used [0x00000000f1600000,0x00000000f1600000,0x00000000f2080000)
  from space 4608K, 86% used [0x00000000f2080000,0x00000000f2468080,0x00000000f2500000)
  to   space 3584K, 0% used [0x00000000f2500000,0x00000000f2500000,0x00000000f2880000)
 ParOldGen       total 30208K, used 7028K [0x00000000d4200000, 0x00000000d5f80000, 0x00000000f1600000)
  object space 30208K, 23% used [0x00000000d4200000,0x00000000d48dd298,0x00000000d5f80000)
 Metaspace       used 14954K, capacity 15192K, committed 15488K, reserved 1062912K
  class space    used 2041K, capacity 2120K, committed 2176K, reserved 1048576K
}

Deoptimization events (10 events):
Event: 5.610 Thread 0x000000000087e000 Uncommon trap: reason=unstable_if action=reinterpret pc=0x000000000281453c method=java.util.HashMap.getNode(ILjava/lang/Object;)Ljava/util/HashMap$Node; @ 129
Event: 5.610 Thread 0x000000000087e000 Uncommon trap: reason=unstable_if action=reinterpret pc=0x00000000027ffa28 method=java.util.HashMap.getNode(ILjava/lang/Object;)Ljava/util/HashMap$Node; @ 129
Event: 7.252 Thread 0x000000000087e000 Uncommon trap: reason=unstable_if action=reinterpret pc=0x000000000283f074 method=java.lang.String$CaseInsensitiveComparator.compare(Ljava/lang/String;Ljava/lang/String;)I @ 26
Event: 7.418 Thread 0x000000000087e000 Uncommon trap: reason=predicate action=maybe_recompile pc=0x000000000282e384 method=sun.net.www.ParseUtil.encodePath(Ljava/lang/String;Z)Ljava/lang/String; @ 36
Event: 11.351 Thread 0x000000000087e000 Uncommon trap: reason=bimorphic action=maybe_recompile pc=0x0000000002888ee4 method=java.util.HashMap.putVal(ILjava/lang/Object;Ljava/lang/Object;ZZ)Ljava/lang/Object; @ 203
Event: 11.351 Thread 0x000000000087e000 Uncommon trap: reason=bimorphic action=maybe_recompile pc=0x0000000002888ee4 method=java.util.HashMap.putVal(ILjava/lang/Object;Ljava/lang/Object;ZZ)Ljava/lang/Object; @ 203
Event: 11.351 Thread 0x000000000087e000 Uncommon trap: reason=bimorphic action=maybe_recompile pc=0x0000000002888ee4 method=java.util.HashMap.putVal(ILjava/lang/Object;Ljava/lang/Object;ZZ)Ljava/lang/Object; @ 203
Event: 11.351 Thread 0x000000000087e000 Uncommon trap: reason=bimorphic action=maybe_recompile pc=0x0000000002888ee4 method=java.util.HashMap.putVal(ILjava/lang/Object;Ljava/lang/Object;ZZ)Ljava/lang/Object; @ 203
Event: 13.218 Thread 0x000000000087e000 Uncommon trap: reason=bimorphic action=maybe_recompile pc=0x0000000002864bfc method=java.util.HashMap.putVal(ILjava/lang/Object;Ljava/lang/Object;ZZ)Ljava/lang/Object; @ 203
Event: 13.218 Thread 0x000000000087e000 Uncommon trap: reason=bimorphic action=maybe_recompile pc=0x00000000028670e4 method=java.util.HashMap.putVal(ILjava/lang/Object;Ljava/lang/Object;ZZ)Ljava/lang/Object; @ 203

Internal exceptions (10 events):
Event: 13.167 Thread 0x000000000087e000 Exception <a 'java/lang/ClassNotFoundException': groovy/lang/ExpandoMetaClassBeanInfo> (0x00000000f1ab96c0) thrown at [C:\re\workspace\8-2-build-windows-amd64-cygwin\jdk8u101\7261\hotspot\src\share\vm\classfile\systemDictionary.cpp, line 210]
Event: 13.167 Thread 0x000000000087e000 Exception <a 'java/lang/ClassNotFoundException': groovy/lang/MetaClassImplBeanInfo> (0x00000000f1ac4358) thrown at [C:\re\workspace\8-2-build-windows-amd64-cygwin\jdk8u101\7261\hotspot\src\share\vm\classfile\systemDictionary.cpp, line 210]
Event: 13.167 Thread 0x000000000087e000 Exception <a 'java/lang/ClassNotFoundException': java/lang/ObjectBeanInfo> (0x00000000f1ac92e0) thrown at [C:\re\workspace\8-2-build-windows-amd64-cygwin\jdk8u101\7261\hotspot\src\share\vm\classfile\systemDictionary.cpp, line 210]
Event: 13.168 Thread 0x000000000087e000 Exception <a 'java/lang/ClassNotFoundException': java/lang/ObjectCustomizer> (0x00000000f1ace3b0) thrown at [C:\re\workspace\8-2-build-windows-amd64-cygwin\jdk8u101\7261\hotspot\src\share\vm\classfile\systemDictionary.cpp, line 210]
Event: 13.213 Thread 0x000000000087e000 Exception <a 'java/lang/ClassNotFoundException': groovy/lang/MetaClassImplCustomizer> (0x00000000f1ae0dd0) thrown at [C:\re\workspace\8-2-build-windows-amd64-cygwin\jdk8u101\7261\hotspot\src\share\vm\classfile\systemDictionary.cpp, line 210]
Event: 13.216 Thread 0x000000000087e000 Exception <a 'java/lang/ClassNotFoundException': groovy/lang/ExpandoMetaClassCustomizer> (0x00000000f1b14780) thrown at [C:\re\workspace\8-2-build-windows-amd64-cygwin\jdk8u101\7261\hotspot\src\share\vm\classfile\systemDictionary.cpp, line 210]
Event: 13.271 Thread 0x000000000087e000 Exception <a 'java/lang/ClassNotFoundException': org/gradle/api/internal/plugins/DefaultExtraPropertiesExtensionBeanInfo> (0x00000000f1b94f88) thrown at [C:\re\workspace\8-2-build-windows-amd64-cygwin\jdk8u101\7261\hotspot\src\share\vm\classfile\systemDictqŒÈ‹*@
Event: 13.272 Thread 0x000000000087e000 Exception <a 'java/lang/ClassNotFoundException': groovy/lang/GroovyObjectSupportBeanInfo> (0x00000000f1ba0dc0) thrown at [C:\re\workspace\8-2-build-windows-amd64-cygwin\jdk8u101\7261\hotspot\src\share\vm\classfile\systemDictionary.cpp, line 210]
Event: 13.272 Thread 0x000000000087e000 Exception <a 'java/lang/ClassNotFoundException': groovy/lang/GroovyObjectSupportCustomizer> (0x00000000f1bacf80) thrown at [C:\re\workspace\8-2-build-windows-amd64-cygwin\jdk8u101\7261\hotspot\src\share\vm\classfile\systemDictionary.cpp, line 210]
Event: 13.273 Thread 0x000000000087e000 Exception <a 'java/lang/ClassNotFoundException': org/gradle/api/internal/plugins/DefaultExtraPropertiesExtensionCustomizer> (0x00000000f1bc3458) thrown at [C:\re\workspace\8-2-build-windows-amd64-cygwin\jdk8u101\7261\hotspot\src\share\vm\classfile\systemDiÂNµmU*@

Events (10 events):
Event: 13.637 loading class org/gradle/api/initialization/dsl/ScriptHandler
Event: 13.637 loading class org/gradle/api/initialization/dsl/ScriptHandler done
Event: 13.637 loading class org/gradle/api/internal/artifacts/DefaultDependencyManagementServices
Event: 13.637 loading class org/gradle/api/internal/artifacts/DefaultDependencyManagementServices done
Event: 13.662 loading class org/gradle/internal/service/DefaultServiceRegistry$DefaultLookupContext$1
Event: 13.662 loading class org/gradle/internal/service/DefaultServiceRegistry$DefaultLookupContext$1 done
Event: 13.663 loading class org/gradle/api/internal/cache/HeapProportionalCacheSizer
Event: 13.663 loading class org/gradle/api/internal/cache/HeapProportionalCacheSizer done
Event: 13.664 loading class org/gradle/api/internal/file/DefaultFileLookup
Event: 13.664 loading class org/gradle/api/internal/file/DefaultFileLookup done


Dynamic libraries:
0x00007ff748ec0000 - 0x00007ff748ef7000 	C:\ProgramData\Oracle\Java\javapath\java.exe
0x00007ff9429d0000 - 0x00007ff942b92000 	C:\WINDOWS\SYSTEM32\ntdll.dll
0x00007ff942600000 - 0x00007ff9426ad000 	C:\WINDOWS\system32\KERNEL32.DLL
0x00007ff93f4f0000 - 0x00007ff93f6cd000 	C:\WINDOWS\system32\KERNELBASE.dll
0x00007ff9421d0000 - 0x00007ff942276000 	C:\WINDOWS\system32\ADVAPI32.dll
0x00007ff942930000 - 0x00007ff9429cd000 	C:\WINDOWS\system32\msvcrt.dll
0x00007ff9401a0000 - 0x00007ff9401fb000 	C:\WINDOWS\system32\sechost.dll
0x00007ff942280000 - 0x00007ff9423a6000 	C:\WINDOWS\system32\RPCRT4.dll
0x00007ff941ef0000 - 0x00007ff94203e000 	C:\WINDOWS\system32\USER32.dll
0x00007ff940200000 - 0x00007ff940383000 	C:\WINDOWS\system32\GDI32.dll
0x00007ff9369d0000 - 0x00007ff936c44000 	C:\WINDOWS\WinSxS\amd64_microsoft.windows.common-controls_6595b64144ccf1df_6.0.10240.17184_none_f41d7a705752bce6\COMCTL32.dll
0x00007ff9423b0000 - 0x00007ff9423e6000 	C:\WINDOWS\system32\IMM32.DLL
0x00007ff9418c0000 - 0x00007ff941a1c000 	C:\WINDOWS\system32\MSCTF.dll
0x000000005ed20000 - 0x000000005edf2000 	C:\Program Files\Java\jre1.8.0_101\bin\msvcr100.dll
0x000000005e480000 - 0x000000005ed1a000 	C:\Program Files\Java\jre1.8.0_101\bin\server\jvm.dll
0x00007ff942050000 - 0x00007ff942058000 	C:\WINDOWS\system32\PSAPI.DLL
0x00007ff9377f0000 - 0x00007ff9377f9000 	C:\WINDOWS\SYSTEM32\WSOCK32.dll
0x00007ff941db0000 - 0x00007ff941e19000 	C:\WINDOWS\system32\WS2_32.dll
0x00007ff942040000 - 0x00007ff942048000 	C:\WINDOWS\system32\NSI.dll
0x00007ff93da80000 - 0x00007ff93daa3000 	C:\WINDOWS\SYSTEM32\WINMM.dll
0x00007ff9351d0000 - 0x00007ff9351da000 	C:\WINDOWS\SYSTEM32\VERSION.dll
0x00007ff93da20000 - 0x00007ff93da4c000 	C:\WINDOWS\SYSTEM32\WINMMBASE.dll
0x00007ff93f6d0000 - 0x00007ff93f714000 	C:\WINDOWS\system32\cfgmgr32.dll
0x00007ff93dd70000 - 0x00007ff93dd97000 	C:\WINDOWS\SYSTEM32\DEVOBJ.dll
0x000000005e470000 - 0x000000005e47f000 	C:\Program Files\Java\jre1.8.0_101\bin\verify.dll
0x000000005e440000 - 0x000000005e469000 	C:\Program Files\Java\jre1.8.0_101\bin\java.dll
0x000000005e420000 - 0x000000005e436000 	C:\Program Files\Java\jre1.8.0_101\bin\zip.dll
0x00007ff940390000 - 0x00007ff9418b3000 	C:\WINDOWS\system32\SHELL32.dll
0x00007ff93f7d0000 - 0x00007ff93fdf9000 	C:\WINDOWS\system32\windows.storage.dll
0x00007ff9426b0000 - 0x00007ff94292c000 	C:\WINDOWS\system32\combase.dll
0x00007ff941d50000 - 0x00007ff941da1000 	C:\WINDOWS\system32\shlwapi.dll
0x00007ff93f460000 - 0x00007ff93f46f000 	C:\WINDOWS\system32\kernel.appcore.dll
0x00007ff93fe00000 - 0x00007ff93feb3000 	C:\WINDOWS\system32\shcore.dll
0x00007ff93f3f0000 - 0x00007ff93f43a000 	C:\WINDOWS\system32\powrprof.dll
0x00007ff93f470000 - 0x00007ff93f483000 	C:\WINDOWS\system32\profapi.dll
0x000000005e400000 - 0x000000005e41a000 	C:\Program Files\Java\jre1.8.0_101\bin\net.dll
0x00007ff93ec60000 - 0x00007ff93ecbd000 	C:\WINDOWS\system32\mswsock.dll
0x000000005e3e0000 - 0x000000005e3f1000 	C:\Program Files\Java\jre1.8.0_101\bin\nio.dll
0x00007ff934b00000 - 0x00007ff934b12000 	C:\Users\muammar furqon\.gradle\native\19\windows-amd64\native-platform.dll
0x0000000180000000 - 0x0000000180037000 	C:\Users\muammar furqon\.gradle\native\jna\win32-amd64\jnidispatch.dll
0x00007ff93ecc0000 - 0x00007ff93ecd7000 	C:\WINDOWS\SYSTEM32\CRYPTSP.dll
0x00007ff93ef30000 - 0x00007ff93ef58000 	C:\WINDOWS\SYSTEM32\bcrypt.dll
0x00007ff93e910000 - 0x00007ff93e943000 	C:\WINDOWS\system32\rsaenh.dll
0x00007ff93ea00000 - 0x00007ff93ea1f000 	C:\WINDOWS\SYSTEM32\USERENV.dll
0x00007ff93f240000 - 0x00007ff93f2ab000 	C:\WINDOWS\system32\bcryptprimitives.dll
0x00007ff93ee30000 - 0x00007ff93ee3b000 	C:\WINDOWS\SYSTEM32\CRYPTBASE.dll
0x00007ff93c900000 - 0x00007ff93c938000 	C:\WINDOWS\SYSTEM32\IPHLPAPI.DLL
0x00007ff93c8f0000 - 0x00007ff93c8fb000 	C:\WINDOWS\SYSTEM32\WINNSI.DLL
0x00007ff93b060000 - 0x00007ff93b076000 	C:\WINDOWS\SYSTEM32\dhcpcsvc6.DLL
0x00007ff93b040000 - 0x00007ff93b05a000 	C:\WINDOWS\SYSTEM32\dhcpcsvc.DLL
0x000000005e3d0000 - 0x000000005e3dd000 	C:\Program Files\Java\jre1.8.0_101\bin\management.dll

VM Arguments:
jvm_args: -Dorg.gradle.appname=gradlew 
java_command: org.gradle.wrapper.GradleWrapperMain installDebug
java_class_path (initial): E:\BootArk\CobaReact\CobaReact\android\\gradle\wrapper\gradle-wrapper.jar
Launcher Type: SUN_STANDARD

Environment Variables:
CLASSPATH=E:\BootArk\CobaReact\CobaReact\android\\gradle\wrapper\gradle-wrapper.jar
PATH=C:\Users\muammar furqon\AppData\Roaming\npm;C:\Program Files\nodejs\;C:\oraclexe\app\oracle\product\11.2.0\server\bin;;C:\ProgramData\Oracle\Java\javapath;C:\WINDOWS\system32;C:\WINDOWS;C:\WINDOWS\System32\Wbem;C:\WINDOWS\System32\WindowsPowerShell\v1.0\;C:\Program Files\Microsoft SQL Server\Client SDK\ODBC\110\Tools\Binn\;C:\Program Files (x86)\Microsoft SQL Server\120\Tools\Binn\;C:\Program Files\Microsoft SQL Server\120\Tools\Binn\;C:\Program Files\Microsoft SQL Server\120\DTS\Binn\;C:\Program Files\nodejs\;C:\Program Files\Microsoft SQL Server\110\Tools\Binn\;c:\Program Files (x86)\Microsoft SQL Server\110\Tools\Binn\ManagementStudio\;c:\Program Files (x86)\Microsoft SQL Server\110\Tools\Binn\;c:\Program Files (x86)\Microsoft SQL Server\110\DTS\Binn\;C:\Program Files\Git\;C:\Program Files\Git\bin\;E:\BootArk\Sdk\platform-tools;C:\Users\muammar furqon\AppData\Roaming\npm;C:\Users\muammar furqon\AppData\Local\Android\Sdk\platform-tools
USERNAME=muammar furqon
OS=Windows_NT
PROCESSOR_IDENTIFIER=Intel64 Family 6 Model 37 Stepping 2, GenuineIntel



---------------  S Y S T E M  ---------------

OS: Windows 10.0 , 64 bit Build 10240 (10.0.10240.17113)

CPU:total 2 (2 cores per cpu, 1 threads per core) family 6 model 37 stepping 2, cmov, cx8, fxsr, mmx, sse, sse2, sse3, ssse3, popcnt, tsc, tscinvbit

Memory: 4k page, physical 2871812k(245948k free), swap 4986724k(3236k free)

vm_info: Java HotSpot(TM) 64-Bit Server VM (25.101-b13) for windows-amd64 JRE (1.8.0_101-b13), built on Jun 22 2016 01:21:29 by "java_re" with MS VC++ 10.0 (VS2010)

time: Sat Apr 14 10:12:00 2018
elapsed time: 13 seconds (0d 0h 0m 13s)

