#
# There is insufficient memory for the Java Runtime Environment to continue.
# Native memory allocation (malloc) failed to allocate 1393616 bytes for Chunk::new
# Possible reasons:
#   The system is out of physical RAM or swap space
#   In 32 bit mode, the process size limit was hit
# Possible solutions:
#   Reduce memory load on the system
#   Increase physical memory or swap space
#   Check if swap backing store is full
#   Use 64 bit Java on a 64 bit OS
#   Decrease Java heap size (-Xmx/-Xms)
#   Decrease number of Java threads
#   Decrease Java thread stack sizes (-Xss)
#   Set larger code cache with -XX:ReservedCodeCacheSize=
# This output file may be truncated or incomplete.
#
#  Out of Memory Error (allocation.cpp:390), pid=3764, tid=0x0000000000001db4
#
# JRE version: Java(TM) SE Runtime Environment (8.0_101-b13) (build 1.8.0_101-b13)
# Java VM: Java HotSpot(TM) 64-Bit Server VM (25.101-b13 mixed mode windows-amd64 compressed oops)
# Failed to write core dump. Minidumps are not enabled by default on client versions of Windows
#

---------------  T H R E A D  ---------------

Current thread (0x0000000013e4a000):  JavaThread "C2 CompilerThread0" daemon [_thread_in_native, id=7604, stack(0x0000000014e60000,0x0000000014f60000)]

Stack: [0x0000000014e60000,0x0000000014f60000]
[error occurred during error reporting (printing stack bounds), id 0xc0000005]

Native frames: (J=compiled Java code, j=interpreted, Vv=VM code, C=native code)


Current CompileTask:
C2:  20392 1138       4       java.net.URLClassLoader$1::run (5 bytes)


---------------  P R O C E S S  ---------------

Java Threads: ( => current thread )
  0x00000000159b4800 JavaThread "pool-1-thread-1" [_thread_blocked, id=7116, stack(0x0000000017800000,0x0000000017900000)]
  0x0000000013e5c800 JavaThread "Service Thread" daemon [_thread_blocked, id=8136, stack(0x0000000015060000,0x0000000015160000)]
  0x0000000013e53000 JavaThread "C1 CompilerThread1" daemon [_thread_blocked, id=5540, stack(0x0000000014f60000,0x0000000015060000)]
=>0x0000000013e4a000 JavaThread "C2 CompilerThread0" daemon [_thread_in_native, id=7604, stack(0x0000000014e60000,0x0000000014f60000)]
  0x0000000013e48800 JavaThread "Attach Listener" daemon [_thread_blocked, id=8080, stack(0x0000000014d60000,0x0000000014e60000)]
  0x0000000013e45000 JavaThread "Signal Dispatcher" daemon [_thread_blocked, id=1128, stack(0x0000000014c60000,0x0000000014d60000)]
  0x0000000013e38800 JavaThread "Finalizer" daemon [_thread_blocked, id=7224, stack(0x0000000014a80000,0x0000000014b80000)]
  0x000000000257d800 JavaThread "Reference Handler" daemon [_thread_blocked, id=7484, stack(0x0000000014980000,0x0000000014a80000)]
  0x000000000238e000 JavaThread "main" [_thread_in_native, id=2860, stack(0x0000000002390000,0x0000000002490000)]

Other Threads:
  0x0000000013e16800 VMThread [stack: 0x0000000014880000,0x0000000014980000] [id=2204]
  0x0000000013ee9800 WatcherThread [stack: 0x0000000015560000,0x0000000015660000] [id=2620]

VM state:not at safepoint (normal execution)

VM Mutex/Monitor currently owned by a thread: None

Heap:
 PSYoungGen      total 25088K, used 23536K [0x00000000f1600000, 0x00000000f4700000, 0x0000000100000000)
  eden space 23552K, 93% used [0x00000000f1600000,0x00000000f2b80428,0x00000000f2d00000)
  from space 1536K, 98% used [0x00000000f4580000,0x00000000f46fbc40,0x00000000f4700000)
  to   space 1536K, 0% used [0x00000000f2d00000,0x00000000f2d00000,0x00000000f2e80000)
 ParOldGen       total 30208K, used 7908K [0x00000000d4200000, 0x00000000d5f80000, 0x00000000f1600000)
  object space 30208K, 26% used [0x00000000d4200000,0x00000000d49b91c8,0x00000000d5f80000)
 Metaspace       used 16635K, capacity 16888K, committed 17280K, reserved 1064960K
  class space    used 2276K, capacity 2346K, committed 2432K, reserved 1048576K

Card table byte_map: [0x0000000011950000,0x0000000011ab0000] byte_map_base: 0x00000000112af000

Marking Bits: (ParMarkBitMap*) 0x000000005ec9a6d0
 Begin Bits: [0x0000000011da0000, 0x0000000012898000)
 End Bits:   [0x0000000012898000, 0x0000000013390000)

Polling page: 0x0000000002150000

CodeCache: size=245760Kb used=4131Kb max_used=4131Kb free=241628Kb
 bounds [0x0000000002590000, 0x00000000029a0000, 0x0000000011590000]
 total_blobs=1508 nmethods=1147 adapters=274
 compilation: enabled

Compilation events (10 events):
Event: 19.972 Thread 0x0000000013e53000 1151       3       sun.reflect.ClassFileAssembler::emitByte (11 bytes)
Event: 19.972 Thread 0x0000000013e53000 nmethod 1151 0x000000000299a550 code [0x000000000299a6c0, 0x000000000299a888]
Event: 19.972 Thread 0x0000000013e53000 1152       3       sun.reflect.ByteVectorImpl::add (38 bytes)
Event: 19.972 Thread 0x0000000013e53000 nmethod 1152 0x000000000299a990 code [0x000000000299ab00, 0x000000000299ad28]
Event: 19.979 Thread 0x0000000013e53000 1153       3       sun.reflect.ClassFileAssembler::emitShort (24 bytes)
Event: 19.980 Thread 0x0000000013e53000 nmethod 1153 0x000000000299ae50 code [0x000000000299afe0, 0x000000000299b2f8]
Event: 19.980 Thread 0x0000000013e53000 1154       3       sun.reflect.ClassFileAssembler::cpi (22 bytes)
Event: 19.980 Thread 0x0000000013e53000 nmethod 1154 0x000000000299b4d0 code [0x000000000299b640, 0x000000000299b888]
Event: 20.022 Thread 0x0000000013e53000 1155       1       java.util.concurrent.atomic.AtomicReference::get (5 bytes)
Event: 20.023 Thread 0x0000000013e53000 nmethod 1155 0x000000000299b950 code [0x000000000299baa0, 0x000000000299bbb0]

GC Heap History (8 events):
Event: 6.171 GC heap before
{Heap before GC invocations=1 (full 0):
 PSYoungGen      total 13312K, used 11776K [0x00000000f1600000, 0x00000000f2480000, 0x0000000100000000)
  eden space 11776K, 100% used [0x00000000f1600000,0x00000000f2180000,0x00000000f2180000)
  from space 1536K, 0% used [0x00000000f2300000,0x00000000f2300000,0x00000000f2480000)
  to   space 1536K, 0% used [0x00000000f2180000,0x00000000f2180000,0x00000000f2300000)
 ParOldGen       total 30208K, used 0K [0x00000000d4200000, 0x00000000d5f80000, 0x00000000f1600000)
  object space 30208K, 0% used [0x00000000d4200000,0x00000000d4200000,0x00000000d5f80000)
 Metaspace       used 5508K, capacity 5808K, committed 5888K, reserved 1056768K
  class space    used 698K, capacity 768K, committed 768K, reserved 1048576K
Event: 6.316 GC heap after
Heap after GC invocations=1 (full 0):
 PSYoungGen      total 13312K, used 1506K [0x00000000f1600000, 0x00000000f3000000, 0x0000000100000000)
  eden space 11776K, 0% used [0x00000000f1600000,0x00000000f1600000,0x00000000f2180000)
  from space 1536K, 98% used [0x00000000f2180000,0x00000000f22f8ae0,0x00000000f2300000)
  to   space 1536K, 0% used [0x00000000f2e80000,0x00000000f2e80000,0x00000000f3000000)
 ParOldGen       total 30208K, used 784K [0x00000000d4200000, 0x00000000d5f80000, 0x00000000f1600000)
  object space 30208K, 2% used [0x00000000d4200000,0x00000000d42c4150,0x00000000d5f80000)
 Metaspace       used 5508K, capacity 5808K, committed 5888K, reserved 1056768K
  class space    used 698K, capacity 768K, committed 768K, reserved 1048576K
}
Event: 11.908 GC heap before
{Heap before GC invocations=2 (full 0):
 PSYoungGen      total 13312K, used 13282K [0x00000000f1600000, 0x00000000f3000000, 0x0000000100000000)
  eden space 11776K, 100% used [0x00000000f1600000,0x00000000f2180000,0x00000000f2180000)
  from space 1536K, 98% used [0x00000000f2180000,0x00000000f22f8ae0,0x00000000f2300000)
  to   space 1536K, 0% used [0x00000000f2e80000,0x00000000f2e80000,0x00000000f3000000)
 ParOldGen       total 30208K, used 784K [0x00000000d4200000, 0x00000000d5f80000, 0x00000000f1600000)
  object space 30208K, 2% used [0x00000000d4200000,0x00000000d42c4150,0x00000000d5f80000)
 Metaspace       used 8205K, capacity 8372K, committed 8576K, reserved 1056768K
  class space    used 1079K, capacity 1152K, committed 1152K, reserved 1048576K
Event: 11.915 GC heap after
Heap after GC invocations=2 (full 0):
 PSYoungGen      total 25088K, used 1536K [0x00000000f1600000, 0x00000000f3000000, 0x0000000100000000)
  eden space 23552K, 0% used [0x00000000f1600000,0x00000000f1600000,0x00000000f2d00000)
  from space 1536K, 100% used [0x00000000f2e80000,0x00000000f3000000,0x00000000f3000000)
  to   space 1536K, 0% used [0x00000000f2d00000,0x00000000f2d00000,0x00000000f2e80000)
 ParOldGen       total 30208K, used 2528K [0x00000000d4200000, 0x00000000d5f80000, 0x00000000f1600000)
  object space 30208K, 8% used [0x00000000d4200000,0x00000000d4478098,0x00000000d5f80000)
 Metaspace       used 8205K, capacity 8372K, committed 8576K, reserved 1056768K
  class space    used 1079K, capacity 1152K, committed 1152K, reserved 1048576K
}
Event: 13.471 GC heap before
{Heap before GC invocations=3 (full 0):
 PSYoungGen      total 25088K, used 25088K [0x00000000f1600000, 0x00000000f3000000, 0x0000000100000000)
  eden space 23552K, 100% used [0x00000000f1600000,0x00000000f2d00000,0x00000000f2d00000)
  from space 1536K, 100% used [0x00000000f2e80000,0x00000000f3000000,0x00000000f3000000)
  to   space 1536K, 0% used [0x00000000f2d00000,0x00000000f2d00000,0x00000000f2e80000)
 ParOldGen       total 30208K, used 2528K [0x00000000d4200000, 0x00000000d5f80000, 0x00000000f1600000)
  object space 30208K, 8% used [0x00000000d4200000,0x00000000d4478098,0x00000000d5f80000)
 Metaspace       used 8737K, capacity 9004K, committed 9216K, reserved 1056768K
  class space    used 1167K, capacity 1256K, committed 1280K, reserved 1048576K
Event: 13.479 GC heap after
Heap after GC invocations=3 (full 0):
 PSYoungGen      total 25088K, used 1504K [0x00000000f1600000, 0x00000000f4700000, 0x0000000100000000)
  eden space 23552K, 0% used [0x00000000f1600000,0x00000000f1600000,0x00000000f2d00000)
  from space 1536K, 97% used [0x00000000f2d00000,0x00000000f2e78020,0x00000000f2e80000)
  to   space 1536K, 0% used [0x00000000f4580000,0x00000000f4580000,0x00000000f4700000)
 ParOldGen       total 30208K, used 4133K [0x00000000d4200000, 0x00000000d5f80000, 0x00000000f1600000)
  object space 30208K, 13% used [0x00000000d4200000,0x00000000d4609690,0x00000000d5f80000)
 Metaspace       used 8737K, capacity 9004K, committed 9216K, reserved 1056768K
  class space    used 1167K, capacity 1256K, committed 1280K, reserved 1048576K
}
Event: 17.061 GC heap before
{Heap before GC invocations=4 (full 0):
 PSYoungGen      total 25088K, used 25056K [0x00000000f1600000, 0x00000000f4700000, 0x0000000100000000)
  eden space 23552K, 100% used [0x00000000f1600000,0x00000000f2d00000,0x00000000f2d00000)
  from space 1536K, 97% used [0x00000000f2d00000,0x00000000f2e78020,0x00000000f2e80000)
  to   space 1536K, 0% used [0x00000000f4580000,0x00000000f4580000,0x00000000f4700000)
 ParOldGen       total 30208K, used 4133K [0x00000000d4200000, 0x00000000d5f80000, 0x00000000f1600000)
  object space 30208K, 13% used [0x00000000d4200000,0x00000000d4609690,0x00000000d5f80000)
 Metaspace       used 12229K, capacity 12460K, committed 12544K, reserved 1060864K
  class space    used 1688K, capacity 1768K, committed 1792K, reserved 1048576K
Event: 17.072 GC heap after
Heap after GC invocations=4 (full 0):
 PSYoungGen      total 25088K, used 1519K [0x00000000f1600000, 0x00000000f4700000, 0x0000000100000000)
  eden space 23552K, 0% used [0x00000000f1600000,0x00000000f1600000,0x00000000f2d00000)
  from space 1536K, 98% used [0x00000000f4580000,0x00000000f46fbc40,0x00000000f4700000)
  to   space 1536K, 0% used [0x00000000f2d00000,0x00000000f2d00000,0x00000000f2e80000)
 ParOldGen       total 30208K, used 7908K [0x00000000d4200000, 0x00000000d5f80000, 0x00000000f1600000)
  object space 30208K, 26% used [0x00000000d4200000,0x00000000d49b91c8,0x00000000d5f80000)
 Metaspace       used 12229K, capacity 12460K, committed 12544K, reserved 1060864K
  class space    used 1688K, capacity 1768K, committed 1792K, reserved 1048576K
}

Deoptimization events (10 events):
Event: 15.984 Thread 0x000000000238e000 Uncommon trap: reason=bimorphic action=maybe_recompile pc=0x0000000002834988 method=java.util.HashMap.putVal(ILjava/lang/Object;Ljava/lang/Object;ZZ)Ljava/lang/Object; @ 203
Event: 15.994 Thread 0x000000000238e000 Uncommon trap: reason=bimorphic action=maybe_recompile pc=0x0000000002834988 method=java.util.HashMap.putVal(ILjava/lang/Object;Ljava/lang/Object;ZZ)Ljava/lang/Object; @ 203
Event: 15.994 Thread 0x000000000238e000 Uncommon trap: reason=bimorphic action=maybe_recompile pc=0x0000000002834988 method=java.util.HashMap.putVal(ILjava/lang/Object;Ljava/lang/Object;ZZ)Ljava/lang/Object; @ 203
Event: 18.764 Thread 0x000000000238e000 Uncommon trap: reason=bimorphic action=maybe_recompile pc=0x000000000280f388 method=java.util.HashMap.putVal(ILjava/lang/Object;Ljava/lang/Object;ZZ)Ljava/lang/Object; @ 203
Event: 19.235 Thread 0x000000000238e000 Uncommon trap: reason=class_check action=maybe_recompile pc=0x000000000297dab4 method=org.gradle.internal.service.DefaultServiceRegistry$SingletonService.getService(Lorg/gradle/internal/service/DefaultServiceRegistry$LookupContext;Lorg/gradle/internal/serv+ï'+<3@
Event: 19.235 Thread 0x000000000238e000 Uncommon trap: reason=class_check action=maybe_recompile pc=0x000000000297dab4 method=org.gradle.internal.service.DefaultServiceRegistry$SingletonService.getService(Lorg/gradle/internal/service/DefaultServiceRegistry$LookupContext;Lorg/gradle/internal/serv
Event: 19.235 Thread 0x000000000238e000 Uncommon trap: reason=class_check action=maybe_recompile pc=0x000000000297dab4 method=org.gradle.internal.service.DefaultServiceRegistry$SingletonService.getService(Lorg/gradle/internal/service/DefaultServiceRegistry$LookupContext;Lorg/gradle/internal/servÛ²n2<3@
Event: 19.235 Thread 0x000000000238e000 Uncommon trap: reason=class_check action=maybe_recompile pc=0x000000000297dab4 method=org.gradle.internal.service.DefaultServiceRegistry$SingletonService.getService(Lorg/gradle/internal/service/DefaultServiceRegistry$LookupContext;Lorg/gradle/internal/servíú‰‘°ƒ3@
Event: 19.514 Thread 0x000000000238e000 Uncommon trap: reason=unstable_if action=reinterpret pc=0x0000000002860c44 method=java.lang.AbstractStringBuilder.append(Ljava/lang/String;)Ljava/lang/AbstractStringBuilder; @ 1
Event: 19.516 Thread 0x000000000238e000 Uncommon trap: reason=unstable_if action=reinterpret pc=0x00000000027b4218 method=java.lang.AbstractStringBuilder.append(Ljava/lang/String;)Ljava/lang/AbstractStringBuilder; @ 1

Internal exceptions (10 events):
Event: 18.732 Thread 0x000000000238e000 Exception <a 'java/lang/ClassNotFoundException': java/lang/ObjectBeanInfo> (0x00000000f1b46ab8) thrown at [C:\re\workspace\8-2-build-windows-amd64-cygwin\jdk8u101\7261\hotspot\src\share\vm\classfile\systemDictionary.cpp, line 210]
Event: 18.733 Thread 0x000000000238e000 Exception <a 'java/lang/ClassNotFoundException': java/lang/ObjectCustomizer> (0x00000000f1b4bb88) thrown at [C:\re\workspace\8-2-build-windows-amd64-cygwin\jdk8u101\7261\hotspot\src\share\vm\classfile\systemDictionary.cpp, line 210]
Event: 18.755 Thread 0x000000000238e000 Exception <a 'java/lang/ClassNotFoundException': groovy/lang/MetaClassImplCustomizer> (0x00000000f1b5e5a8) thrown at [C:\re\workspace\8-2-build-windows-amd64-cygwin\jdk8u101\7261\hotspot\src\share\vm\classfile\systemDictionary.cpp, line 210]
Event: 18.761 Thread 0x000000000238e000 Exception <a 'java/lang/ClassNotFoundException': groovy/lang/ExpandoMetaClassCustomizer> (0x00000000f1b92208) thrown at [C:\re\workspace\8-2-build-windows-amd64-cygwin\jdk8u101\7261\hotspot\src\share\vm\classfile\systemDictionary.cpp, line 210]
Event: 18.787 Thread 0x000000000238e000 Exception <a 'java/lang/ClassNotFoundException': org/gradle/api/internal/plugins/DefaultExtraPropertiesExtensionBeanInfo> (0x00000000f1c127d8) thrown at [C:\re\workspace\8-2-build-windows-amd64-cygwin\jdk8u101\7261\hotspot\src\share\vm\classfile\systemDictUñ+ŠÉ2@
Event: 18.787 Thread 0x000000000238e000 Exception <a 'java/lang/ClassNotFoundException': groovy/lang/GroovyObjectSupportBeanInfo> (0x00000000f1c1e610) thrown at [C:\re\workspace\8-2-build-windows-amd64-cygwin\jdk8u101\7261\hotspot\src\share\vm\classfile\systemDictionary.cpp, line 210]
Event: 18.788 Thread 0x000000000238e000 Exception <a 'java/lang/ClassNotFoundException': groovy/lang/GroovyObjectSupportCustomizer> (0x00000000f1c2a7d0) thrown at [C:\re\workspace\8-2-build-windows-amd64-cygwin\jdk8u101\7261\hotspot\src\share\vm\classfile\systemDictionary.cpp, line 210]
Event: 18.789 Thread 0x000000000238e000 Exception <a 'java/lang/ClassNotFoundException': org/gradle/api/internal/plugins/DefaultExtraPropertiesExtensionCustomizer> (0x00000000f1c40c10) thrown at [C:\re\workspace\8-2-build-windows-amd64-cygwin\jdk8u101\7261\hotspot\src\share\vm\classfile\systemDi ƒ®ƒ3@
Event: 19.514 Thread 0x000000000238e000 Implicit null exception at 0x00000000028608d4 to 0x0000000002860c2d
Event: 19.516 Thread 0x000000000238e000 Implicit null exception at 0x00000000027b3ed6 to 0x00000000027b4201

Events (10 events):
Event: 19.972 loading class sun/reflect/Label
Event: 19.972 loading class sun/reflect/Label done
Event: 19.972 loading class sun/reflect/Label$PatchInfo
Event: 19.972 loading class sun/reflect/Label$PatchInfo done
Event: 19.976 loading class sun/reflect/MethodAccessorGenerator$1
Event: 19.976 loading class sun/reflect/MethodAccessorGenerator$1 done
Event: 19.976 loading class sun/reflect/ClassDefiner
Event: 19.976 loading class sun/reflect/ClassDefiner done
Event: 19.976 loading class sun/reflect/ClassDefiner$1
Event: 19.976 loading class sun/reflect/ClassDefiner$1 done


Dynamic libraries:
0x00007ff6f50f0000 - 0x00007ff6f5127000 	C:\Program Files\Java\jdk1.8.0_101\bin\java.exe
0x00007ff9429d0000 - 0x00007ff942b92000 	C:\WINDOWS\SYSTEM32\ntdll.dll
0x00007ff942600000 - 0x00007ff9426ad000 	C:\WINDOWS\system32\KERNEL32.DLL
0x00007ff93f4f0000 - 0x00007ff93f6cd000 	C:\WINDOWS\system32\KERNELBASE.dll
0x00007ff9421d0000 - 0x00007ff942276000 	C:\WINDOWS\system32\ADVAPI32.dll
0x00007ff942930000 - 0x00007ff9429cd000 	C:\WINDOWS\system32\msvcrt.dll
0x00007ff9401a0000 - 0x00007ff9401fb000 	C:\WINDOWS\system32\sechost.dll
0x00007ff942280000 - 0x00007ff9423a6000 	C:\WINDOWS\system32\RPCRT4.dll
0x00007ff941ef0000 - 0x00007ff94203e000 	C:\WINDOWS\system32\USER32.dll
0x00007ff940200000 - 0x00007ff940383000 	C:\WINDOWS\system32\GDI32.dll
0x00007ff9369d0000 - 0x00007ff936c44000 	C:\WINDOWS\WinSxS\amd64_microsoft.windows.common-controls_6595b64144ccf1df_6.0.10240.17184_none_f41d7a705752bce6\COMCTL32.dll
0x00007ff9423b0000 - 0x00007ff9423e6000 	C:\WINDOWS\system32\IMM32.DLL
0x00007ff9418c0000 - 0x00007ff941a1c000 	C:\WINDOWS\system32\MSCTF.dll
0x000000005ed20000 - 0x000000005edf2000 	C:\Program Files\Java\jdk1.8.0_101\jre\bin\msvcr100.dll
0x000000005e480000 - 0x000000005ed1a000 	C:\Program Files\Java\jdk1.8.0_101\jre\bin\server\jvm.dll
0x00007ff942050000 - 0x00007ff942058000 	C:\WINDOWS\system32\PSAPI.DLL
0x00007ff9377f0000 - 0x00007ff9377f9000 	C:\WINDOWS\SYSTEM32\WSOCK32.dll
0x00007ff941db0000 - 0x00007ff941e19000 	C:\WINDOWS\system32\WS2_32.dll
0x00007ff942040000 - 0x00007ff942048000 	C:\WINDOWS\system32\NSI.dll
0x00007ff9351d0000 - 0x00007ff9351da000 	C:\WINDOWS\SYSTEM32\VERSION.dll
0x00007ff93da80000 - 0x00007ff93daa3000 	C:\WINDOWS\SYSTEM32\WINMM.dll
0x00007ff93da20000 - 0x00007ff93da4c000 	C:\WINDOWS\SYSTEM32\WINMMBASE.dll
0x00007ff93f6d0000 - 0x00007ff93f714000 	C:\WINDOWS\system32\cfgmgr32.dll
0x00007ff93dd70000 - 0x00007ff93dd97000 	C:\WINDOWS\SYSTEM32\DEVOBJ.dll
0x000000005e470000 - 0x000000005e47f000 	C:\Program Files\Java\jdk1.8.0_101\jre\bin\verify.dll
0x000000005e440000 - 0x000000005e469000 	C:\Program Files\Java\jdk1.8.0_101\jre\bin\java.dll
0x000000005e420000 - 0x000000005e436000 	C:\Program Files\Java\jdk1.8.0_101\jre\bin\zip.dll
0x00007ff940390000 - 0x00007ff9418b3000 	C:\WINDOWS\system32\SHELL32.dll
0x00007ff93f7d0000 - 0x00007ff93fdf9000 	C:\WINDOWS\system32\windows.storage.dll
0x00007ff9426b0000 - 0x00007ff94292c000 	C:\WINDOWS\system32\combase.dll
0x00007ff941d50000 - 0x00007ff941da1000 	C:\WINDOWS\system32\shlwapi.dll
0x00007ff93f460000 - 0x00007ff93f46f000 	C:\WINDOWS\system32\kernel.appcore.dll
0x00007ff93fe00000 - 0x00007ff93feb3000 	C:\WINDOWS\system32\shcore.dll
0x00007ff93f3f0000 - 0x00007ff93f43a000 	C:\WINDOWS\system32\powrprof.dll
0x00007ff93f470000 - 0x00007ff93f483000 	C:\WINDOWS\system32\profapi.dll
0x000000005e400000 - 0x000000005e41a000 	C:\Program Files\Java\jdk1.8.0_101\jre\bin\net.dll
0x00007ff93ec60000 - 0x00007ff93ecbd000 	C:\WINDOWS\system32\mswsock.dll
0x000000005e3e0000 - 0x000000005e3f1000 	C:\Program Files\Java\jdk1.8.0_101\jre\bin\nio.dll
0x00007ff932340000 - 0x00007ff932352000 	C:\Users\muammar furqon\.gradle\native\19\windows-amd64\native-platform.dll
0x0000000180000000 - 0x0000000180037000 	C:\Users\muammar furqon\.gradle\native\jna\win32-amd64\jnidispatch.dll
0x00007ff93ecc0000 - 0x00007ff93ecd7000 	C:\WINDOWS\SYSTEM32\CRYPTSP.dll
0x00007ff93ef30000 - 0x00007ff93ef58000 	C:\WINDOWS\SYSTEM32\bcrypt.dll
0x00007ff93e910000 - 0x00007ff93e943000 	C:\WINDOWS\system32\rsaenh.dll
0x00007ff93ea00000 - 0x00007ff93ea1f000 	C:\WINDOWS\SYSTEM32\USERENV.dll
0x00007ff93f240000 - 0x00007ff93f2ab000 	C:\WINDOWS\system32\bcryptprimitives.dll
0x00007ff93ee30000 - 0x00007ff93ee3b000 	C:\WINDOWS\SYSTEM32\CRYPTBASE.dll
0x00007ff93c900000 - 0x00007ff93c938000 	C:\WINDOWS\SYSTEM32\IPHLPAPI.DLL
0x00007ff93c8f0000 - 0x00007ff93c8fb000 	C:\WINDOWS\SYSTEM32\WINNSI.DLL
0x00007ff93b060000 - 0x00007ff93b076000 	C:\WINDOWS\SYSTEM32\dhcpcsvc6.DLL
0x00007ff93b040000 - 0x00007ff93b05a000 	C:\WINDOWS\SYSTEM32\dhcpcsvc.DLL
0x000000005e3d0000 - 0x000000005e3dd000 	C:\Program Files\Java\jdk1.8.0_101\jre\bin\management.dll

VM Arguments:
jvm_args: -Dorg.gradle.appname=gradlew 
java_command: org.gradle.wrapper.GradleWrapperMain installDebug
java_class_path (initial): E:\BootArk\CobaReact\CobaReact\android\\gradle\wrapper\gradle-wrapper.jar
Launcher Type: SUN_STANDARD

Environment Variables:
JAVA_HOME=C:\Program Files\Java\jdk1.8.0_101
CLASSPATH=E:\BootArk\CobaReact\CobaReact\android\\gradle\wrapper\gradle-wrapper.jar
PATH=C:\Users\muammar furqon\AppData\Roaming\npm;C:\Program Files\nodejs\;C:\oraclexe\app\oracle\product\11.2.0\server\bin;;C:\ProgramData\Oracle\Java\javapath;C:\WINDOWS\system32;C:\WINDOWS;C:\WINDOWS\System32\Wbem;C:\WINDOWS\System32\WindowsPowerShell\v1.0\;C:\Program Files\Microsoft SQL Server\Client SDK\ODBC\110\Tools\Binn\;C:\Program Files (x86)\Microsoft SQL Server\120\Tools\Binn\;C:\Program Files\Microsoft SQL Server\120\Tools\Binn\;C:\Program Files\Microsoft SQL Server\120\DTS\Binn\;C:\Program Files\nodejs\;C:\Program Files\Microsoft SQL Server\110\Tools\Binn\;c:\Program Files (x86)\Microsoft SQL Server\110\Tools\Binn\ManagementStudio\;c:\Program Files (x86)\Microsoft SQL Server\110\Tools\Binn\;c:\Program Files (x86)\Microsoft SQL Server\110\DTS\Binn\;C:\Program Files\Git\;C:\Program Files\Git\bin\;E:\BootArk\Sdk\platform-tools;C:\Users\muammar furqon\AppData\Roaming\npm;C:\Users\muammar furqon\AppData\Local\Android\Sdk\platform-tools
USERNAME=muammar furqon
OS=Windows_NT
PROCESSOR_IDENTIFIER=Intel64 Family 6 Model 37 Stepping 2, GenuineIntel



---------------  S Y S T E M  ---------------

OS: Windows 10.0 , 64 bit Build 10240 (10.0.10240.17113)

CPU:total 2 (2 cores per cpu, 1 threads per core) family 6 model 37 stepping 2, cmov, cx8, fxsr, mmx, sse, sse2, sse3, ssse3, popcnt, tsc, tscinvbit

Memory: 4k page, physical 2871812k(242808k free), swap 4986724k(5008k free)

vm_info: Java HotSpot(TM) 64-Bit Server VM (25.101-b13) for windows-amd64 JRE (1.8.0_101-b13), built on Jun 22 2016 01:21:29 by "java_re" with MS VC++ 10.0 (VS2010)

time: Sat Apr 14 13:12:28 2018
elapsed time: 20 seconds (0d 0h 0m 20s)

