#
# There is insufficient memory for the Java Runtime Environment to continue.
# Native memory allocation (malloc) failed to allocate 32744 bytes for ChunkPool::allocate
# Possible reasons:
#   The system is out of physical RAM or swap space
#   In 32 bit mode, the process size limit was hit
# Possible solutions:
#   Reduce memory load on the system
#   Increase physical memory or swap space
#   Check if swap backing store is full
#   Use 64 bit Java on a 64 bit OS
#   Decrease Java heap size (-Xmx/-Xms)
#   Decrease number of Java threads
#   Decrease Java thread stack sizes (-Xss)
#   Set larger code cache with -XX:ReservedCodeCacheSize=
# This output file may be truncated or incomplete.
#
#  Out of Memory Error (allocation.cpp:273), pid=5576, tid=0x0000000000001204
#
# JRE version: Java(TM) SE Runtime Environment (8.0_101-b13) (build 1.8.0_101-b13)
# Java VM: Java HotSpot(TM) 64-Bit Server VM (25.101-b13 mixed mode windows-amd64 compressed oops)
# Failed to write core dump. Minidumps are not enabled by default on client versions of Windows
#

---------------  T H R E A D  ---------------

Current thread (0x0000000001dfe000):  JavaThread "main" [_thread_in_vm, id=4612, stack(0x0000000001e00000,0x0000000001f00000)]

Stack: [0x0000000001e00000,0x0000000001f00000]
[error occurred during error reporting (printing stack bounds), id 0xc0000005]

Native frames: (J=compiled Java code, j=interpreted, Vv=VM code, C=native code)

Java frames: (J=compiled Java code, j=interpreted, Vv=VM code)
j  com.google.wireless.android.sdk.stats.AndroidStudioStats$GradleBuildProfileSpan.newBuilder()Lcom/google/wireless/android/sdk/stats/AndroidStudioStats$GradleBuildProfileSpan$Builder;+0
j  com.android.builder.profile.ThreadRecorder.record(Lcom/google/wireless/android/sdk/stats/AndroidStudioStats$GradleBuildProfileSpan$ExecutionType;Lcom/google/wireless/android/sdk/stats/AndroidStudioStats$GradleTransformExecution;Ljava/lang/String;Ljava/lang/String;Lcom/android/builder/profile/Recorder$Block;)Ljava/lang/Object;+30
j  com.android.builder.profile.ThreadRecorder.record(Lcom/google/wireless/android/sdk/stats/AndroidStudioStats$GradleBuildProfileSpan$ExecutionType;Ljava/lang/String;Ljava/lang/String;Lcom/android/builder/profile/Recorder$Block;)Ljava/lang/Object;+7
j  com.android.build.gradle.BasePlugin.apply(Lorg/gradle/api/Project;)V+141
j  com.android.build.gradle.AppPlugin.apply(Lorg/gradle/api/Project;)V+2
j  com.android.build.gradle.AppPlugin.apply(Ljava/lang/Object;)V+5
j  org.gradle.api.internal.plugins.ImperativeOnlyPluginApplicator.applyImperative(Ljava/lang/String;Lorg/gradle/api/Plugin;)V+13
j  org.gradle.api.internal.plugins.RuleBasedPluginApplicator.applyImperative(Ljava/lang/String;Lorg/gradle/api/Plugin;)V+6
j  org.gradle.api.internal.plugins.DefaultPluginManager.doApply(Lorg/gradle/api/internal/plugins/PluginImplementation;)V+157
j  org.gradle.api.internal.plugins.DefaultPluginManager.apply(Ljava/lang/String;)V+52
j  org.gradle.api.internal.plugins.DefaultObjectConfigurationAction.applyType(Ljava/lang/String;)V+43
j  org.gradle.api.internal.plugins.DefaultObjectConfigurationAction.access$200(Lorg/gradle/api/internal/plugins/DefaultObjectConfigurationAction;Ljava/lang/String;)V+2
j  org.gradle.api.internal.plugins.DefaultObjectConfigurationAction$3.run()V+8
j  org.gradle.api.internal.plugins.DefaultObjectConfigurationAction.execute()V+58
j  org.gradle.api.internal.project.AbstractPluginAware.apply(Ljava/util/Map;)V+12
j  org.gradle.api.internal.project.ProjectScript.apply(Ljava/util/Map;)V+5
j  org.gradle.api.Script$apply$0.callCurrent(Lgroovy/lang/GroovyObject;[Ljava/lang/Object;)Ljava/lang/Object;+19
j  org.codehaus.groovy.runtime.callsite.CallSiteArray.defaultCallCurrent(Lorg/codehaus/groovy/runtime/callsite/CallSite;Lgroovy/lang/GroovyObject;[Ljava/lang/Object;)Ljava/lang/Object;+17
j  org.codehaus.groovy.runtime.callsite.AbstractCallSite.callCurrent(Lgroovy/lang/GroovyObject;[Ljava/lang/Object;)Ljava/lang/Object;+3
j  org.codehaus.groovy.runtime.callsite.AbstractCallSite.callCurrent(Lgroovy/lang/GroovyObject;Ljava/lang/Object;)Ljava/lang/Object;+33
j  build_dzv6gfhu35tzsxoe362swmj7m.run()Ljava/lang/Object;+26
j  org.gradle.groovy.scripts.internal.DefaultScriptRunnerFactory$ScriptRunnerImpl.run(Ljava/lang/Object;Lorg/gradle/internal/service/ServiceRegistry;)V+60
j  org.gradle.configuration.DefaultScriptPluginFactory$ScriptPluginImpl$2.run()V+12
j  org.gradle.configuration.ProjectScriptTarget.addConfiguration(Ljava/lang/Runnable;Z)V+18
j  org.gradle.configuration.DefaultScriptPluginFactory$ScriptPluginImpl.apply(Ljava/lang/Object;)V+541
j  org.gradle.configuration.project.BuildScriptProcessor.execute(Lorg/gradle/api/internal/project/ProjectInternal;)V+67
j  org.gradle.configuration.project.BuildScriptProcessor.execute(Ljava/lang/Object;)V+5
j  org.gradle.configuration.project.ConfigureActionsProjectEvaluator.evaluate(Lorg/gradle/api/internal/project/ProjectInternal;Lorg/gradle/api/internal/project/ProjectStateInternal;)V+33
j  org.gradle.configuration.project.LifecycleProjectEvaluator.evaluate(Lorg/gradle/api/internal/project/ProjectInternal;Lorg/gradle/api/internal/project/ProjectStateInternal;)V+54
j  org.gradle.api.internal.project.AbstractProject.evaluate()Lorg/gradle/api/internal/project/AbstractProject;+9
j  org.gradle.api.internal.project.AbstractProject.evaluate()Lorg/gradle/api/Project;+1
j  org.gradle.execution.TaskPathProjectEvaluator.configureHierarchy(Lorg/gradle/api/internal/project/ProjectInternal;)V+82
j  org.gradle.configuration.DefaultBuildConfigurer.configure(Lorg/gradle/api/internal/GradleInternal;)V+50
j  org.gradle.initialization.DefaultGradleLauncher$2.run()V+14
j  org.gradle.internal.Factories$1.create()Ljava/lang/Object;+4
j  org.gradle.internal.progress.DefaultBuildOperationExecutor.run(Lorg/gradle/internal/progress/BuildOperationDetails;Lorg/gradle/internal/Factory;)Ljava/lang/Object;+171
j  org.gradle.internal.progress.DefaultBuildOperationExecutor.run(Ljava/lang/String;Ljava/lang/Runnable;)V+12
j  org.gradle.initialization.DefaultGradleLauncher.doBuildStages(Lorg/gradle/initialization/DefaultGradleLauncher$Stage;)V+39
j  org.gradle.initialization.DefaultGradleLauncher.access$200(Lorg/gradle/initialization/DefaultGradleLauncher;Lorg/gradle/initialization/DefaultGradleLauncher$Stage;)V+2
j  org.gradle.initialization.DefaultGradleLauncher$1.create()Lorg/gradle/BuildResult;+29
j  org.gradle.initialization.DefaultGradleLauncher$1.create()Ljava/lang/Object;+1
j  org.gradle.internal.progress.DefaultBuildOperationExecutor.run(Lorg/gradle/internal/progress/BuildOperationDetails;Lorg/gradle/internal/Factory;)Ljava/lang/Object;+171
j  org.gradle.internal.progress.DefaultBuildOperationExecutor.run(Ljava/lang/String;Lorg/gradle/internal/Factory;)Ljava/lang/Object;+9
j  org.gradle.initialization.DefaultGradleLauncher.doBuild(Lorg/gradle/initialization/DefaultGradleLauncher$Stage;)Lorg/gradle/BuildResult;+15
j  org.gradle.initialization.DefaultGradleLauncher.run()Lorg/gradle/BuildResult;+4
j  org.gradle.launcher.exec.InProcessBuildActionExecuter$DefaultBuildController.run()Lorg/gradle/api/internal/GradleInternal;+4
j  org.gradle.tooling.internal.provider.ExecuteBuildActionRunner.run(Lorg/gradle/internal/invocation/BuildAction;Lorg/gradle/internal/invocation/BuildController;)V+8
j  org.gradle.launcher.exec.ChainingBuildActionRunner.run(Lorg/gradle/internal/invocation/BuildAction;Lorg/gradle/internal/invocation/BuildController;)V+34
j  org.gradle.launcher.exec.InProcessBuildActionExecuter.execute(Lorg/gradle/internal/invocation/BuildAction;Lorg/gradle/initialization/BuildRequestContext;Lorg/gradle/launcher/exec/BuildActionParameters;Lorg/gradle/internal/service/ServiceRegistry;)Ljava/lang/Object;+77
j  org.gradle.launcher.exec.InProcessBuildActionExecuter.execute(Lorg/gradle/internal/invocation/BuildAction;Lorg/gradle/initialization/BuildRequestContext;Ljava/lang/Object;Lorg/gradle/internal/service/ServiceRegistry;)Ljava/lang/Object;+9
j  org.gradle.launcher.exec.ContinuousBuildActionExecuter.execute(Lorg/gradle/internal/invocation/BuildAction;Lorg/gradle/initialization/BuildRequestContext;Lorg/gradle/launcher/exec/BuildActionParameters;Lorg/gradle/internal/service/ServiceRegistry;)Ljava/lang/Object;+114
j  org.gradle.launcher.exec.ContinuousBuildActionExecuter.execute(Lorg/gradle/internal/invocation/BuildAction;Lorg/gradle/initialization/BuildRequestContext;Ljava/lang/Object;Lorg/gradle/internal/service/ServiceRegistry;)Ljava/lang/Object;+9
j  org.gradle.launcher.exec.DaemonUsageSuggestingBuildActionExecuter.execute(Lorg/gradle/internal/invocation/BuildAction;Lorg/gradle/initialization/BuildRequestContext;Lorg/gradle/launcher/exec/BuildActionParameters;Lorg/gradle/internal/service/ServiceRegistry;)Ljava/lang/Object;+9
j  org.gradle.launcher.exec.DaemonUsageSuggestingBuildActionExecuter.execute(Lorg/gradle/internal/invocation/BuildAction;Lorg/gradle/initialization/BuildRequestContext;Ljava/lang/Object;Lorg/gradle/internal/service/ServiceRegistry;)Ljava/lang/Object;+9
j  org.gradle.launcher.cli.RunBuildAction.run()V+59
j  org.gradle.internal.Actions$RunnableActionAdapter.execute(Ljava/lang/Object;)V+4
j  org.gradle.launcher.cli.CommandLineActionFactory$ParseAndBuildAction.execute(Lorg/gradle/launcher/bootstrap/ExecutionListener;)V+124
j  org.gradle.launcher.cli.CommandLineActionFactory$ParseAndBuildAction.execute(Ljava/lang/Object;)V+5
j  org.gradle.launcher.cli.JavaRuntimeValidationAction.execute(Lorg/gradle/launcher/bootstrap/ExecutionListener;)V+23
j  org.gradle.launcher.cli.JavaRuntimeValidationAction.execute(Ljava/lang/Object;)V+5
j  org.gradle.launcher.cli.ExceptionReportingAction.execute(Lorg/gradle/launcher/bootstrap/ExecutionListener;)V+5
j  org.gradle.launcher.cli.ExceptionReportingAction.execute(Ljava/lang/Object;)V+5
j  org.gradle.launcher.cli.CommandLineActionFactory$WithLogging.execute(Lorg/gradle/launcher/bootstrap/ExecutionListener;)V+178
j  org.gradle.launcher.cli.CommandLineActionFactory$WithLogging.execute(Ljava/lang/Object;)V+5
j  org.gradle.launcher.Main.doAction([Ljava/lang/String;Lorg/gradle/launcher/bootstrap/ExecutionListener;)V+12
j  org.gradle.launcher.bootstrap.EntryPoint.run([Ljava/lang/String;)V+12
v  ~StubRoutines::call_stub
j  sun.reflect.NativeMethodAccessorImpl.invoke0(Ljava/lang/reflect/Method;Ljava/lang/Object;[Ljava/lang/Object;)Ljava/lang/Object;+0
j  sun.reflect.NativeMethodAccessorImpl.invoke(Ljava/lang/Object;[Ljava/lang/Object;)Ljava/lang/Object;+100
j  sun.reflect.DelegatingMethodAccessorImpl.invoke(Ljava/lang/Object;[Ljava/lang/Object;)Ljava/lang/Object;+6
j  java.lang.reflect.Method.invoke(Ljava/lang/Object;[Ljava/lang/Object;)Ljava/lang/Object;+56
j  org.gradle.launcher.bootstrap.ProcessBootstrap.runNoExit(Ljava/lang/String;[Ljava/lang/String;)V+139
j  org.gradle.launcher.bootstrap.ProcessBootstrap.run(Ljava/lang/String;[Ljava/lang/String;)V+3
j  org.gradle.launcher.GradleMain.main([Ljava/lang/String;)V+10
v  ~StubRoutines::call_stub
j  sun.reflect.NativeMethodAccessorImpl.invoke0(Ljava/lang/reflect/Method;Ljava/lang/Object;[Ljava/lang/Object;)Ljava/lang/Object;+0
j  sun.reflect.NativeMethodAccessorImpl.invoke(Ljava/lang/Object;[Ljava/lang/Object;)Ljava/lang/Object;+100
j  sun.reflect.DelegatingMethodAccessorImpl.invoke(Ljava/lang/Object;[Ljava/lang/Object;)Ljava/lang/Object;+6
j  java.lang.reflect.Method.invoke(Ljava/lang/Object;[Ljava/lang/Object;)Ljava/lang/Object;+56
j  org.gradle.wrapper.BootstrapMainStarter.start([Ljava/lang/String;Ljava/io/File;)V+82
j  org.gradle.wrapper.WrapperExecutor.execute([Ljava/lang/String;Lorg/gradle/wrapper/Install;Lorg/gradle/wrapper/BootstrapMainStarter;)V+14
j  org.gradle.wrapper.GradleWrapperMain.main([Ljava/lang/String;)V+190
v  ~StubRoutines::call_stub

---------------  P R O C E S S  ---------------

Java Threads: ( => current thread )
  0x0000000017b22800 JavaThread "File lock request listener" [_thread_in_native, id=6708, stack(0x0000000018b50000,0x0000000018c50000)]
  0x000000001643f000 JavaThread "pool-1-thread-1" [_thread_blocked, id=556, stack(0x00000000158d0000,0x00000000159d0000)]
  0x0000000013934000 JavaThread "Service Thread" daemon [_thread_blocked, id=8160, stack(0x0000000014ad0000,0x0000000014bd0000)]
  0x00000000138bd000 JavaThread "C1 CompilerThread1" daemon [_thread_blocked, id=3960, stack(0x00000000149d0000,0x0000000014ad0000)]
  0x00000000138b9800 JavaThread "C2 CompilerThread0" daemon [_thread_in_native, id=6248, stack(0x00000000148d0000,0x00000000149d0000)]
  0x00000000138b8000 JavaThread "Attach Listener" daemon [_thread_blocked, id=5656, stack(0x00000000147d0000,0x00000000148d0000)]
  0x00000000138b5800 JavaThread "Signal Dispatcher" daemon [_thread_blocked, id=8088, stack(0x00000000146d0000,0x00000000147d0000)]
  0x00000000138a8800 JavaThread "Finalizer" daemon [_thread_blocked, id=6240, stack(0x00000000144f0000,0x00000000145f0000)]
  0x0000000001fee000 JavaThread "Reference Handler" daemon [_thread_blocked, id=836, stack(0x00000000143f0000,0x00000000144f0000)]
=>0x0000000001dfe000 JavaThread "main" [_thread_in_vm, id=4612, stack(0x0000000001e00000,0x0000000001f00000)]

Other Threads:
  0x0000000013885800 VMThread [stack: 0x00000000142f0000,0x00000000143f0000] [id=6508]
  0x0000000013939000 WatcherThread [stack: 0x0000000014bd0000,0x0000000014cd0000] [id=5472]

VM state:not at safepoint (normal execution)

VM Mutex/Monitor currently owned by a thread: None

Heap:
 PSYoungGen      total 51200K, used 30298K [0x00000000f1600000, 0x00000000f5780000, 0x0000000100000000)
  eden space 44032K, 58% used [0x00000000f1600000,0x00000000f2f291f8,0x00000000f4100000)
  from space 7168K, 63% used [0x00000000f4100000,0x00000000f456d7a0,0x00000000f4800000)
  to   space 7168K, 0% used [0x00000000f5080000,0x00000000f5080000,0x00000000f5780000)
 ParOldGen       total 31232K, used 9799K [0x00000000d4200000, 0x00000000d6080000, 0x00000000f1600000)
  object space 31232K, 31% used [0x00000000d4200000,0x00000000d4b91ec8,0x00000000d6080000)
 Metaspace       used 29851K, capacity 30322K, committed 30720K, reserved 1075200K
  class space    used 4116K, capacity 4280K, committed 4352K, reserved 1048576K

Card table byte_map: [0x00000000113c0000,0x0000000011520000] byte_map_base: 0x0000000010d1f000

Marking Bits: (ParMarkBitMap*) 0x000000005ec9a6d0
 Begin Bits: [0x0000000011810000, 0x0000000012308000)
 End Bits:   [0x0000000012308000, 0x0000000012e00000)

Polling page: 0x0000000001d70000

CodeCache: size=245760Kb used=9537Kb max_used=9537Kb free=236222Kb
 bounds [0x0000000002000000, 0x0000000002970000, 0x0000000011000000]
 total_blobs=3151 nmethods=2496 adapters=568
 compilation: enabled

Compilation events (10 events):
Event: 17.742 Thread 0x00000000138bd000 2633       3       java.lang.invoke.MemberName::getName (25 bytes)
Event: 17.742 Thread 0x00000000138bd000 nmethod 2633 0x00000000022f8550 code [0x00000000022f86e0, 0x00000000022f8b08]
Event: 17.744 Thread 0x00000000138bd000 2634       3       jdk.internal.org.objectweb.asm.Type::getArgumentTypes (131 bytes)
Event: 17.744 Thread 0x00000000138bd000 nmethod 2634 0x00000000022f7710 code [0x00000000022f78e0, 0x00000000022f81b8]
Event: 17.745 Thread 0x00000000138bd000 2635       1       java.lang.invoke.MethodType::parameterType (7 bytes)
Event: 17.745 Thread 0x00000000138bd000 nmethod 2635 0x0000000002223810 code [0x0000000002223960, 0x0000000002223a90]
Event: 17.746 Thread 0x00000000138bd000 2636       3       java.lang.invoke.MethodType::toMethodDescriptorString (21 bytes)
Event: 17.747 Thread 0x00000000138bd000 nmethod 2636 0x00000000022b7e90 code [0x00000000022b80a0, 0x00000000022b8b98]
Event: 17.749 Thread 0x00000000138bd000 2637       3       sun.security.provider.SHA2::lf_S (11 bytes)
Event: 17.749 Thread 0x00000000138bd000 nmethod 2637 0x00000000022f5090 code [0x00000000022f51e0, 0x00000000022f5330]

GC Heap History (10 events):
Event: 6.325 GC heap before
{Heap before GC invocations=8 (full 0):
 PSYoungGen      total 27136K, used 27114K [0x00000000f1600000, 0x00000000f4e00000, 0x0000000100000000)
  eden space 22528K, 100% used [0x00000000f1600000,0x00000000f2c00000,0x00000000f2c00000)
  from space 4608K, 99% used [0x00000000f2c00000,0x00000000f307abe8,0x00000000f3080000)
  to   space 6144K, 0% used [0x00000000f4800000,0x00000000f4800000,0x00000000f4e00000)
 ParOldGen       total 30208K, used 8171K [0x00000000d4200000, 0x00000000d5f80000, 0x00000000f1600000)
  object space 30208K, 27% used [0x00000000d4200000,0x00000000d49fae00,0x00000000d5f80000)
 Metaspace       used 18882K, capacity 19152K, committed 19328K, reserved 1067008K
  class space    used 2559K, capacity 2669K, committed 2688K, reserved 1048576K
Event: 6.352 GC heap after
Heap after GC invocations=8 (full 0):
 PSYoungGen      total 50688K, used 5520K [0x00000000f1600000, 0x00000000f4f00000, 0x0000000100000000)
  eden space 44544K, 0% used [0x00000000f1600000,0x00000000f1600000,0x00000000f4180000)
  from space 6144K, 89% used [0x00000000f4800000,0x00000000f4d640e0,0x00000000f4e00000)
  to   space 6656K, 0% used [0x00000000f4180000,0x00000000f4180000,0x00000000f4800000)
 ParOldGen       total 30208K, used 8467K [0x00000000d4200000, 0x00000000d5f80000, 0x00000000f1600000)
  object space 30208K, 28% used [0x00000000d4200000,0x00000000d4a44e00,0x00000000d5f80000)
 Metaspace       used 18882K, capacity 19152K, committed 19328K, reserved 1067008K
  class space    used 2559K, capacity 2669K, committed 2688K, reserved 1048576K
}
Event: 7.503 GC heap before
{Heap before GC invocations=9 (full 0):
 PSYoungGen      total 50688K, used 26442K [0x00000000f1600000, 0x00000000f4f00000, 0x0000000100000000)
  eden space 44544K, 46% used [0x00000000f1600000,0x00000000f2a6e8a8,0x00000000f4180000)
  from space 6144K, 89% used [0x00000000f4800000,0x00000000f4d640e0,0x00000000f4e00000)
  to   space 6656K, 0% used [0x00000000f4180000,0x00000000f4180000,0x00000000f4800000)
 ParOldGen       total 30208K, used 8467K [0x00000000d4200000, 0x00000000d5f80000, 0x00000000f1600000)
  object space 30208K, 28% used [0x00000000d4200000,0x00000000d4a44e00,0x00000000d5f80000)
 Metaspace       used 20823K, capacity 21106K, committed 21248K, reserved 1067008K
  class space    used 2901K, capacity 2998K, committed 3072K, reserved 1048576K
Event: 7.532 GC heap after
Heap after GC invocations=9 (full 0):
 PSYoungGen      total 51200K, used 5646K [0x00000000f1600000, 0x00000000f4f00000, 0x0000000100000000)
  eden space 44544K, 0% used [0x00000000f1600000,0x00000000f1600000,0x00000000f4180000)
  from space 6656K, 84% used [0x00000000f4180000,0x00000000f4703b80,0x00000000f4800000)
  to   space 6144K, 0% used [0x00000000f4800000,0x00000000f4800000,0x00000000f4e00000)
 ParOldGen       total 30208K, used 9564K [0x00000000d4200000, 0x00000000d5f80000, 0x00000000f1600000)
  object space 30208K, 31% used [0x00000000d4200000,0x00000000d4b571a0,0x00000000d5f80000)
 Metaspace       used 20823K, capacity 21106K, committed 21248K, reserved 1067008K
  class space    used 2901K, capacity 2998K, committed 3072K, reserved 1048576K
}
Event: 7.532 GC heap before
{Heap before GC invocations=10 (full 1):
 PSYoungGen      total 51200K, used 5646K [0x00000000f1600000, 0x00000000f4f00000, 0x0000000100000000)
  eden space 44544K, 0% used [0x00000000f1600000,0x00000000f1600000,0x00000000f4180000)
  from space 6656K, 84% used [0x00000000f4180000,0x00000000f4703b80,0x00000000f4800000)
  to   space 6144K, 0% used [0x00000000f4800000,0x00000000f4800000,0x00000000f4e00000)
 ParOldGen       total 30208K, used 9564K [0x00000000d4200000, 0x00000000d5f80000, 0x00000000f1600000)
  object space 30208K, 31% used [0x00000000d4200000,0x00000000d4b571a0,0x00000000d5f80000)
 Metaspace       used 20823K, capacity 21106K, committed 21248K, reserved 1067008K
  class space    used 2901K, capacity 2998K, committed 3072K, reserved 1048576K
Event: 7.772 GC heap after
Heap after GC invocations=10 (full 1):
 PSYoungGen      total 51200K, used 0K [0x00000000f1600000, 0x00000000f4f00000, 0x0000000100000000)
  eden space 44544K, 0% used [0x00000000f1600000,0x00000000f1600000,0x00000000f4180000)
  from space 6656K, 0% used [0x00000000f4180000,0x00000000f4180000,0x00000000f4800000)
  to   space 6144K, 0% used [0x00000000f4800000,0x00000000f4800000,0x00000000f4e00000)
 ParOldGen       total 31232K, used 9783K [0x00000000d4200000, 0x00000000d6080000, 0x00000000f1600000)
  object space 31232K, 31% used [0x00000000d4200000,0x00000000d4b8dec8,0x00000000d6080000)
 Metaspace       used 20823K, capacity 21106K, committed 21248K, reserved 1067008K
  class space    used 2901K, capacity 2998K, committed 3072K, reserved 1048576K
}
Event: 10.036 GC heap before
{Heap before GC invocations=11 (full 1):
 PSYoungGen      total 51200K, used 44544K [0x00000000f1600000, 0x00000000f4f00000, 0x0000000100000000)
  eden space 44544K, 100% used [0x00000000f1600000,0x00000000f4180000,0x00000000f4180000)
  from space 6656K, 0% used [0x00000000f4180000,0x00000000f4180000,0x00000000f4800000)
  to   space 6144K, 0% used [0x00000000f4800000,0x00000000f4800000,0x00000000f4e00000)
 ParOldGen       total 31232K, used 9783K [0x00000000d4200000, 0x00000000d6080000, 0x00000000f1600000)
  object space 31232K, 31% used [0x00000000d4200000,0x00000000d4b8dec8,0x00000000d6080000)
 Metaspace       used 25082K, capacity 25484K, committed 25728K, reserved 1071104K
  class space    used 3552K, capacity 3692K, committed 3712K, reserved 1048576K
Event: 10.046 GC heap after
Heap after GC invocations=11 (full 1):
 PSYoungGen      total 50176K, used 4695K [0x00000000f1600000, 0x00000000f5980000, 0x0000000100000000)
  eden space 44032K, 0% used [0x00000000f1600000,0x00000000f1600000,0x00000000f4100000)
  from space 6144K, 76% used [0x00000000f4800000,0x00000000f4c95cf8,0x00000000f4e00000)
  to   space 7168K, 0% used [0x00000000f4100000,0x00000000f4100000,0x00000000f4800000)
 ParOldGen       total 31232K, used 9791K [0x00000000d4200000, 0x00000000d6080000, 0x00000000f1600000)
  object space 31232K, 31% used [0x00000000d4200000,0x00000000d4b8fec8,0x00000000d6080000)
 Metaspace       used 25082K, capacity 25484K, committed 25728K, reserved 1071104K
  class space    used 3552K, capacity 3692K, committed 3712K, reserved 1048576K
}
Event: 16.618 GC heap before
{Heap before GC invocations=12 (full 1):
 PSYoungGen      total 50176K, used 48727K [0x00000000f1600000, 0x00000000f5980000, 0x0000000100000000)
  eden space 44032K, 100% used [0x00000000f1600000,0x00000000f4100000,0x00000000f4100000)
  from space 6144K, 76% used [0x00000000f4800000,0x00000000f4c95cf8,0x00000000f4e00000)
  to   space 7168K, 0% used [0x00000000f4100000,0x00000000f4100000,0x00000000f4800000)
 ParOldGen       total 31232K, used 9791K [0x00000000d4200000, 0x00000000d6080000, 0x00000000f1600000)
  object space 31232K, 31% used [0x00000000d4200000,0x00000000d4b8fec8,0x00000000d6080000)
 Metaspace       used 27001K, capacity 27440K, committed 27776K, reserved 1073152K
  class space    used 3754K, capacity 3892K, committed 3968K, reserved 1048576K
Event: 16.646 GC heap after
Heap after GC invocations=12 (full 1):
 PSYoungGen      total 51200K, used 4533K [0x00000000f1600000, 0x00000000f5780000, 0x0000000100000000)
  eden space 44032K, 0% used [0x00000000f1600000,0x00000000f1600000,0x00000000f4100000)
  from space 7168K, 63% used [0x00000000f4100000,0x00000000f456d7a0,0x00000000f4800000)
  to   space 7168K, 0% used [0x00000000f5080000,0x00000000f5080000,0x00000000f5780000)
 ParOldGen       total 31232K, used 9799K [0x00000000d4200000, 0x00000000d6080000, 0x00000000f1600000)
  object space 31232K, 31% used [0x00000000d4200000,0x00000000d4b91ec8,0x00000000d6080000)
 Metaspace       used 27001K, capacity 27440K, committed 27776K, reserved 1073152K
  class space    used 3754K, capacity 3892K, committed 3968K, reserved 1048576K
}

Deoptimization events (10 events):
Event: 11.062 Thread 0x0000000001dfe000 Uncommon trap: reason=array_check action=maybe_recompile pc=0x0000000002799e0c method=java.util.AbstractCollection.toArray([Ljava/lang/Object;)[Ljava/lang/Object; @ 119
Event: 11.062 Thread 0x0000000001dfe000 Uncommon trap: reason=array_check action=maybe_recompile pc=0x0000000002799e0c method=java.util.AbstractCollection.toArray([Ljava/lang/Object;)[Ljava/lang/Object; @ 119
Event: 17.113 Thread 0x0000000001dfe000 Uncommon trap: reason=bimorphic action=maybe_recompile pc=0x0000000002585308 method=java.lang.ClassLoader.getPackage(Ljava/lang/String;)Ljava/lang/Package; @ 47
Event: 17.116 Thread 0x0000000001dfe000 Uncommon trap: reason=bimorphic action=maybe_recompile pc=0x0000000002585308 method=java.lang.ClassLoader.getPackage(Ljava/lang/String;)Ljava/lang/Package; @ 47
Event: 17.117 Thread 0x0000000001dfe000 Uncommon trap: reason=bimorphic action=maybe_recompile pc=0x0000000002585308 method=java.lang.ClassLoader.getPackage(Ljava/lang/String;)Ljava/lang/Package; @ 47
Event: 17.121 Thread 0x0000000001dfe000 Uncommon trap: reason=bimorphic action=maybe_recompile pc=0x0000000002585308 method=java.lang.ClassLoader.getPackage(Ljava/lang/String;)Ljava/lang/Package; @ 47
Event: 17.529 Thread 0x0000000001dfe000 Uncommon trap: reason=class_check action=maybe_recompile pc=0x0000000002102770 method=java.security.MessageDigest$Delegate.engineUpdate([BII)V @ 7
Event: 17.529 Thread 0x0000000001dfe000 Uncommon trap: reason=unstable_if action=reinterpret pc=0x000000000290e258 method=sun.security.provider.DigestBase.engineUpdate([BII)V @ 35
Event: 17.749 Thread 0x0000000001dfe000 Uncommon trap: reason=class_check action=maybe_recompile pc=0x0000000002102770 method=java.security.MessageDigest$Delegate.engineUpdate([BII)V @ 7
Event: 17.749 Thread 0x0000000001dfe000 Uncommon trap: reason=class_check action=maybe_recompile pc=0x0000000002102770 method=java.security.MessageDigest$Delegate.engineUpdate([BII)V @ 7

Internal exceptions (10 events):
Event: 16.773 Thread 0x0000000001dfe000 Exception <a 'java/lang/ClassNotFoundException': org/gradle/api/internal/artifacts/repositories/DefaultMavenArtifactRepositoryCustomizer> (0x00000000f1a71568) thrown at [C:\re\workspace\8-2-build-windows-amd64-cygwin\jdk8u101\7261\hotspot\src\share\vm\clasuákQÇ0@
Event: 16.779 Thread 0x0000000001dfe000 Exception <a 'java/lang/ClassNotFoundException': org/gradle/api/internal/artifacts/repositories/DefaultMavenArtifactRepository_DecoratedCustomizer> (0x00000000f1ad10e8) thrown at [C:\re\workspace\8-2-build-windows-amd64-cygwin\jdk8u101\7261\hotspot\src\sha<©o1œÊ0@
Event: 16.791 Thread 0x0000000001dfe000 Exception <a 'java/lang/ClassNotFoundException': org/codehaus/groovy/runtime/GStringImplBeanInfo> (0x00000000f1b52448) thrown at [C:\re\workspace\8-2-build-windows-amd64-cygwin\jdk8u101\7261\hotspot\src\share\vm\classfile\systemDictionary.cpp, line 210]
Event: 16.792 Thread 0x0000000001dfe000 Exception <a 'java/lang/ClassNotFoundException': org/codehaus/groovy/runtime/GStringImplCustomizer> (0x00000000f1b78b90) thrown at [C:\re\workspace\8-2-build-windows-amd64-cygwin\jdk8u101\7261\hotspot\src\share\vm\classfile\systemDictionary.cpp, line 210]
Event: 17.096 Thread 0x0000000001dfe000 Exception <a 'java/lang/ClassNotFoundException': build_dzv6gfhu35tzsxoe362swmj7mBeanInfo> (0x00000000f1c80440) thrown at [C:\re\workspace\8-2-build-windows-amd64-cygwin\jdk8u101\7261\hotspot\src\share\vm\classfile\systemDictionary.cpp, line 210]
Event: 17.097 Thread 0x0000000001dfe000 Exception <a 'java/lang/ClassNotFoundException': build_dzv6gfhu35tzsxoe362swmj7mCustomizer> (0x00000000f1c8ec88) thrown at [C:\re\workspace\8-2-build-windows-amd64-cygwin\jdk8u101\7261\hotspot\src\share\vm\classfile\systemDictionary.cpp, line 210]
Event: 17.104 Thread 0x0000000001dfe000 Exception <a 'java/lang/ClassNotFoundException': org/gradle/api/internal/plugins/DefaultObjectConfigurationActionBeanInfo> (0x00000000f1ce2a20) thrown at [C:\re\workspace\8-2-build-windows-amd64-cygwin\jdk8u101\7261\hotspot\src\share\vm\classfile\systemDicRx“žÏ1@
Event: 17.105 Thread 0x0000000001dfe000 Exception <a 'java/lang/ClassNotFoundException': org/gradle/api/internal/plugins/DefaultObjectConfigurationActionCustomizer> (0x00000000f1d0e5b0) thrown at [C:\re\workspace\8-2-build-windows-amd64-cygwin\jdk8u101\7261\hotspot\src\share\vm\classfile\systemDq“(#k1@
Event: 17.107 Thread 0x0000000001dfe000 Exception <a 'java/lang/ClassNotFoundException': org/gradle/api/plugins/ObjectConfigurationActionBeanInfo> (0x00000000f1d48078) thrown at [C:\re\workspace\8-2-build-windows-amd64-cygwin\jdk8u101\7261\hotspot\src\share\vm\classfile\systemDictionary.cpp, linÁXí’Æ1@
Event: 17.108 Thread 0x0000000001dfe000 Exception <a 'java/lang/ClassNotFoundException': org/gradle/api/plugins/ObjectConfigurationActionCustomizer> (0x00000000f1d6ce00) thrown at [C:\re\workspace\8-2-build-windows-amd64-cygwin\jdk8u101\7261\hotspot\src\share\vm\classfile\systemDictionary.cpp, lîäÑÐÅ0@

Events (10 events):
Event: 17.795 loading class com/google/wireless/android/sdk/stats/AndroidStudioStats$GradleTaskExecution
Event: 17.795 loading class com/google/wireless/android/sdk/stats/AndroidStudioStats$GradleTaskExecution done
Event: 17.796 loading class com/google/wireless/android/sdk/stats/AndroidStudioStats$GradleTaskExecution$1
Event: 17.796 loading class com/google/wireless/android/sdk/stats/AndroidStudioStats$GradleTaskExecution$1 done
Event: 17.797 loading class com/google/wireless/android/sdk/stats/AndroidStudioStats$GradleTaskExecution$Type
Event: 17.797 loading class com/google/wireless/android/sdk/stats/AndroidStudioStats$GradleTaskExecution$Type done
Event: 17.800 loading class com/google/wireless/android/sdk/stats/AndroidStudioStats$GradleTaskExecution$Type$1
Event: 17.800 loading class com/google/wireless/android/sdk/stats/AndroidStudioStats$GradleTaskExecution$Type$1 done
Event: 17.800 loading class com/google/wireless/android/sdk/stats/AndroidStudioStats$GradleBuildProfileSpan$Builder
Event: 17.800 loading class com/google/wireless/android/sdk/stats/AndroidStudioStats$GradleBuildProfileSpan$Builder done


Dynamic libraries:
0x00007ff748ec0000 - 0x00007ff748ef7000 	C:\ProgramData\Oracle\Java\javapath\java.exe
0x00007ff9429d0000 - 0x00007ff942b92000 	C:\WINDOWS\SYSTEM32\ntdll.dll
0x00007ff942600000 - 0x00007ff9426ad000 	C:\WINDOWS\system32\KERNEL32.DLL
0x00007ff93f4f0000 - 0x00007ff93f6cd000 	C:\WINDOWS\system32\KERNELBASE.dll
0x00007ff9421d0000 - 0x00007ff942276000 	C:\WINDOWS\system32\ADVAPI32.dll
0x00007ff942930000 - 0x00007ff9429cd000 	C:\WINDOWS\system32\msvcrt.dll
0x00007ff9401a0000 - 0x00007ff9401fb000 	C:\WINDOWS\system32\sechost.dll
0x00007ff942280000 - 0x00007ff9423a6000 	C:\WINDOWS\system32\RPCRT4.dll
0x00007ff941ef0000 - 0x00007ff94203e000 	C:\WINDOWS\system32\USER32.dll
0x00007ff940200000 - 0x00007ff940383000 	C:\WINDOWS\system32\GDI32.dll
0x00007ff9369d0000 - 0x00007ff936c44000 	C:\WINDOWS\WinSxS\amd64_microsoft.windows.common-controls_6595b64144ccf1df_6.0.10240.17184_none_f41d7a705752bce6\COMCTL32.dll
0x00007ff9423b0000 - 0x00007ff9423e6000 	C:\WINDOWS\system32\IMM32.DLL
0x00007ff9418c0000 - 0x00007ff941a1c000 	C:\WINDOWS\system32\MSCTF.dll
0x000000005ed20000 - 0x000000005edf2000 	C:\Program Files\Java\jre1.8.0_101\bin\msvcr100.dll
0x000000005e480000 - 0x000000005ed1a000 	C:\Program Files\Java\jre1.8.0_101\bin\server\jvm.dll
0x00007ff942050000 - 0x00007ff942058000 	C:\WINDOWS\system32\PSAPI.DLL
0x00007ff9351d0000 - 0x00007ff9351da000 	C:\WINDOWS\SYSTEM32\VERSION.dll
0x00007ff93da80000 - 0x00007ff93daa3000 	C:\WINDOWS\SYSTEM32\WINMM.dll
0x00007ff9377f0000 - 0x00007ff9377f9000 	C:\WINDOWS\SYSTEM32\WSOCK32.dll
0x00007ff93da20000 - 0x00007ff93da4c000 	C:\WINDOWS\SYSTEM32\winmmbase.dll
0x00007ff93f6d0000 - 0x00007ff93f714000 	C:\WINDOWS\system32\cfgmgr32.dll
0x00007ff941db0000 - 0x00007ff941e19000 	C:\WINDOWS\system32\WS2_32.dll
0x00007ff942040000 - 0x00007ff942048000 	C:\WINDOWS\system32\NSI.dll
0x00007ff93dd70000 - 0x00007ff93dd97000 	C:\WINDOWS\SYSTEM32\DEVOBJ.dll
0x000000005e470000 - 0x000000005e47f000 	C:\Program Files\Java\jre1.8.0_101\bin\verify.dll
0x000000005e440000 - 0x000000005e469000 	C:\Program Files\Java\jre1.8.0_101\bin\java.dll
0x000000005e420000 - 0x000000005e436000 	C:\Program Files\Java\jre1.8.0_101\bin\zip.dll
0x00007ff940390000 - 0x00007ff9418b3000 	C:\WINDOWS\system32\SHELL32.dll
0x00007ff93f7d0000 - 0x00007ff93fdf9000 	C:\WINDOWS\system32\windows.storage.dll
0x00007ff9426b0000 - 0x00007ff94292c000 	C:\WINDOWS\system32\combase.dll
0x00007ff941d50000 - 0x00007ff941da1000 	C:\WINDOWS\system32\shlwapi.dll
0x00007ff93f460000 - 0x00007ff93f46f000 	C:\WINDOWS\system32\kernel.appcore.dll
0x00007ff93fe00000 - 0x00007ff93feb3000 	C:\WINDOWS\system32\shcore.dll
0x00007ff93f3f0000 - 0x00007ff93f43a000 	C:\WINDOWS\system32\powrprof.dll
0x00007ff93f470000 - 0x00007ff93f483000 	C:\WINDOWS\system32\profapi.dll
0x000000005e400000 - 0x000000005e41a000 	C:\Program Files\Java\jre1.8.0_101\bin\net.dll
0x00007ff93ec60000 - 0x00007ff93ecbd000 	C:\WINDOWS\system32\mswsock.dll
0x000000005e3e0000 - 0x000000005e3f1000 	C:\Program Files\Java\jre1.8.0_101\bin\nio.dll
0x00007ff934b00000 - 0x00007ff934b12000 	C:\Users\muammar furqon\.gradle\native\19\windows-amd64\native-platform.dll
0x0000000180000000 - 0x0000000180037000 	C:\Users\muammar furqon\.gradle\native\jna\win32-amd64\jnidispatch.dll
0x00007ff93ecc0000 - 0x00007ff93ecd7000 	C:\WINDOWS\SYSTEM32\CRYPTSP.dll
0x00007ff93ef30000 - 0x00007ff93ef58000 	C:\WINDOWS\SYSTEM32\bcrypt.dll
0x00007ff93e910000 - 0x00007ff93e943000 	C:\WINDOWS\system32\rsaenh.dll
0x00007ff93ea00000 - 0x00007ff93ea1f000 	C:\WINDOWS\SYSTEM32\USERENV.dll
0x00007ff93f240000 - 0x00007ff93f2ab000 	C:\WINDOWS\system32\bcryptprimitives.dll
0x00007ff93ee30000 - 0x00007ff93ee3b000 	C:\WINDOWS\SYSTEM32\CRYPTBASE.dll
0x00007ff93c900000 - 0x00007ff93c938000 	C:\WINDOWS\SYSTEM32\IPHLPAPI.DLL
0x00007ff93c8f0000 - 0x00007ff93c8fb000 	C:\WINDOWS\SYSTEM32\WINNSI.DLL
0x00007ff93b060000 - 0x00007ff93b076000 	C:\WINDOWS\SYSTEM32\dhcpcsvc6.DLL
0x00007ff93b040000 - 0x00007ff93b05a000 	C:\WINDOWS\SYSTEM32\dhcpcsvc.DLL
0x000000005e3d0000 - 0x000000005e3dd000 	C:\Program Files\Java\jre1.8.0_101\bin\management.dll

VM Arguments:
jvm_args: -Dorg.gradle.appname=gradlew 
java_command: org.gradle.wrapper.GradleWrapperMain installDebug
java_class_path (initial): E:\BootArk\CobaReact\CobaReact\android\\gradle\wrapper\gradle-wrapper.jar
Launcher Type: SUN_STANDARD

Environment Variables:
CLASSPATH=E:\BootArk\CobaReact\CobaReact\android\\gradle\wrapper\gradle-wrapper.jar
PATH=C:\Users\muammar furqon\AppData\Roaming\npm;C:\Program Files\nodejs\;C:\oraclexe\app\oracle\product\11.2.0\server\bin;;C:\ProgramData\Oracle\Java\javapath;C:\WINDOWS\system32;C:\WINDOWS;C:\WINDOWS\System32\Wbem;C:\WINDOWS\System32\WindowsPowerShell\v1.0\;C:\Program Files\Microsoft SQL Server\Client SDK\ODBC\110\Tools\Binn\;C:\Program Files (x86)\Microsoft SQL Server\120\Tools\Binn\;C:\Program Files\Microsoft SQL Server\120\Tools\Binn\;C:\Program Files\Microsoft SQL Server\120\DTS\Binn\;C:\Program Files\nodejs\;C:\Program Files\Microsoft SQL Server\110\Tools\Binn\;c:\Program Files (x86)\Microsoft SQL Server\110\Tools\Binn\ManagementStudio\;c:\Program Files (x86)\Microsoft SQL Server\110\Tools\Binn\;c:\Program Files (x86)\Microsoft SQL Server\110\DTS\Binn\;C:\Program Files\Git\;C:\Program Files\Git\bin\;E:\BootArk\Sdk\platform-tools;C:\Users\muammar furqon\AppData\Roaming\npm;C:\Users\muammar furqon\AppData\Local\Android\Sdk\platform-tools
USERNAME=muammar furqon
OS=Windows_NT
PROCESSOR_IDENTIFIER=Intel64 Family 6 Model 37 Stepping 2, GenuineIntel



---------------  S Y S T E M  ---------------

OS: Windows 10.0 , 64 bit Build 10240 (10.0.10240.17113)

CPU:total 2 (2 cores per cpu, 1 threads per core) family 6 model 37 stepping 2, cmov, cx8, fxsr, mmx, sse, sse2, sse3, ssse3, popcnt, tsc, tscinvbit

Memory: 4k page, physical 2871812k(200640k free), swap 4986724k(3252k free)

vm_info: Java HotSpot(TM) 64-Bit Server VM (25.101-b13) for windows-amd64 JRE (1.8.0_101-b13), built on Jun 22 2016 01:21:29 by "java_re" with MS VC++ 10.0 (VS2010)

time: Sat Apr 14 10:12:51 2018
elapsed time: 17 seconds (0d 0h 0m 17s)

