#
# There is insufficient memory for the Java Runtime Environment to continue.
# Native memory allocation (malloc) failed to allocate 214048 bytes for Chunk::new
# Possible reasons:
#   The system is out of physical RAM or swap space
#   In 32 bit mode, the process size limit was hit
# Possible solutions:
#   Reduce memory load on the system
#   Increase physical memory or swap space
#   Check if swap backing store is full
#   Use 64 bit Java on a 64 bit OS
#   Decrease Java heap size (-Xmx/-Xms)
#   Decrease number of Java threads
#   Decrease Java thread stack sizes (-Xss)
#   Set larger code cache with -XX:ReservedCodeCacheSize=
# This output file may be truncated or incomplete.
#
#  Out of Memory Error (allocation.cpp:390), pid=5992, tid=0x00000000000007e8
#
# JRE version: Java(TM) SE Runtime Environment (8.0_101-b13) (build 1.8.0_101-b13)
# Java VM: Java HotSpot(TM) 64-Bit Server VM (25.101-b13 mixed mode windows-amd64 compressed oops)
# Failed to write core dump. Minidumps are not enabled by default on client versions of Windows
#

---------------  T H R E A D  ---------------

Current thread (0x00000000143aa000):  JavaThread "C2 CompilerThread0" daemon [_thread_in_native, id=2024, stack(0x00000000153c0000,0x00000000154c0000)]

Stack: [0x00000000153c0000,0x00000000154c0000]
[error occurred during error reporting (printing stack bounds), id 0xc0000005]

Native frames: (J=compiled Java code, j=interpreted, Vv=VM code, C=native code)


Current CompileTask:
C2:   2579  911   !   4       sun.net.www.ParseUtil::decode (316 bytes)


---------------  P R O C E S S  ---------------

Java Threads: ( => current thread )
  0x000000001442c000 JavaThread "Service Thread" daemon [_thread_blocked, id=2680, stack(0x00000000155c0000,0x00000000156c0000)]
  0x00000000143ac000 JavaThread "C1 CompilerThread1" daemon [_thread_blocked, id=8124, stack(0x00000000154c0000,0x00000000155c0000)]
=>0x00000000143aa000 JavaThread "C2 CompilerThread0" daemon [_thread_in_native, id=2024, stack(0x00000000153c0000,0x00000000154c0000)]
  0x00000000143a8800 JavaThread "Attach Listener" daemon [_thread_blocked, id=7764, stack(0x00000000152c0000,0x00000000153c0000)]
  0x00000000143a5000 JavaThread "Signal Dispatcher" daemon [_thread_blocked, id=4440, stack(0x00000000151c0000,0x00000000152c0000)]
  0x0000000014398800 JavaThread "Finalizer" daemon [_thread_blocked, id=1880, stack(0x0000000014fe0000,0x00000000150e0000)]
  0x0000000002ade000 JavaThread "Reference Handler" daemon [_thread_blocked, id=6760, stack(0x0000000014ee0000,0x0000000014fe0000)]
  0x0000000000d7e000 JavaThread "main" [_thread_blocked, id=5760, stack(0x0000000002860000,0x0000000002960000)]

Other Threads:
  0x0000000002ad8800 VMThread [stack: 0x0000000014de0000,0x0000000014ee0000] [id=5032]
  0x0000000014434000 WatcherThread [stack: 0x00000000156c0000,0x00000000157c0000] [id=3220]

VM state:at safepoint (normal execution)

VM Mutex/Monitor currently owned by a thread:  ([mutex/lock_event])
[0x0000000000d7d340] Threads_lock - owner thread: 0x0000000002ad8800
[0x0000000000d7d040] Heap_lock - owner thread: 0x0000000000d7e000

Heap:
 PSYoungGen      total 25088K, used 5025K [0x00000000f1600000, 0x00000000f3000000, 0x0000000100000000)
  eden space 23552K, 14% used [0x00000000f1600000,0x00000000f1970718,0x00000000f2d00000)
  from space 1536K, 97% used [0x00000000f2d00000,0x00000000f2e78020,0x00000000f2e80000)
  to   space 1536K, 97% used [0x00000000f2e80000,0x00000000f2ff8020,0x00000000f3000000)
 ParOldGen       total 30208K, used 8696K [0x00000000d4200000, 0x00000000d5f80000, 0x00000000f1600000)
  object space 30208K, 28% used [0x00000000d4200000,0x00000000d4a7e1d8,0x00000000d5f80000)
 Metaspace       used 13737K, capacity 13912K, committed 14080K, reserved 1069056K
  class space    used 1855K, capacity 1928K, committed 2048K, reserved 1048576K

Card table byte_map: [0x0000000011eb0000,0x0000000012010000] byte_map_base: 0x000000001180f000

Marking Bits: (ParMarkBitMap*) 0x000000005ec9a6d0
 Begin Bits: [0x0000000012300000, 0x0000000012df8000)
 End Bits:   [0x0000000012df8000, 0x00000000138f0000)

Polling page: 0x0000000000d60000

CodeCache: size=245760Kb used=3535Kb max_used=3535Kb free=242224Kb
 bounds [0x0000000002af0000, 0x0000000002e70000, 0x0000000011af0000]
 total_blobs=1267 nmethods=921 adapters=260
 compilation: enabled

Compilation events (10 events):
Event: 2.547 Thread 0x00000000143ac000  921       3       java.lang.Class::copyMethods (36 bytes)
Event: 2.548 Thread 0x00000000143ac000 nmethod 921 0x0000000002e63450 code [0x0000000002e63640, 0x0000000002e64038]
Event: 2.550 Thread 0x00000000143ac000  922       1       java.lang.ClassValue$Version::promise (5 bytes)
Event: 2.550 Thread 0x00000000143ac000 nmethod 922 0x0000000002e64550 code [0x0000000002e646a0, 0x0000000002e647b0]
Event: 2.550 Thread 0x00000000143ac000  923       3       org.codehaus.groovy.util.ReferenceType$2::createReference (11 bytes)
Event: 2.550 Thread 0x00000000143ac000 nmethod 923 0x0000000002e64810 code [0x0000000002e649a0, 0x0000000002e64d90]
Event: 2.551 Thread 0x00000000143ac000  924       3       java.lang.ClassValue$Entry::isPromise (14 bytes)
Event: 2.551 Thread 0x00000000143ac000 nmethod 924 0x0000000002e64f90 code [0x0000000002e650e0, 0x0000000002e65290]
Event: 2.562 Thread 0x00000000143ac000  925       3       org.codehaus.groovy.reflection.CachedMethod::<init> (15 bytes)
Event: 2.563 Thread 0x00000000143ac000 nmethod 925 0x0000000002e65310 code [0x0000000002e65480, 0x0000000002e65710]

GC Heap History (10 events):
Event: 0.719 GC heap after
Heap after GC invocations=1 (full 0):
 PSYoungGen      total 13312K, used 1520K [0x00000000f1600000, 0x00000000f2480000, 0x0000000100000000)
  eden space 11776K, 0% used [0x00000000f1600000,0x00000000f1600000,0x00000000f2180000)
  from space 1536K, 98% used [0x00000000f2180000,0x00000000f22fc010,0x00000000f2300000)
  to   space 1536K, 0% used [0x00000000f2300000,0x00000000f2300000,0x00000000f2480000)
 ParOldGen       total 30208K, used 758K [0x00000000d4200000, 0x00000000d5f80000, 0x00000000f1600000)
  object space 30208K, 2% used [0x00000000d4200000,0x00000000d42bd928,0x00000000d5f80000)
 Metaspace       used 5410K, capacity 5808K, committed 5888K, reserved 1056768K
  class space    used 698K, capacity 768K, committed 768K, reserved 1048576K
}
Event: 1.273 GC heap before
{Heap before GC invocations=2 (full 0):
 PSYoungGen      total 13312K, used 13296K [0x00000000f1600000, 0x00000000f2480000, 0x0000000100000000)
  eden space 11776K, 100% used [0x00000000f1600000,0x00000000f2180000,0x00000000f2180000)
  from space 1536K, 98% used [0x00000000f2180000,0x00000000f22fc010,0x00000000f2300000)
  to   space 1536K, 0% used [0x00000000f2300000,0x00000000f2300000,0x00000000f2480000)
 ParOldGen       total 30208K, used 758K [0x00000000d4200000, 0x00000000d5f80000, 0x00000000f1600000)
  object space 30208K, 2% used [0x00000000d4200000,0x00000000d42bd928,0x00000000d5f80000)
 Metaspace       used 8066K, capacity 8256K, committed 8320K, reserved 1056768K
  class space    used 1080K, capacity 1152K, committed 1152K, reserved 1048576K
Event: 1.281 GC heap after
Heap after GC invocations=2 (full 0):
 PSYoungGen      total 13312K, used 1520K [0x00000000f1600000, 0x00000000f3000000, 0x0000000100000000)
  eden space 11776K, 0% used [0x00000000f1600000,0x00000000f1600000,0x00000000f2180000)
  from space 1536K, 98% used [0x00000000f2300000,0x00000000f247c010,0x00000000f2480000)
  to   space 1536K, 0% used [0x00000000f2180000,0x00000000f2180000,0x00000000f2300000)
 ParOldGen       total 30208K, used 2512K [0x00000000d4200000, 0x00000000d5f80000, 0x00000000f1600000)
  object space 30208K, 8% used [0x00000000d4200000,0x00000000d44742b0,0x00000000d5f80000)
 Metaspace       used 8066K, capacity 8256K, committed 8320K, reserved 1056768K
  class space    used 1080K, capacity 1152K, committed 1152K, reserved 1048576K
}
Event: 1.539 GC heap before
{Heap before GC invocations=3 (full 0):
 PSYoungGen      total 13312K, used 13296K [0x00000000f1600000, 0x00000000f3000000, 0x0000000100000000)
  eden space 11776K, 100% used [0x00000000f1600000,0x00000000f2180000,0x00000000f2180000)
  from space 1536K, 98% used [0x00000000f2300000,0x00000000f247c010,0x00000000f2480000)
  to   space 1536K, 0% used [0x00000000f2180000,0x00000000f2180000,0x00000000f2300000)
 ParOldGen       total 30208K, used 2512K [0x00000000d4200000, 0x00000000d5f80000, 0x00000000f1600000)
  object space 30208K, 8% used [0x00000000d4200000,0x00000000d44742b0,0x00000000d5f80000)
 Metaspace       used 8352K, capacity 8544K, committed 8704K, reserved 1056768K
  class space    used 1119K, capacity 1184K, committed 1280K, reserved 1048576K
Event: 1.543 GC heap after
Heap after GC invocations=3 (full 0):
 PSYoungGen      total 13312K, used 1504K [0x00000000f1600000, 0x00000000f3000000, 0x0000000100000000)
  eden space 11776K, 0% used [0x00000000f1600000,0x00000000f1600000,0x00000000f2180000)
  from space 1536K, 97% used [0x00000000f2180000,0x00000000f22f8020,0x00000000f2300000)
  to   space 1536K, 0% used [0x00000000f2e80000,0x00000000f2e80000,0x00000000f3000000)
 ParOldGen       total 30208K, used 3113K [0x00000000d4200000, 0x00000000d5f80000, 0x00000000f1600000)
  object space 30208K, 10% used [0x00000000d4200000,0x00000000d450a608,0x00000000d5f80000)
 Metaspace       used 8352K, capacity 8544K, committed 8704K, reserved 1056768K
  class space    used 1119K, capacity 1184K, committed 1280K, reserved 1048576K
}
Event: 1.815 GC heap before
{Heap before GC invocations=4 (full 0):
 PSYoungGen      total 13312K, used 13280K [0x00000000f1600000, 0x00000000f3000000, 0x0000000100000000)
  eden space 11776K, 100% used [0x00000000f1600000,0x00000000f2180000,0x00000000f2180000)
  from space 1536K, 97% used [0x00000000f2180000,0x00000000f22f8020,0x00000000f2300000)
  to   space 1536K, 0% used [0x00000000f2e80000,0x00000000f2e80000,0x00000000f3000000)
 ParOldGen       total 30208K, used 3113K [0x00000000d4200000, 0x00000000d5f80000, 0x00000000f1600000)
  object space 30208K, 10% used [0x00000000d4200000,0x00000000d450a608,0x00000000d5f80000)
 Metaspace       used 8607K, capacity 8888K, committed 8960K, reserved 1056768K
  class space    used 1171K, capacity 1256K, committed 1280K, reserved 1048576K
Event: 1.828 GC heap after
Heap after GC invocations=4 (full 0):
 PSYoungGen      total 25088K, used 1520K [0x00000000f1600000, 0x00000000f3000000, 0x0000000100000000)
  eden space 23552K, 0% used [0x00000000f1600000,0x00000000f1600000,0x00000000f2d00000)
  from space 1536K, 98% used [0x00000000f2e80000,0x00000000f2ffc010,0x00000000f3000000)
  to   space 1536K, 0% used [0x00000000f2d00000,0x00000000f2d00000,0x00000000f2e80000)
 ParOldGen       total 30208K, used 4067K [0x00000000d4200000, 0x00000000d5f80000, 0x00000000f1600000)
  object space 30208K, 13% used [0x00000000d4200000,0x00000000d45f8e60,0x00000000d5f80000)
 Metaspace       used 8607K, capacity 8888K, committed 8960K, reserved 1056768K
  class space    used 1171K, capacity 1256K, committed 1280K, reserved 1048576K
}
Event: 2.435 GC heap before
{Heap before GC invocations=5 (full 0):
 PSYoungGen      total 25088K, used 25035K [0x00000000f1600000, 0x00000000f3000000, 0x0000000100000000)
  eden space 23552K, 99% used [0x00000000f1600000,0x00000000f2cf6fc0,0x00000000f2d00000)
  from space 1536K, 98% used [0x00000000f2e80000,0x00000000f2ffc010,0x00000000f3000000)
  to   space 1536K, 0% used [0x00000000f2d00000,0x00000000f2d00000,0x00000000f2e80000)
 ParOldGen       total 30208K, used 4067K [0x00000000d4200000, 0x00000000d5f80000, 0x00000000f1600000)
  object space 30208K, 13% used [0x00000000d4200000,0x00000000d45f8e60,0x00000000d5f80000)
 Metaspace       used 12079K, capacity 12344K, committed 12544K, reserved 1060864K
  class space    used 1689K, capacity 1768K, committed 1792K, reserved 1048576K
Event: 2.447 GC heap after
Heap after GC invocations=5 (full 0):
 PSYoungGen      total 25088K, used 1504K [0x00000000f1600000, 0x00000000f3000000, 0x0000000100000000)
  eden space 23552K, 0% used [0x00000000f1600000,0x00000000f1600000,0x00000000f2d00000)
  from space 1536K, 97% used [0x00000000f2d00000,0x00000000f2e78020,0x00000000f2e80000)
  to   space 1536K, 0% used [0x00000000f2e80000,0x00000000f2e80000,0x00000000f3000000)
 ParOldGen       total 30208K, used 8042K [0x00000000d4200000, 0x00000000d5f80000, 0x00000000f1600000)
  object space 30208K, 26% used [0x00000000d4200000,0x00000000d49daa18,0x00000000d5f80000)
 Metaspace       used 12079K, capacity 12344K, committed 12544K, reserved 1060864K
  class space    used 1689K, capacity 1768K, committed 1792K, reserved 1048576K
}
Event: 2.571 GC heap before
{Heap before GC invocations=6 (full 0):
 PSYoungGen      total 25088K, used 5025K [0x00000000f1600000, 0x00000000f3000000, 0x0000000100000000)
  eden space 23552K, 14% used [0x00000000f1600000,0x00000000f1970718,0x00000000f2d00000)
  from space 1536K, 97% used [0x00000000f2d00000,0x00000000f2e78020,0x00000000f2e80000)
  to   space 1536K, 0% used [0x00000000f2e80000,0x00000000f2e80000,0x00000000f3000000)
 ParOldGen       total 30208K, used 8042K [0x00000000d4200000, 0x00000000d5f80000, 0x00000000f1600000)
  object space 30208K, 26% used [0x00000000d4200000,0x00000000d49daa18,0x00000000d5f80000)
 Metaspace       used 13737K, capacity 13912K, committed 14080K, reserved 1069056K
  class space    used 1855K, capacity 1928K, committed 2048K, reserved 1048576K

Deoptimization events (8 events):
Event: 0.919 Thread 0x0000000000d7e000 Uncommon trap: reason=unstable_if action=reinterpret pc=0x0000000002d2663c method=java.util.HashMap.getNode(ILjava/lang/Object;)Ljava/util/HashMap$Node; @ 129
Event: 0.920 Thread 0x0000000000d7e000 Uncommon trap: reason=unstable_if action=reinterpret pc=0x0000000002d18428 method=java.util.HashMap.getNode(ILjava/lang/Object;)Ljava/util/HashMap$Node; @ 129
Event: 1.332 Thread 0x0000000000d7e000 Uncommon trap: reason=predicate action=maybe_recompile pc=0x0000000002d42844 method=sun.net.www.ParseUtil.encodePath(Ljava/lang/String;Z)Ljava/lang/String; @ 36
Event: 1.398 Thread 0x0000000000d7e000 Uncommon trap: reason=unstable_if action=reinterpret pc=0x0000000002d61df4 method=java.lang.String$CaseInsensitiveComparator.compare(Ljava/lang/String;Ljava/lang/String;)I @ 26
Event: 1.537 Thread 0x0000000000d7e000 Uncommon trap: reason=unstable_if action=reinterpret pc=0x0000000002d5537c method=java.lang.String$CaseInsensitiveComparator.compare(Ljava/lang/String;Ljava/lang/String;)I @ 26
Event: 2.137 Thread 0x0000000000d7e000 Uncommon trap: reason=bimorphic action=maybe_recompile pc=0x0000000002db057c method=java.util.HashMap.putVal(ILjava/lang/Object;Ljava/lang/Object;ZZ)Ljava/lang/Object; @ 203
Event: 2.139 Thread 0x0000000000d7e000 Uncommon trap: reason=bimorphic action=maybe_recompile pc=0x0000000002db057c method=java.util.HashMap.putVal(ILjava/lang/Object;Ljava/lang/Object;ZZ)Ljava/lang/Object; @ 203
Event: 2.139 Thread 0x0000000000d7e000 Uncommon trap: reason=bimorphic action=maybe_recompile pc=0x0000000002db057c method=java.util.HashMap.putVal(ILjava/lang/Object;Ljava/lang/Object;ZZ)Ljava/lang/Object; @ 203

Internal exceptions (10 events):
Event: 1.961 Thread 0x0000000000d7e000 Exception <a 'java/lang/ArrayIndexOutOfBoundsException'> (0x00000000f1a00c78) thrown at [C:\re\workspace\8-2-build-windows-amd64-cygwin\jdk8u101\7261\hotspot\src\share\vm\runtime\sharedRuntime.cpp, line 605]
Event: 1.986 Thread 0x0000000000d7e000 Exception <a 'java/lang/ArrayIndexOutOfBoundsException'> (0x00000000f1ad02a8) thrown at [C:\re\workspace\8-2-build-windows-amd64-cygwin\jdk8u101\7261\hotspot\src\share\vm\runtime\sharedRuntime.cpp, line 605]
Event: 1.988 Thread 0x0000000000d7e000 Exception <a 'java/lang/ArrayIndexOutOfBoundsException'> (0x00000000f1aebe00) thrown at [C:\re\workspace\8-2-build-windows-amd64-cygwin\jdk8u101\7261\hotspot\src\share\vm\runtime\sharedRuntime.cpp, line 605]
Event: 1.989 Thread 0x0000000000d7e000 Exception <a 'java/lang/ArrayIndexOutOfBoundsException'> (0x00000000f1aedd28) thrown at [C:\re\workspace\8-2-build-windows-amd64-cygwin\jdk8u101\7261\hotspot\src\share\vm\runtime\sharedRuntime.cpp, line 605]
Event: 2.011 Thread 0x0000000000d7e000 Exception <a 'java/lang/ArrayIndexOutOfBoundsException'> (0x00000000f1cbb478) thrown at [C:\re\workspace\8-2-build-windows-amd64-cygwin\jdk8u101\7261\hotspot\src\share\vm\runtime\sharedRuntime.cpp, line 605]
Event: 2.012 Thread 0x0000000000d7e000 Exception <a 'java/lang/ArrayIndexOutOfBoundsException'> (0x00000000f1cd0d28) thrown at [C:\re\workspace\8-2-build-windows-amd64-cygwin\jdk8u101\7261\hotspot\src\share\vm\runtime\sharedRuntime.cpp, line 605]
Event: 2.012 Thread 0x0000000000d7e000 Exception <a 'java/lang/ArrayIndexOutOfBoundsException'> (0x00000000f1cd3c10) thrown at [C:\re\workspace\8-2-build-windows-amd64-cygwin\jdk8u101\7261\hotspot\src\share\vm\runtime\sharedRuntime.cpp, line 605]
Event: 2.036 Thread 0x0000000000d7e000 Exception <a 'java/lang/ArrayIndexOutOfBoundsException'> (0x00000000f1f4b5b0) thrown at [C:\re\workspace\8-2-build-windows-amd64-cygwin\jdk8u101\7261\hotspot\src\share\vm\runtime\sharedRuntime.cpp, line 605]
Event: 2.049 Thread 0x0000000000d7e000 Exception <a 'java/lang/ArrayIndexOutOfBoundsException'> (0x00000000f20fcc40) thrown at [C:\re\workspace\8-2-build-windows-amd64-cygwin\jdk8u101\7261\hotspot\src\share\vm\runtime\sharedRuntime.cpp, line 605]
Event: 2.053 Thread 0x0000000000d7e000 Exception <a 'java/lang/NoClassDefFoundError': org/slf4j/impl/StaticMarkerBinder> (0x00000000f212e628) thrown at [C:\re\workspace\8-2-build-windows-amd64-cygwin\jdk8u101\7261\hotspot\src\share\vm\classfile\systemDictionary.cpp, line 199]

Events (10 events):
Event: 2.570 loading class java/awt/image/BufferStrategy
Event: 2.570 loading class java/awt/image/BufferStrategy done
Event: 2.570 loading class java/awt/image/ColorModel
Event: 2.570 loading class java/awt/image/ColorModel done
Event: 2.570 loading class java/awt/Cursor
Event: 2.570 loading class java/awt/Cursor done
Event: 2.570 loading class java/awt/dnd/DropTarget
Event: 2.570 loading class java/awt/dnd/DropTargetListener
Event: 2.570 loading class java/awt/dnd/DropTargetListener done
Event: 2.571 Executing VM operation: CollectForMetadataAllocation


Dynamic libraries:
0x00007ff66a190000 - 0x00007ff66a1c7000 	C:\ProgramData\Oracle\Java\javapath\java.exe
0x00007ff9429d0000 - 0x00007ff942b92000 	C:\WINDOWS\SYSTEM32\ntdll.dll
0x00007ff942600000 - 0x00007ff9426ad000 	C:\WINDOWS\system32\KERNEL32.DLL
0x00007ff93f4f0000 - 0x00007ff93f6cd000 	C:\WINDOWS\system32\KERNELBASE.dll
0x00007ff9421d0000 - 0x00007ff942276000 	C:\WINDOWS\system32\ADVAPI32.dll
0x00007ff942930000 - 0x00007ff9429cd000 	C:\WINDOWS\system32\msvcrt.dll
0x00007ff9401a0000 - 0x00007ff9401fb000 	C:\WINDOWS\system32\sechost.dll
0x00007ff942280000 - 0x00007ff9423a6000 	C:\WINDOWS\system32\RPCRT4.dll
0x00007ff941ef0000 - 0x00007ff94203e000 	C:\WINDOWS\system32\USER32.dll
0x00007ff940200000 - 0x00007ff940383000 	C:\WINDOWS\system32\GDI32.dll
0x00007ff9369d0000 - 0x00007ff936c44000 	C:\WINDOWS\WinSxS\amd64_microsoft.windows.common-controls_6595b64144ccf1df_6.0.10240.17184_none_f41d7a705752bce6\COMCTL32.dll
0x00007ff9423b0000 - 0x00007ff9423e6000 	C:\WINDOWS\system32\IMM32.DLL
0x00007ff9418c0000 - 0x00007ff941a1c000 	C:\WINDOWS\system32\MSCTF.dll
0x000000005ed20000 - 0x000000005edf2000 	C:\Program Files\Java\jre1.8.0_101\bin\msvcr100.dll
0x000000005e480000 - 0x000000005ed1a000 	C:\Program Files\Java\jre1.8.0_101\bin\server\jvm.dll
0x00007ff942050000 - 0x00007ff942058000 	C:\WINDOWS\system32\PSAPI.DLL
0x00007ff9377f0000 - 0x00007ff9377f9000 	C:\WINDOWS\SYSTEM32\WSOCK32.dll
0x00007ff93da80000 - 0x00007ff93daa3000 	C:\WINDOWS\SYSTEM32\WINMM.dll
0x00007ff941db0000 - 0x00007ff941e19000 	C:\WINDOWS\system32\WS2_32.dll
0x00007ff942040000 - 0x00007ff942048000 	C:\WINDOWS\system32\NSI.dll
0x00007ff9351d0000 - 0x00007ff9351da000 	C:\WINDOWS\SYSTEM32\VERSION.dll
0x00007ff93da20000 - 0x00007ff93da4c000 	C:\WINDOWS\SYSTEM32\WINMMBASE.dll
0x00007ff93f6d0000 - 0x00007ff93f714000 	C:\WINDOWS\system32\cfgmgr32.dll
0x00007ff93dd70000 - 0x00007ff93dd97000 	C:\WINDOWS\SYSTEM32\DEVOBJ.dll
0x000000005e470000 - 0x000000005e47f000 	C:\Program Files\Java\jre1.8.0_101\bin\verify.dll
0x000000005e440000 - 0x000000005e469000 	C:\Program Files\Java\jre1.8.0_101\bin\java.dll
0x000000005e420000 - 0x000000005e436000 	C:\Program Files\Java\jre1.8.0_101\bin\zip.dll
0x00007ff940390000 - 0x00007ff9418b3000 	C:\WINDOWS\system32\SHELL32.dll
0x00007ff93f7d0000 - 0x00007ff93fdf9000 	C:\WINDOWS\system32\windows.storage.dll
0x00007ff9426b0000 - 0x00007ff94292c000 	C:\WINDOWS\system32\combase.dll
0x00007ff941d50000 - 0x00007ff941da1000 	C:\WINDOWS\system32\shlwapi.dll
0x00007ff93f460000 - 0x00007ff93f46f000 	C:\WINDOWS\system32\kernel.appcore.dll
0x00007ff93fe00000 - 0x00007ff93feb3000 	C:\WINDOWS\system32\shcore.dll
0x00007ff93f3f0000 - 0x00007ff93f43a000 	C:\WINDOWS\system32\powrprof.dll
0x00007ff93f470000 - 0x00007ff93f483000 	C:\WINDOWS\system32\profapi.dll
0x000000005e400000 - 0x000000005e41a000 	C:\Program Files\Java\jre1.8.0_101\bin\net.dll
0x00007ff93ec60000 - 0x00007ff93ecbd000 	C:\WINDOWS\system32\mswsock.dll
0x000000005e3e0000 - 0x000000005e3f1000 	C:\Program Files\Java\jre1.8.0_101\bin\nio.dll
0x00007ff932b20000 - 0x00007ff932b32000 	C:\Users\muammar furqon\.gradle\native\19\windows-amd64\native-platform.dll
0x0000000180000000 - 0x0000000180037000 	C:\Users\muammar furqon\.gradle\native\jna\win32-amd64\jnidispatch.dll
0x00007ff93ecc0000 - 0x00007ff93ecd7000 	C:\WINDOWS\SYSTEM32\CRYPTSP.dll
0x00007ff93ef30000 - 0x00007ff93ef58000 	C:\WINDOWS\SYSTEM32\bcrypt.dll
0x00007ff93e910000 - 0x00007ff93e943000 	C:\WINDOWS\system32\rsaenh.dll
0x00007ff93ea00000 - 0x00007ff93ea1f000 	C:\WINDOWS\SYSTEM32\USERENV.dll
0x00007ff93f240000 - 0x00007ff93f2ab000 	C:\WINDOWS\system32\bcryptprimitives.dll
0x00007ff93ee30000 - 0x00007ff93ee3b000 	C:\WINDOWS\SYSTEM32\CRYPTBASE.dll
0x00007ff93c900000 - 0x00007ff93c938000 	C:\WINDOWS\SYSTEM32\IPHLPAPI.DLL
0x00007ff93c8f0000 - 0x00007ff93c8fb000 	C:\WINDOWS\SYSTEM32\WINNSI.DLL
0x00007ff93b060000 - 0x00007ff93b076000 	C:\WINDOWS\SYSTEM32\dhcpcsvc6.DLL
0x00007ff93b040000 - 0x00007ff93b05a000 	C:\WINDOWS\SYSTEM32\dhcpcsvc.DLL
0x000000005e3d0000 - 0x000000005e3dd000 	C:\Program Files\Java\jre1.8.0_101\bin\management.dll

VM Arguments:
jvm_args: -Dorg.gradle.appname=gradlew 
java_command: org.gradle.wrapper.GradleWrapperMain installDebug
java_class_path (initial): E:\BootArk\CobaReact\CobaReact\android\\gradle\wrapper\gradle-wrapper.jar
Launcher Type: SUN_STANDARD

Environment Variables:
CLASSPATH=E:\BootArk\CobaReact\CobaReact\android\\gradle\wrapper\gradle-wrapper.jar
PATH=C:\Users\muammar furqon\AppData\Roaming\npm;C:\Program Files\nodejs\;C:\oraclexe\app\oracle\product\11.2.0\server\bin;;C:\ProgramData\Oracle\Java\javapath;C:\WINDOWS\system32;C:\WINDOWS;C:\WINDOWS\System32\Wbem;C:\WINDOWS\System32\WindowsPowerShell\v1.0\;C:\Program Files\Microsoft SQL Server\Client SDK\ODBC\110\Tools\Binn\;C:\Program Files (x86)\Microsoft SQL Server\120\Tools\Binn\;C:\Program Files\Microsoft SQL Server\120\Tools\Binn\;C:\Program Files\Microsoft SQL Server\120\DTS\Binn\;C:\Program Files\nodejs\;C:\Program Files\Microsoft SQL Server\110\Tools\Binn\;c:\Program Files (x86)\Microsoft SQL Server\110\Tools\Binn\ManagementStudio\;c:\Program Files (x86)\Microsoft SQL Server\110\Tools\Binn\;c:\Program Files (x86)\Microsoft SQL Server\110\DTS\Binn\;C:\Program Files\Git\;C:\Program Files\Git\bin\;E:\BootArk\Sdk\platform-tools;C:\Users\muammar furqon\AppData\Roaming\npm;C:\Users\muammar furqon\AppData\Local\Android\Sdk\platform-tools
USERNAME=muammar furqon
OS=Windows_NT
PROCESSOR_IDENTIFIER=Intel64 Family 6 Model 37 Stepping 2, GenuineIntel



---------------  S Y S T E M  ---------------

OS: Windows 10.0 , 64 bit Build 10240 (10.0.10240.17113)

CPU:total 2 (2 cores per cpu, 1 threads per core) family 6 model 37 stepping 2, cmov, cx8, fxsr, mmx, sse, sse2, sse3, ssse3, popcnt, tsc, tscinvbit

Memory: 4k page, physical 2871812k(214200k free), swap 4986724k(3220k free)

vm_info: Java HotSpot(TM) 64-Bit Server VM (25.101-b13) for windows-amd64 JRE (1.8.0_101-b13), built on Jun 22 2016 01:21:29 by "java_re" with MS VC++ 10.0 (VS2010)

time: Sat Apr 14 13:10:53 2018
elapsed time: 2 seconds (0d 0h 0m 2s)

