#
# There is insufficient memory for the Java Runtime Environment to continue.
# Native memory allocation (malloc) failed to allocate 826816 bytes for Chunk::new
# Possible reasons:
#   The system is out of physical RAM or swap space
#   In 32 bit mode, the process size limit was hit
# Possible solutions:
#   Reduce memory load on the system
#   Increase physical memory or swap space
#   Check if swap backing store is full
#   Use 64 bit Java on a 64 bit OS
#   Decrease Java heap size (-Xmx/-Xms)
#   Decrease number of Java threads
#   Decrease Java thread stack sizes (-Xss)
#   Set larger code cache with -XX:ReservedCodeCacheSize=
# This output file may be truncated or incomplete.
#
#  Out of Memory Error (allocation.cpp:390), pid=1824, tid=0x0000000000001c40
#
# JRE version: Java(TM) SE Runtime Environment (8.0_101-b13) (build 1.8.0_101-b13)
# Java VM: Java HotSpot(TM) 64-Bit Server VM (25.101-b13 mixed mode windows-amd64 compressed oops)
# Failed to write core dump. Minidumps are not enabled by default on client versions of Windows
#

---------------  T H R E A D  ---------------

Current thread (0x00000000142ca800):  JavaThread "C2 CompilerThread0" daemon [_thread_in_native, id=7232, stack(0x00000000152f0000,0x00000000153f0000)]

Stack: [0x00000000152f0000,0x00000000153f0000]
[error occurred during error reporting (printing stack bounds), id 0xc0000005]

Native frames: (J=compiled Java code, j=interpreted, Vv=VM code, C=native code)


Current CompileTask:
C2:  11811 1091       4       java.net.URLClassLoader$1::run (5 bytes)


---------------  P R O C E S S  ---------------

Java Threads: ( => current thread )
  0x0000000014342800 JavaThread "Service Thread" daemon [_thread_blocked, id=7548, stack(0x00000000154f0000,0x00000000155f0000)]
  0x00000000142cd800 JavaThread "C1 CompilerThread1" daemon [_thread_blocked, id=6168, stack(0x00000000153f0000,0x00000000154f0000)]
=>0x00000000142ca800 JavaThread "C2 CompilerThread0" daemon [_thread_in_native, id=7232, stack(0x00000000152f0000,0x00000000153f0000)]
  0x00000000142c9800 JavaThread "Attach Listener" daemon [_thread_blocked, id=6324, stack(0x00000000151f0000,0x00000000152f0000)]
  0x00000000142c6800 JavaThread "Signal Dispatcher" daemon [_thread_blocked, id=7404, stack(0x00000000150f0000,0x00000000151f0000)]
  0x00000000142b8800 JavaThread "Finalizer" daemon [_thread_blocked, id=2752, stack(0x0000000014f10000,0x0000000015010000)]
  0x00000000029ff800 JavaThread "Reference Handler" daemon [_thread_blocked, id=3376, stack(0x0000000014e10000,0x0000000014f10000)]
  0x000000000273e000 JavaThread "main" [_thread_in_native, id=5556, stack(0x0000000002750000,0x0000000002850000)]

Other Threads:
  0x0000000014296800 VMThread [stack: 0x0000000014d10000,0x0000000014e10000] [id=2232]
  0x000000001434a800 WatcherThread [stack: 0x00000000155f0000,0x00000000156f0000] [id=5656]

VM state:not at safepoint (normal execution)

VM Mutex/Monitor currently owned by a thread: None

Heap:
 PSYoungGen      total 15360K, used 6287K [0x00000000f1600000, 0x00000000f2a00000, 0x0000000100000000)
  eden space 11264K, 20% used [0x00000000f1600000,0x00000000f183f978,0x00000000f2100000)
  from space 4096K, 97% used [0x00000000f2100000,0x00000000f24e4638,0x00000000f2500000)
  to   space 4608K, 0% used [0x00000000f2580000,0x00000000f2580000,0x00000000f2a00000)
 ParOldGen       total 30208K, used 6986K [0x00000000d4200000, 0x00000000d5f80000, 0x00000000f1600000)
  object space 30208K, 23% used [0x00000000d4200000,0x00000000d48d2950,0x00000000d5f80000)
 Metaspace       used 15255K, capacity 15512K, committed 15872K, reserved 1062912K
  class space    used 2096K, capacity 2184K, committed 2304K, reserved 1048576K

Card table byte_map: [0x0000000011dd0000,0x0000000011f30000] byte_map_base: 0x000000001172f000

Marking Bits: (ParMarkBitMap*) 0x000000005ec9a6d0
 Begin Bits: [0x0000000012220000, 0x0000000012d18000)
 End Bits:   [0x0000000012d18000, 0x0000000013810000)

Polling page: 0x0000000002850000

CodeCache: size=245760Kb used=4019Kb max_used=4019Kb free=241740Kb
 bounds [0x0000000002a10000, 0x0000000002e00000, 0x0000000011a10000]
 total_blobs=1456 nmethods=1101 adapters=269
 compilation: enabled

Compilation events (10 events):
Event: 11.540 Thread 0x00000000142cd800 1094       3       java.lang.reflect.Field::copy (76 bytes)
Event: 11.541 Thread 0x00000000142cd800 nmethod 1094 0x0000000002df3d50 code [0x0000000002df3ee0, 0x0000000002df4238]
Event: 11.633 Thread 0x00000000142cd800 1095       3       sun.misc.ProxyGenerator::access$700 (7 bytes)
Event: 11.633 Thread 0x00000000142cd800 nmethod 1095 0x0000000002df38d0 code [0x0000000002df3a40, 0x0000000002df3c28]
Event: 11.647 Thread 0x00000000142cd800 1098       3       org.gradle.internal.service.DefaultServiceRegistry$SingletonService::isFactory (128 bytes)
Event: 11.648 Thread 0x00000000142cd800 nmethod 1098 0x0000000002df6490 code [0x0000000002df6720, 0x0000000002df7a98]
Event: 11.648 Thread 0x00000000142cd800 1099       3       org.gradle.internal.service.DefaultServiceRegistry$SingletonService::getFactory (20 bytes)
Event: 11.649 Thread 0x00000000142cd800 nmethod 1099 0x0000000002df2e50 code [0x0000000002df2fe0, 0x0000000002df3338]
Event: 11.653 Thread 0x00000000142cd800 1100       3       org.gradle.internal.service.DefaultServiceRegistry$OwnServices::getService (274 bytes)
Event: 11.657 Thread 0x00000000142cd800 nmethod 1100 0x0000000002df80d0 code [0x0000000002df8520, 0x0000000002dfad38]

GC Heap History (10 events):
Event: 6.944 GC heap before
{Heap before GC invocations=3 (full 0):
 PSYoungGen      total 13312K, used 13312K [0x00000000f1600000, 0x00000000f2480000, 0x0000000100000000)
  eden space 11776K, 100% used [0x00000000f1600000,0x00000000f2180000,0x00000000f2180000)
  from space 1536K, 100% used [0x00000000f2300000,0x00000000f2480000,0x00000000f2480000)
  to   space 1536K, 0% used [0x00000000f2180000,0x00000000f2180000,0x00000000f2300000)
 ParOldGen       total 30208K, used 2527K [0x00000000d4200000, 0x00000000d5f80000, 0x00000000f1600000)
  object space 30208K, 8% used [0x00000000d4200000,0x00000000d4477c10,0x00000000d5f80000)
 Metaspace       used 8342K, capacity 8544K, committed 8704K, reserved 1056768K
  class space    used 1117K, capacity 1184K, committed 1280K, reserved 1048576K
Event: 6.949 GC heap after
Heap after GC invocations=3 (full 0):
 PSYoungGen      total 13312K, used 1504K [0x00000000f1600000, 0x00000000f2480000, 0x0000000100000000)
  eden space 11776K, 0% used [0x00000000f1600000,0x00000000f1600000,0x00000000f2180000)
  from space 1536K, 97% used [0x00000000f2180000,0x00000000f22f8020,0x00000000f2300000)
  to   space 1536K, 0% used [0x00000000f2300000,0x00000000f2300000,0x00000000f2480000)
 ParOldGen       total 30208K, used 3143K [0x00000000d4200000, 0x00000000d5f80000, 0x00000000f1600000)
  object space 30208K, 10% used [0x00000000d4200000,0x00000000d4511f38,0x00000000d5f80000)
 Metaspace       used 8342K, capacity 8544K, committed 8704K, reserved 1056768K
  class space    used 1117K, capacity 1184K, committed 1280K, reserved 1048576K
}
Event: 8.663 GC heap before
{Heap before GC invocations=4 (full 0):
 PSYoungGen      total 13312K, used 13280K [0x00000000f1600000, 0x00000000f2480000, 0x0000000100000000)
  eden space 11776K, 100% used [0x00000000f1600000,0x00000000f2180000,0x00000000f2180000)
  from space 1536K, 97% used [0x00000000f2180000,0x00000000f22f8020,0x00000000f2300000)
  to   space 1536K, 0% used [0x00000000f2300000,0x00000000f2300000,0x00000000f2480000)
 ParOldGen       total 30208K, used 3143K [0x00000000d4200000, 0x00000000d5f80000, 0x00000000f1600000)
  object space 30208K, 10% used [0x00000000d4200000,0x00000000d4511f38,0x00000000d5f80000)
 Metaspace       used 8598K, capacity 8824K, committed 8960K, reserved 1056768K
  class space    used 1169K, capacity 1256K, committed 1280K, reserved 1048576K
Event: 8.671 GC heap after
Heap after GC invocations=4 (full 0):
 PSYoungGen      total 13312K, used 1520K [0x00000000f1600000, 0x00000000f2480000, 0x0000000100000000)
  eden space 11776K, 0% used [0x00000000f1600000,0x00000000f1600000,0x00000000f2180000)
  from space 1536K, 98% used [0x00000000f2300000,0x00000000f247c010,0x00000000f2480000)
  to   space 1536K, 0% used [0x00000000f2180000,0x00000000f2180000,0x00000000f2300000)
 ParOldGen       total 30208K, used 4130K [0x00000000d4200000, 0x00000000d5f80000, 0x00000000f1600000)
  object space 30208K, 13% used [0x00000000d4200000,0x00000000d4608980,0x00000000d5f80000)
 Metaspace       used 8598K, capacity 8824K, committed 8960K, reserved 1056768K
  class space    used 1169K, capacity 1256K, committed 1280K, reserved 1048576K
}
Event: 9.388 GC heap before
{Heap before GC invocations=5 (full 0):
 PSYoungGen      total 13312K, used 13296K [0x00000000f1600000, 0x00000000f2480000, 0x0000000100000000)
  eden space 11776K, 100% used [0x00000000f1600000,0x00000000f2180000,0x00000000f2180000)
  from space 1536K, 98% used [0x00000000f2300000,0x00000000f247c010,0x00000000f2480000)
  to   space 1536K, 0% used [0x00000000f2180000,0x00000000f2180000,0x00000000f2300000)
 ParOldGen       total 30208K, used 4130K [0x00000000d4200000, 0x00000000d5f80000, 0x00000000f1600000)
  object space 30208K, 13% used [0x00000000d4200000,0x00000000d4608980,0x00000000d5f80000)
 Metaspace       used 10119K, capacity 10392K, committed 10496K, reserved 1058816K
  class space    used 1410K, capacity 1480K, committed 1536K, reserved 1048576K
Event: 9.395 GC heap after
Heap after GC invocations=5 (full 0):
 PSYoungGen      total 13312K, used 1520K [0x00000000f1600000, 0x00000000f2880000, 0x0000000100000000)
  eden space 11776K, 0% used [0x00000000f1600000,0x00000000f1600000,0x00000000f2180000)
  from space 1536K, 98% used [0x00000000f2180000,0x00000000f22fc030,0x00000000f2300000)
  to   space 3584K, 0% used [0x00000000f2500000,0x00000000f2500000,0x00000000f2880000)
 ParOldGen       total 30208K, used 5598K [0x00000000d4200000, 0x00000000d5f80000, 0x00000000f1600000)
  object space 30208K, 18% used [0x00000000d4200000,0x00000000d47778d8,0x00000000d5f80000)
 Metaspace       used 10119K, capacity 10392K, committed 10496K, reserved 1058816K
  class space    used 1410K, capacity 1480K, committed 1536K, reserved 1048576K
}
Event: 10.443 GC heap before
{Heap before GC invocations=6 (full 0):
 PSYoungGen      total 13312K, used 13041K [0x00000000f1600000, 0x00000000f2880000, 0x0000000100000000)
  eden space 11776K, 97% used [0x00000000f1600000,0x00000000f2140648,0x00000000f2180000)
  from space 1536K, 98% used [0x00000000f2180000,0x00000000f22fc030,0x00000000f2300000)
  to   space 3584K, 0% used [0x00000000f2500000,0x00000000f2500000,0x00000000f2880000)
 ParOldGen       total 30208K, used 5598K [0x00000000d4200000, 0x00000000d5f80000, 0x00000000f1600000)
  object space 30208K, 18% used [0x00000000d4200000,0x00000000d47778d8,0x00000000d5f80000)
 Metaspace       used 12056K, capacity 12280K, committed 12544K, reserved 1060864K
  class space    used 1687K, capacity 1768K, committed 1792K, reserved 1048576K
Event: 10.451 GC heap after
Heap after GC invocations=6 (full 0):
 PSYoungGen      total 14848K, used 3580K [0x00000000f1600000, 0x00000000f2980000, 0x0000000100000000)
  eden space 11264K, 0% used [0x00000000f1600000,0x00000000f1600000,0x00000000f2100000)
  from space 3584K, 99% used [0x00000000f2500000,0x00000000f287f2a0,0x00000000f2880000)
  to   space 4096K, 0% used [0x00000000f2100000,0x00000000f2100000,0x00000000f2500000)
 ParOldGen       total 30208K, used 5977K [0x00000000d4200000, 0x00000000d5f80000, 0x00000000f1600000)
  object space 30208K, 19% used [0x00000000d4200000,0x00000000d47d67c0,0x00000000d5f80000)
 Metaspace       used 12056K, capacity 12280K, committed 12544K, reserved 1060864K
  class space    used 1687K, capacity 1768K, committed 1792K, reserved 1048576K
}
Event: 11.524 GC heap before
{Heap before GC invocations=7 (full 0):
 PSYoungGen      total 14848K, used 14844K [0x00000000f1600000, 0x00000000f2980000, 0x0000000100000000)
  eden space 11264K, 100% used [0x00000000f1600000,0x00000000f2100000,0x00000000f2100000)
  from space 3584K, 99% used [0x00000000f2500000,0x00000000f287f2a0,0x00000000f2880000)
  to   space 4096K, 0% used [0x00000000f2100000,0x00000000f2100000,0x00000000f2500000)
 ParOldGen       total 30208K, used 5977K [0x00000000d4200000, 0x00000000d5f80000, 0x00000000f1600000)
  object space 30208K, 19% used [0x00000000d4200000,0x00000000d47d67c0,0x00000000d5f80000)
 Metaspace       used 14981K, capacity 15288K, committed 15488K, reserved 1062912K
  class space    used 2049K, capacity 2152K, committed 2176K, reserved 1048576K
Event: 11.534 GC heap after
Heap after GC invocations=7 (full 0):
 PSYoungGen      total 15360K, used 3985K [0x00000000f1600000, 0x00000000f2a00000, 0x0000000100000000)
  eden space 11264K, 0% used [0x00000000f1600000,0x00000000f1600000,0x00000000f2100000)
  from space 4096K, 97% used [0x00000000f2100000,0x00000000f24e4638,0x00000000f2500000)
  to   space 4608K, 0% used [0x00000000f2580000,0x00000000f2580000,0x00000000f2a00000)
 ParOldGen       total 30208K, used 6986K [0x00000000d4200000, 0x00000000d5f80000, 0x00000000f1600000)
  object space 30208K, 23% used [0x00000000d4200000,0x00000000d48d2950,0x00000000d5f80000)
 Metaspace       used 14981K, capacity 15288K, committed 15488K, reserved 1062912K
  class space    used 2049K, capacity 2152K, committed 2176K, reserved 1048576K
}

Deoptimization events (8 events):
Event: 4.669 Thread 0x000000000273e000 Uncommon trap: reason=unstable_if action=reinterpret pc=0x0000000002c3febc method=java.util.HashMap.getNode(ILjava/lang/Object;)Ljava/util/HashMap$Node; @ 129
Event: 6.199 Thread 0x000000000273e000 Uncommon trap: reason=predicate action=maybe_recompile pc=0x0000000002c617c4 method=sun.net.www.ParseUtil.encodePath(Ljava/lang/String;Z)Ljava/lang/String; @ 36
Event: 6.340 Thread 0x000000000273e000 Uncommon trap: reason=unstable_if action=reinterpret pc=0x0000000002c80974 method=java.lang.String$CaseInsensitiveComparator.compare(Ljava/lang/String;Ljava/lang/String;)I @ 26
Event: 6.943 Thread 0x000000000273e000 Uncommon trap: reason=unstable_if action=reinterpret pc=0x0000000002c7403c method=java.lang.String$CaseInsensitiveComparator.compare(Ljava/lang/String;Ljava/lang/String;)I @ 26
Event: 9.574 Thread 0x000000000273e000 Uncommon trap: reason=bimorphic action=maybe_recompile pc=0x0000000002c94098 method=java.util.HashMap.putVal(ILjava/lang/Object;Ljava/lang/Object;ZZ)Ljava/lang/Object; @ 203
Event: 9.574 Thread 0x000000000273e000 Uncommon trap: reason=bimorphic action=maybe_recompile pc=0x0000000002c94098 method=java.util.HashMap.putVal(ILjava/lang/Object;Ljava/lang/Object;ZZ)Ljava/lang/Object; @ 203
Event: 9.574 Thread 0x000000000273e000 Uncommon trap: reason=bimorphic action=maybe_recompile pc=0x0000000002c94098 method=java.util.HashMap.putVal(ILjava/lang/Object;Ljava/lang/Object;ZZ)Ljava/lang/Object; @ 203
Event: 9.574 Thread 0x000000000273e000 Uncommon trap: reason=bimorphic action=maybe_recompile pc=0x0000000002c94098 method=java.util.HashMap.putVal(ILjava/lang/Object;Ljava/lang/Object;ZZ)Ljava/lang/Object; @ 203

Internal exceptions (10 events):
Event: 11.163 Thread 0x000000000273e000 Exception <a 'java/lang/ClassNotFoundException': groovy/lang/ExpandoMetaClassBeanInfo> (0x00000000f1af9998) thrown at [C:\re\workspace\8-2-build-windows-amd64-cygwin\jdk8u101\7261\hotspot\src\share\vm\classfile\systemDictionary.cpp, line 210]
Event: 11.164 Thread 0x000000000273e000 Exception <a 'java/lang/ClassNotFoundException': groovy/lang/MetaClassImplBeanInfo> (0x00000000f1b04630) thrown at [C:\re\workspace\8-2-build-windows-amd64-cygwin\jdk8u101\7261\hotspot\src\share\vm\classfile\systemDictionary.cpp, line 210]
Event: 11.164 Thread 0x000000000273e000 Exception <a 'java/lang/ClassNotFoundException': java/lang/ObjectBeanInfo> (0x00000000f1b095b8) thrown at [C:\re\workspace\8-2-build-windows-amd64-cygwin\jdk8u101\7261\hotspot\src\share\vm\classfile\systemDictionary.cpp, line 210]
Event: 11.164 Thread 0x000000000273e000 Exception <a 'java/lang/ClassNotFoundException': java/lang/ObjectCustomizer> (0x00000000f1b0e688) thrown at [C:\re\workspace\8-2-build-windows-amd64-cygwin\jdk8u101\7261\hotspot\src\share\vm\classfile\systemDictionary.cpp, line 210]
Event: 11.197 Thread 0x000000000273e000 Exception <a 'java/lang/ClassNotFoundException': groovy/lang/MetaClassImplCustomizer> (0x00000000f1b210a8) thrown at [C:\re\workspace\8-2-build-windows-amd64-cygwin\jdk8u101\7261\hotspot\src\share\vm\classfile\systemDictionary.cpp, line 210]
Event: 11.200 Thread 0x000000000273e000 Exception <a 'java/lang/ClassNotFoundException': groovy/lang/ExpandoMetaClassCustomizer> (0x00000000f1b549d8) thrown at [C:\re\workspace\8-2-build-windows-amd64-cygwin\jdk8u101\7261\hotspot\src\share\vm\classfile\systemDictionary.cpp, line 210]
Event: 11.229 Thread 0x000000000273e000 Exception <a 'java/lang/ClassNotFoundException': org/gradle/api/internal/plugins/DefaultExtraPropertiesExtensionBeanInfo> (0x00000000f1bd5190) thrown at [C:\re\workspace\8-2-build-windows-amd64-cygwin\jdk8u101\7261\hotspot\src\share\vm\classfile\systemDictï⁄K∆}u&@
Event: 11.229 Thread 0x000000000273e000 Exception <a 'java/lang/ClassNotFoundException': groovy/lang/GroovyObjectSupportBeanInfo> (0x00000000f1be0fc8) thrown at [C:\re\workspace\8-2-build-windows-amd64-cygwin\jdk8u101\7261\hotspot\src\share\vm\classfile\systemDictionary.cpp, line 210]
Event: 11.230 Thread 0x000000000273e000 Exception <a 'java/lang/ClassNotFoundException': groovy/lang/GroovyObjectSupportCustomizer> (0x00000000f1bed188) thrown at [C:\re\workspace\8-2-build-windows-amd64-cygwin\jdk8u101\7261\hotspot\src\share\vm\classfile\systemDictionary.cpp, line 210]
Event: 11.231 Thread 0x000000000273e000 Exception <a 'java/lang/ClassNotFoundException': org/gradle/api/internal/plugins/DefaultExtraPropertiesExtensionCustomizer> (0x00000000f1c03628) thrown at [C:\re\workspace\8-2-build-windows-amd64-cygwin\jdk8u101\7261\hotspot\src\share\vm\classfile\systemDiÀe9ÌÅS&@

Events (10 events):
Event: 11.651 loading class org/gradle/api/internal/artifacts/ModuleInternal
Event: 11.651 loading class org/gradle/api/internal/artifacts/ModuleInternal done
Event: 11.652 loading class org/gradle/api/artifacts/Module
Event: 11.652 loading class org/gradle/api/artifacts/Module done
Event: 11.652 loading class org/gradle/api/internal/artifacts/dsl/dependencies/UnknownProjectFinder
Event: 11.652 loading class org/gradle/api/internal/artifacts/dsl/dependencies/UnknownProjectFinder done
Event: 11.653 loading class org/gradle/api/UnknownProjectException
Event: 11.653 loading class org/gradle/api/UnknownProjectException done
Event: 11.654 loading class org/gradle/model/internal/inspect/ModelRuleSourceDetector$2
Event: 11.654 loading class org/gradle/model/internal/inspect/ModelRuleSourceDetector$2 done


Dynamic libraries:
0x00007ff7ab370000 - 0x00007ff7ab3a7000 	C:\ProgramData\Oracle\Java\javapath\java.exe
0x00007ff9429d0000 - 0x00007ff942b92000 	C:\WINDOWS\SYSTEM32\ntdll.dll
0x00007ff942600000 - 0x00007ff9426ad000 	C:\WINDOWS\system32\KERNEL32.DLL
0x00007ff93f4f0000 - 0x00007ff93f6cd000 	C:\WINDOWS\system32\KERNELBASE.dll
0x00007ff9421d0000 - 0x00007ff942276000 	C:\WINDOWS\system32\ADVAPI32.dll
0x00007ff942930000 - 0x00007ff9429cd000 	C:\WINDOWS\system32\msvcrt.dll
0x00007ff9401a0000 - 0x00007ff9401fb000 	C:\WINDOWS\system32\sechost.dll
0x00007ff942280000 - 0x00007ff9423a6000 	C:\WINDOWS\system32\RPCRT4.dll
0x00007ff941ef0000 - 0x00007ff94203e000 	C:\WINDOWS\system32\USER32.dll
0x00007ff940200000 - 0x00007ff940383000 	C:\WINDOWS\system32\GDI32.dll
0x00007ff9369d0000 - 0x00007ff936c44000 	C:\WINDOWS\WinSxS\amd64_microsoft.windows.common-controls_6595b64144ccf1df_6.0.10240.17184_none_f41d7a705752bce6\COMCTL32.dll
0x00007ff9423b0000 - 0x00007ff9423e6000 	C:\WINDOWS\system32\IMM32.DLL
0x00007ff9418c0000 - 0x00007ff941a1c000 	C:\WINDOWS\system32\MSCTF.dll
0x000000005ed20000 - 0x000000005edf2000 	C:\Program Files\Java\jre1.8.0_101\bin\msvcr100.dll
0x000000005e480000 - 0x000000005ed1a000 	C:\Program Files\Java\jre1.8.0_101\bin\server\jvm.dll
0x00007ff942050000 - 0x00007ff942058000 	C:\WINDOWS\system32\PSAPI.DLL
0x00007ff9377f0000 - 0x00007ff9377f9000 	C:\WINDOWS\SYSTEM32\WSOCK32.dll
0x00007ff93da80000 - 0x00007ff93daa3000 	C:\WINDOWS\SYSTEM32\WINMM.dll
0x00007ff941db0000 - 0x00007ff941e19000 	C:\WINDOWS\system32\WS2_32.dll
0x00007ff942040000 - 0x00007ff942048000 	C:\WINDOWS\system32\NSI.dll
0x00007ff9351d0000 - 0x00007ff9351da000 	C:\WINDOWS\SYSTEM32\VERSION.dll
0x00007ff93da20000 - 0x00007ff93da4c000 	C:\WINDOWS\SYSTEM32\WINMMBASE.dll
0x00007ff93f6d0000 - 0x00007ff93f714000 	C:\WINDOWS\system32\cfgmgr32.dll
0x00007ff93dd70000 - 0x00007ff93dd97000 	C:\WINDOWS\SYSTEM32\DEVOBJ.dll
0x000000005e470000 - 0x000000005e47f000 	C:\Program Files\Java\jre1.8.0_101\bin\verify.dll
0x000000005e440000 - 0x000000005e469000 	C:\Program Files\Java\jre1.8.0_101\bin\java.dll
0x000000005e420000 - 0x000000005e436000 	C:\Program Files\Java\jre1.8.0_101\bin\zip.dll
0x00007ff940390000 - 0x00007ff9418b3000 	C:\WINDOWS\system32\SHELL32.dll
0x00007ff93f7d0000 - 0x00007ff93fdf9000 	C:\WINDOWS\system32\windows.storage.dll
0x00007ff9426b0000 - 0x00007ff94292c000 	C:\WINDOWS\system32\combase.dll
0x00007ff941d50000 - 0x00007ff941da1000 	C:\WINDOWS\system32\shlwapi.dll
0x00007ff93f460000 - 0x00007ff93f46f000 	C:\WINDOWS\system32\kernel.appcore.dll
0x00007ff93fe00000 - 0x00007ff93feb3000 	C:\WINDOWS\system32\shcore.dll
0x00007ff93f3f0000 - 0x00007ff93f43a000 	C:\WINDOWS\system32\powrprof.dll
0x00007ff93f470000 - 0x00007ff93f483000 	C:\WINDOWS\system32\profapi.dll
0x000000005e400000 - 0x000000005e41a000 	C:\Program Files\Java\jre1.8.0_101\bin\net.dll
0x00007ff93ec60000 - 0x00007ff93ecbd000 	C:\WINDOWS\system32\mswsock.dll
0x000000005e3e0000 - 0x000000005e3f1000 	C:\Program Files\Java\jre1.8.0_101\bin\nio.dll
0x00007ff934b00000 - 0x00007ff934b12000 	C:\Users\muammar furqon\.gradle\native\19\windows-amd64\native-platform.dll
0x0000000180000000 - 0x0000000180037000 	C:\Users\muammar furqon\.gradle\native\jna\win32-amd64\jnidispatch.dll
0x00007ff93ecc0000 - 0x00007ff93ecd7000 	C:\WINDOWS\SYSTEM32\CRYPTSP.dll
0x00007ff93ef30000 - 0x00007ff93ef58000 	C:\WINDOWS\SYSTEM32\bcrypt.dll
0x00007ff93e910000 - 0x00007ff93e943000 	C:\WINDOWS\system32\rsaenh.dll
0x00007ff93ea00000 - 0x00007ff93ea1f000 	C:\WINDOWS\SYSTEM32\USERENV.dll
0x00007ff93f240000 - 0x00007ff93f2ab000 	C:\WINDOWS\system32\bcryptprimitives.dll
0x00007ff93ee30000 - 0x00007ff93ee3b000 	C:\WINDOWS\SYSTEM32\CRYPTBASE.dll
0x00007ff93c900000 - 0x00007ff93c938000 	C:\WINDOWS\SYSTEM32\IPHLPAPI.DLL
0x00007ff93c8f0000 - 0x00007ff93c8fb000 	C:\WINDOWS\SYSTEM32\WINNSI.DLL
0x00007ff93b060000 - 0x00007ff93b076000 	C:\WINDOWS\SYSTEM32\dhcpcsvc6.DLL
0x00007ff93b040000 - 0x00007ff93b05a000 	C:\WINDOWS\SYSTEM32\dhcpcsvc.DLL
0x000000005e3d0000 - 0x000000005e3dd000 	C:\Program Files\Java\jre1.8.0_101\bin\management.dll

VM Arguments:
jvm_args: -Dorg.gradle.appname=gradlew 
java_command: org.gradle.wrapper.GradleWrapperMain installDebug
java_class_path (initial): E:\BootArk\CobaReact\CobaReact\android\\gradle\wrapper\gradle-wrapper.jar
Launcher Type: SUN_STANDARD

Environment Variables:
CLASSPATH=E:\BootArk\CobaReact\CobaReact\android\\gradle\wrapper\gradle-wrapper.jar
PATH=C:\Users\muammar furqon\AppData\Roaming\npm;C:\Program Files\nodejs\;C:\oraclexe\app\oracle\product\11.2.0\server\bin;;C:\ProgramData\Oracle\Java\javapath;C:\WINDOWS\system32;C:\WINDOWS;C:\WINDOWS\System32\Wbem;C:\WINDOWS\System32\WindowsPowerShell\v1.0\;C:\Program Files\Microsoft SQL Server\Client SDK\ODBC\110\Tools\Binn\;C:\Program Files (x86)\Microsoft SQL Server\120\Tools\Binn\;C:\Program Files\Microsoft SQL Server\120\Tools\Binn\;C:\Program Files\Microsoft SQL Server\120\DTS\Binn\;C:\Program Files\nodejs\;C:\Program Files\Microsoft SQL Server\110\Tools\Binn\;c:\Program Files (x86)\Microsoft SQL Server\110\Tools\Binn\ManagementStudio\;c:\Program Files (x86)\Microsoft SQL Server\110\Tools\Binn\;c:\Program Files (x86)\Microsoft SQL Server\110\DTS\Binn\;C:\Program Files\Git\;C:\Program Files\Git\bin\;E:\BootArk\Sdk\platform-tools;C:\Users\muammar furqon\AppData\Roaming\npm;C:\Users\muammar furqon\AppData\Local\Android\Sdk\platform-tools
USERNAME=muammar furqon
OS=Windows_NT
PROCESSOR_IDENTIFIER=Intel64 Family 6 Model 37 Stepping 2, GenuineIntel



---------------  S Y S T E M  ---------------

OS: Windows 10.0 , 64 bit Build 10240 (10.0.10240.17113)

CPU:total 2 (2 cores per cpu, 1 threads per core) family 6 model 37 stepping 2, cmov, cx8, fxsr, mmx, sse, sse2, sse3, ssse3, popcnt, tsc, tscinvbit

Memory: 4k page, physical 2871812k(164040k free), swap 4986724k(4576k free)

vm_info: Java HotSpot(TM) 64-Bit Server VM (25.101-b13) for windows-amd64 JRE (1.8.0_101-b13), built on Jun 22 2016 01:21:29 by "java_re" with MS VC++ 10.0 (VS2010)

time: Sat Apr 14 12:50:14 2018
elapsed time: 11 seconds (0d 0h 0m 11s)

