#
# There is insufficient memory for the Java Runtime Environment to continue.
# Native memory allocation (malloc) failed to allocate 378256 bytes for Chunk::new
# Possible reasons:
#   The system is out of physical RAM or swap space
#   In 32 bit mode, the process size limit was hit
# Possible solutions:
#   Reduce memory load on the system
#   Increase physical memory or swap space
#   Check if swap backing store is full
#   Use 64 bit Java on a 64 bit OS
#   Decrease Java heap size (-Xmx/-Xms)
#   Decrease number of Java threads
#   Decrease Java thread stack sizes (-Xss)
#   Set larger code cache with -XX:ReservedCodeCacheSize=
# This output file may be truncated or incomplete.
#
#  Out of Memory Error (allocation.cpp:390), pid=6008, tid=0x00000000000016c0
#
# JRE version: Java(TM) SE Runtime Environment (8.0_101-b13) (build 1.8.0_101-b13)
# Java VM: Java HotSpot(TM) 64-Bit Server VM (25.101-b13 mixed mode windows-amd64 compressed oops)
# Failed to write core dump. Minidumps are not enabled by default on client versions of Windows
#

---------------  T H R E A D  ---------------

Current thread (0x00000000140ab800):  JavaThread "C2 CompilerThread0" daemon [_thread_in_native, id=5824, stack(0x00000000150f0000,0x00000000151f0000)]

Stack: [0x00000000150f0000,0x00000000151f0000]
[error occurred during error reporting (printing stack bounds), id 0xc0000005]

Native frames: (J=compiled Java code, j=interpreted, Vv=VM code, C=native code)


Current CompileTask:
C2:  32105 6260   !   4       sun.misc.Resource::getBytes (242 bytes)


---------------  P R O C E S S  ---------------

Java Threads: ( => current thread )
  0x0000000017118800 JavaThread "Device List Monitor" [_thread_in_native, id=2432, stack(0x000000001b970000,0x000000001ba70000)]
  0x00000000184a3800 JavaThread "Monitor" [_thread_in_native, id=5192, stack(0x000000001ac50000,0x000000001ad50000)]
  0x0000000018804000 JavaThread "File lock request listener" [_thread_in_native, id=6612, stack(0x000000001a150000,0x000000001a250000)]
  0x0000000016b87000 JavaThread "pool-1-thread-1" [_thread_blocked, id=5196, stack(0x00000000160f0000,0x00000000161f0000)]
  0x000000001412d800 JavaThread "Service Thread" daemon [_thread_blocked, id=6888, stack(0x00000000152f0000,0x00000000153f0000)]
  0x00000000140ae800 JavaThread "C1 CompilerThread1" daemon [_thread_in_native, id=2252, stack(0x00000000151f0000,0x00000000152f0000)]
=>0x00000000140ab800 JavaThread "C2 CompilerThread0" daemon [_thread_in_native, id=5824, stack(0x00000000150f0000,0x00000000151f0000)]
  0x00000000140aa000 JavaThread "Attach Listener" daemon [_thread_blocked, id=8072, stack(0x0000000014ff0000,0x00000000150f0000)]
  0x00000000140a5800 JavaThread "Signal Dispatcher" daemon [_thread_blocked, id=5436, stack(0x0000000014ef0000,0x0000000014ff0000)]
  0x0000000014098800 JavaThread "Finalizer" daemon [_thread_blocked, id=7724, stack(0x0000000014d10000,0x0000000014e10000)]
  0x00000000027de000 JavaThread "Reference Handler" daemon [_thread_blocked, id=5792, stack(0x0000000014c10000,0x0000000014d10000)]
  0x00000000026ee000 JavaThread "main" [_thread_in_Java, id=6472, stack(0x00000000025b0000,0x00000000026b0000)]

Other Threads:
  0x0000000014075800 VMThread [stack: 0x0000000014b10000,0x0000000014c10000] [id=7580]
  0x0000000014132000 WatcherThread [stack: 0x00000000153f0000,0x00000000154f0000] [id=4856]

VM state:not at safepoint (normal execution)

VM Mutex/Monitor currently owned by a thread: None

Heap:
 PSYoungGen      total 111616K, used 75465K [0x00000000f1600000, 0x00000000fa300000, 0x0000000100000000)
  eden space 99840K, 63% used [0x00000000f1600000,0x00000000f5438258,0x00000000f7780000)
  from space 11776K, 99% used [0x00000000f7780000,0x00000000f82fa210,0x00000000f8300000)
  to   space 13824K, 0% used [0x00000000f9580000,0x00000000f9580000,0x00000000fa300000)
 ParOldGen       total 56832K, used 21232K [0x00000000d4200000, 0x00000000d7980000, 0x00000000f1600000)
  object space 56832K, 37% used [0x00000000d4200000,0x00000000d56bc170,0x00000000d7980000)
 Metaspace       used 50445K, capacity 51732K, committed 51928K, reserved 1093632K
  class space    used 6945K, capacity 7289K, committed 7384K, reserved 1048576K

Card table byte_map: [0x0000000011bb0000,0x0000000011d10000] byte_map_base: 0x000000001150f000

Marking Bits: (ParMarkBitMap*) 0x000000005ec9a6d0
 Begin Bits: [0x0000000012000000, 0x0000000012af8000)
 End Bits:   [0x0000000012af8000, 0x00000000135f0000)

Polling page: 0x0000000000e30000

CodeCache: size=245760Kb used=17929Kb max_used=18280Kb free=227830Kb
 bounds [0x00000000027f0000, 0x00000000039e0000, 0x00000000117f0000]
 total_blobs=6422 nmethods=5714 adapters=620
 compilation: enabled

Compilation events (10 events):
Event: 31.894 Thread 0x00000000140ae800 nmethod 6255 0x0000000002bf1d10 code [0x0000000002bf1ea0, 0x0000000002bf24a8]
Event: 31.894 Thread 0x00000000140ae800 6256       1       org.gradle.cache.internal.btree.BlockPayload::getBlock (5 bytes)
Event: 31.894 Thread 0x00000000140ae800 nmethod 6256 0x00000000033e00d0 code [0x00000000033e0220, 0x00000000033e0330]
Event: 31.894 Thread 0x00000000140ae800 6257       3       com.google.common.io.CountingOutputStream::write (19 bytes)
Event: 31.895 Thread 0x00000000140ae800 nmethod 6257 0x0000000002dba590 code [0x0000000002dba700, 0x0000000002dba948]
Event: 31.895 Thread 0x00000000140ae800 6258       3       java.util.Collections::binarySearch (31 bytes)
Event: 31.896 Thread 0x00000000140ae800 nmethod 6258 0x0000000002a24a50 code [0x0000000002a24be0, 0x0000000002a24fe8]
Event: 31.920 Thread 0x00000000140ae800 6259       1       java.util.concurrent.atomic.AtomicInteger::get (5 bytes)
Event: 31.920 Thread 0x00000000140ae800 nmethod 6259 0x0000000002921190 code [0x00000000029212e0, 0x00000000029213f0]
Event: 31.968 Thread 0x00000000140ab800 6260   !   4       sun.misc.Resource::getBytes (242 bytes)

GC Heap History (10 events):
Event: 10.342 GC heap before
{Heap before GC invocations=11 (full 1):
 PSYoungGen      total 78848K, used 78684K [0x00000000f1600000, 0x00000000f7800000, 0x0000000100000000)
  eden space 72192K, 100% used [0x00000000f1600000,0x00000000f5c80000,0x00000000f5c80000)
  from space 6656K, 97% used [0x00000000f6c80000,0x00000000f72d7180,0x00000000f7300000)
  to   space 5120K, 0% used [0x00000000f7300000,0x00000000f7300000,0x00000000f7800000)
 ParOldGen       total 35328K, used 12513K [0x00000000d4200000, 0x00000000d6480000, 0x00000000f1600000)
  object space 35328K, 35% used [0x00000000d4200000,0x00000000d4e38488,0x00000000d6480000)
 Metaspace       used 33810K, capacity 34240K, committed 34560K, reserved 1079296K
  class space    used 4627K, capacity 4769K, committed 4864K, reserved 1048576K
Event: 10.372 GC heap after
Heap after GC invocations=11 (full 1):
 PSYoungGen      total 89600K, used 5107K [0x00000000f1600000, 0x00000000f7d80000, 0x0000000100000000)
  eden space 84480K, 0% used [0x00000000f1600000,0x00000000f1600000,0x00000000f6880000)
  from space 5120K, 99% used [0x00000000f7300000,0x00000000f77fcca0,0x00000000f7800000)
  to   space 10752K, 0% used [0x00000000f6880000,0x00000000f6880000,0x00000000f7300000)
 ParOldGen       total 35328K, used 18238K [0x00000000d4200000, 0x00000000d6480000, 0x00000000f1600000)
  object space 35328K, 51% used [0x00000000d4200000,0x00000000d53cfa10,0x00000000d6480000)
 Metaspace       used 33810K, capacity 34240K, committed 34560K, reserved 1079296K
  class space    used 4627K, capacity 4769K, committed 4864K, reserved 1048576K
}
Event: 11.276 GC heap before
{Heap before GC invocations=12 (full 1):
 PSYoungGen      total 89600K, used 38748K [0x00000000f1600000, 0x00000000f7d80000, 0x0000000100000000)
  eden space 84480K, 39% used [0x00000000f1600000,0x00000000f36da4c0,0x00000000f6880000)
  from space 5120K, 99% used [0x00000000f7300000,0x00000000f77fcca0,0x00000000f7800000)
  to   space 10752K, 0% used [0x00000000f6880000,0x00000000f6880000,0x00000000f7300000)
 ParOldGen       total 35328K, used 18238K [0x00000000d4200000, 0x00000000d6480000, 0x00000000f1600000)
  object space 35328K, 51% used [0x00000000d4200000,0x00000000d53cfa10,0x00000000d6480000)
 Metaspace       used 34527K, capacity 35094K, committed 35416K, reserved 1079296K
  class space    used 4743K, capacity 4926K, committed 4952K, reserved 1048576K
Event: 11.324 GC heap after
Heap after GC invocations=12 (full 1):
 PSYoungGen      total 95232K, used 10093K [0x00000000f1600000, 0x00000000f9180000, 0x0000000100000000)
  eden space 84480K, 0% used [0x00000000f1600000,0x00000000f1600000,0x00000000f6880000)
  from space 10752K, 93% used [0x00000000f6880000,0x00000000f725b580,0x00000000f7300000)
  to   space 12288K, 0% used [0x00000000f8580000,0x00000000f8580000,0x00000000f9180000)
 ParOldGen       total 35328K, used 18246K [0x00000000d4200000, 0x00000000d6480000, 0x00000000f1600000)
  object space 35328K, 51% used [0x00000000d4200000,0x00000000d53d1a10,0x00000000d6480000)
 Metaspace       used 34527K, capacity 35094K, committed 35416K, reserved 1079296K
  class space    used 4743K, capacity 4926K, committed 4952K, reserved 1048576K
}
Event: 11.324 GC heap before
{Heap before GC invocations=13 (full 2):
 PSYoungGen      total 95232K, used 10093K [0x00000000f1600000, 0x00000000f9180000, 0x0000000100000000)
  eden space 84480K, 0% used [0x00000000f1600000,0x00000000f1600000,0x00000000f6880000)
  from space 10752K, 93% used [0x00000000f6880000,0x00000000f725b580,0x00000000f7300000)
  to   space 12288K, 0% used [0x00000000f8580000,0x00000000f8580000,0x00000000f9180000)
 ParOldGen       total 35328K, used 18246K [0x00000000d4200000, 0x00000000d6480000, 0x00000000f1600000)
  object space 35328K, 51% used [0x00000000d4200000,0x00000000d53d1a10,0x00000000d6480000)
 Metaspace       used 34527K, capacity 35094K, committed 35416K, reserved 1079296K
  class space    used 4743K, capacity 4926K, committed 4952K, reserved 1048576K
Event: 11.664 GC heap after
Heap after GC invocations=13 (full 2):
 PSYoungGen      total 95232K, used 0K [0x00000000f1600000, 0x00000000f9180000, 0x0000000100000000)
  eden space 84480K, 0% used [0x00000000f1600000,0x00000000f1600000,0x00000000f6880000)
  from space 10752K, 0% used [0x00000000f6880000,0x00000000f6880000,0x00000000f7300000)
  to   space 12288K, 0% used [0x00000000f8580000,0x00000000f8580000,0x00000000f9180000)
 ParOldGen       total 56832K, used 19350K [0x00000000d4200000, 0x00000000d7980000, 0x00000000f1600000)
  object space 56832K, 34% used [0x00000000d4200000,0x00000000d54e58b8,0x00000000d7980000)
 Metaspace       used 34527K, capacity 35094K, committed 35416K, reserved 1079296K
  class space    used 4743K, capacity 4926K, committed 4952K, reserved 1048576K
}
Event: 14.479 GC heap before
{Heap before GC invocations=14 (full 2):
 PSYoungGen      total 95232K, used 84480K [0x00000000f1600000, 0x00000000f9180000, 0x0000000100000000)
  eden space 84480K, 100% used [0x00000000f1600000,0x00000000f6880000,0x00000000f6880000)
  from space 10752K, 0% used [0x00000000f6880000,0x00000000f6880000,0x00000000f7300000)
  to   space 12288K, 0% used [0x00000000f8580000,0x00000000f8580000,0x00000000f9180000)
 ParOldGen       total 56832K, used 19350K [0x00000000d4200000, 0x00000000d7980000, 0x00000000f1600000)
  object space 56832K, 34% used [0x00000000d4200000,0x00000000d54e58b8,0x00000000d7980000)
 Metaspace       used 41858K, capacity 42616K, committed 42968K, reserved 1085440K
  class space    used 5781K, capacity 5997K, committed 6104K, reserved 1048576K
Event: 14.493 GC heap after
Heap after GC invocations=14 (full 2):
 PSYoungGen      total 109056K, used 6284K [0x00000000f1600000, 0x00000000f8e80000, 0x0000000100000000)
  eden space 99840K, 0% used [0x00000000f1600000,0x00000000f1600000,0x00000000f7780000)
  from space 9216K, 68% used [0x00000000f8580000,0x00000000f8ba3180,0x00000000f8e80000)
  to   space 11776K, 0% used [0x00000000f7780000,0x00000000f7780000,0x00000000f8300000)
 ParOldGen       total 56832K, used 19422K [0x00000000d4200000, 0x00000000d7980000, 0x00000000f1600000)
  object space 56832K, 34% used [0x00000000d4200000,0x00000000d54f78c8,0x00000000d7980000)
 Metaspace       used 41858K, capacity 42616K, committed 42968K, reserved 1085440K
  class space    used 5781K, capacity 5997K, committed 6104K, reserved 1048576K
}
Event: 17.236 GC heap before
{Heap before GC invocations=15 (full 2):
 PSYoungGen      total 109056K, used 106124K [0x00000000f1600000, 0x00000000f8e80000, 0x0000000100000000)
  eden space 99840K, 100% used [0x00000000f1600000,0x00000000f7780000,0x00000000f7780000)
  from space 9216K, 68% used [0x00000000f8580000,0x00000000f8ba3180,0x00000000f8e80000)
  to   space 11776K, 0% used [0x00000000f7780000,0x00000000f7780000,0x00000000f8300000)
 ParOldGen       total 56832K, used 19422K [0x00000000d4200000, 0x00000000d7980000, 0x00000000f1600000)
  object space 56832K, 34% used [0x00000000d4200000,0x00000000d54f78c8,0x00000000d7980000)
 Metaspace       used 46815K, capacity 48086K, committed 48216K, reserved 1091584K
  class space    used 6521K, capacity 6882K, committed 7000K, reserved 1048576K
Event: 17.282 GC heap after
Heap after GC invocations=15 (full 2):
 PSYoungGen      total 111616K, used 11752K [0x00000000f1600000, 0x00000000fa300000, 0x0000000100000000)
  eden space 99840K, 0% used [0x00000000f1600000,0x00000000f1600000,0x00000000f7780000)
  from space 11776K, 99% used [0x00000000f7780000,0x00000000f82fa210,0x00000000f8300000)
  to   space 13824K, 0% used [0x00000000f9580000,0x00000000f9580000,0x00000000fa300000)
 ParOldGen       total 56832K, used 21232K [0x00000000d4200000, 0x00000000d7980000, 0x00000000f1600000)
  object space 56832K, 37% used [0x00000000d4200000,0x00000000d56bc170,0x00000000d7980000)
 Metaspace       used 46815K, capacity 48086K, committed 48216K, reserved 1091584K
  class space    used 6521K, capacity 6882K, committed 7000K, reserved 1048576K
}

Deoptimization events (10 events):
Event: 17.393 Thread 0x00000000026ee000 Uncommon trap: reason=unstable_if action=reinterpret pc=0x000000000309dba0 method=com.esotericsoftware.kryo.io.Output.writeUtf8Length(I)V @ 4
Event: 17.659 Thread 0x00000000026ee000 Uncommon trap: reason=unstable_if action=reinterpret pc=0x0000000002bb0110 method=java.lang.Class.arrayContentsEq([Ljava/lang/Object;[Ljava/lang/Object;)Z @ 1
Event: 17.663 Thread 0x00000000026ee000 Uncommon trap: reason=unstable_if action=reinterpret pc=0x0000000002e475ec method=java.util.concurrent.ConcurrentHashMap.putVal(Ljava/lang/Object;Ljava/lang/Object;Z)Ljava/lang/Object; @ 206
Event: 17.800 Thread 0x00000000026ee000 Uncommon trap: reason=unstable_if action=reinterpret pc=0x0000000002e533ec method=java.lang.Class.arrayContentsEq([Ljava/lang/Object;[Ljava/lang/Object;)Z @ 1
Event: 18.083 Thread 0x00000000026ee000 Uncommon trap: reason=unstable_if action=reinterpret pc=0x000000000366f300 method=com.esotericsoftware.kryo.io.Input.readUtf8(I)V @ 79
Event: 18.410 Thread 0x00000000026ee000 Uncommon trap: reason=unstable_if action=reinterpret pc=0x0000000003809994 method=org.gradle.api.internal.file.pattern.PatternMatcherFactory$PathMatcherBackedSpec.isSatisfiedBy(Lorg/gradle/api/file/RelativePath;)Z @ 11
Event: 18.411 Thread 0x00000000026ee000 Uncommon trap: reason=unstable_if action=reinterpret pc=0x0000000003813904 method=org.gradle.api.internal.file.pattern.FixedStepsPathMatcher.matches([Ljava/lang/String;I)Z @ 70
Event: 18.454 Thread 0x00000000026ee000 Uncommon trap: reason=unstable_if action=reinterpret pc=0x00000000037f80e4 method=org.gradle.api.internal.file.pattern.FixedStepsPathMatcher.matches([Ljava/lang/String;I)Z @ 70
Event: 18.669 Thread 0x00000000184a3800 Uncommon trap: reason=bimorphic action=maybe_recompile pc=0x0000000003520b78 method=java.util.AbstractList$Itr.next()Ljava/lang/Object; @ 14
Event: 19.116 Thread 0x000000001820c800 Uncommon trap: reason=unstable_if action=reinterpret pc=0x0000000003779b14 method=java.lang.AbstractStringBuilder.append(I)Ljava/lang/AbstractStringBuilder; @ 16

Internal exceptions (10 events):
Event: 16.600 Thread 0x00000000026ee000 Exception <a 'java/lang/ClassNotFoundException': org/apache/tools/ant/taskdefs/condition/OsBeanInfo> (0x00000000f6a87a00) thrown at [C:\re\workspace\8-2-build-windows-amd64-cygwin\jdk8u101\7261\hotspot\src\share\vm\classfile\systemDictionary.cpp, line 210]Jø¯™0@
Event: 16.600 Thread 0x00000000026ee000 Exception <a 'java/lang/ClassNotFoundException': org/apache/tools/ant/taskdefs/condition/OsCustomizer> (0x00000000f6a91b88) thrown at [C:\re\workspace\8-2-build-windows-amd64-cygwin\jdk8u101\7261\hotspot\src\share\vm\classfile\systemDictionary.cpp, line 21¼2ôÁ³0@
Event: 16.700 Thread 0x00000000026ee000 Exception <a 'java/lang/ClassNotFoundException': org/gradle/platform/base/BinaryContainer_ImplBeanInfo> (0x00000000f6dee108) thrown at [C:\re\workspace\8-2-build-windows-amd64-cygwin\jdk8u101\7261\hotspot\src\share\vm\classfile\systemDictionary.cpp, line 2÷‰TÅ0³0@
Event: 16.700 Thread 0x00000000026ee000 Exception <a 'java/lang/ClassNotFoundException': org/gradle/model/internal/core/NodeBackedModelMapBeanInfo> (0x00000000f6dfdb20) thrown at [C:\re\workspace\8-2-build-windows-amd64-cygwin\jdk8u101\7261\hotspot\src\share\vm\classfile\systemDictionary.cpp, li#à(ÛM³0@
Event: 16.700 Thread 0x00000000026ee000 Exception <a 'java/lang/ClassNotFoundException': org/gradle/model/internal/core/ModelMapGroovyViewBeanInfo> (0x00000000f6e0d538) thrown at [C:\re\workspace\8-2-build-windows-amd64-cygwin\jdk8u101\7261\hotspot\src\share\vm\classfile\systemDictionary.cpp, li
Event: 16.701 Thread 0x00000000026ee000 Exception <a 'java/lang/ClassNotFoundException': org/gradle/model/internal/core/ModelMapGroovyViewCustomizer> (0x00000000f6e1d8e8) thrown at [C:\re\workspace\8-2-build-windows-amd64-cygwin\jdk8u101\7261\hotspot\src\share\vm\classfile\systemDictionary.cpp, µ‚Â&½³0@
Event: 16.702 Thread 0x00000000026ee000 Exception <a 'java/lang/ClassNotFoundException': org/gradle/model/internal/core/NodeBackedModelMapCustomizer> (0x00000000f6e41128) thrown at [C:\re\workspace\8-2-build-windows-amd64-cygwin\jdk8u101\7261\hotspot\src\share\vm\classfile\systemDictionary.cpp, ›gïAè´0@
Event: 16.707 Thread 0x00000000026ee000 Exception <a 'java/lang/ClassNotFoundException': org/gradle/platform/base/BinaryContainer_ImplCustomizer> (0x00000000f6e9d8f8) thrown at [C:\re\workspace\8-2-build-windows-amd64-cygwin\jdk8u101\7261\hotspot\src\share\vm\classfile\systemDictionary.cpp, line™m§i¿¨1@
Event: 17.659 Thread 0x00000000026ee000 Implicit null exception at 0x0000000002bb008c to 0x0000000002bb00fd
Event: 17.800 Thread 0x00000000026ee000 Implicit null exception at 0x0000000002e53165 to 0x0000000002e533dd

Events (10 events):
Event: 32.002 loading class com/google/wireless/android/sdk/stats/AndroidStudioStats$EmulatorUiEvent$EmulatorUiEventType
Event: 32.002 loading class com/google/wireless/android/sdk/stats/AndroidStudioStats$EmulatorUiEvent$EmulatorUiEventType done
Event: 32.003 loading class com/google/wireless/android/sdk/stats/AndroidStudioStats$EmulatorUiEvent$EmulatorUiEventType$1
Event: 32.003 loading class com/google/wireless/android/sdk/stats/AndroidStudioStats$EmulatorUiEvent$EmulatorUiEventType$1 done
Event: 32.003 loading class com/google/wireless/android/sdk/stats/AndroidStudioStats$EmulatorUiEvent$EmulatorUiEventContext
Event: 32.003 loading class com/google/wireless/android/sdk/stats/AndroidStudioStats$EmulatorUiEvent$EmulatorUiEventContext done
Event: 32.004 loading class com/google/wireless/android/sdk/stats/AndroidStudioStats$EmulatorUiEvent$EmulatorUiEventContext$1
Event: 32.004 loading class com/google/wireless/android/sdk/stats/AndroidStudioStats$EmulatorUiEvent$EmulatorUiEventContext$1 done
Event: 32.004 loading class com/google/wireless/android/sdk/stats/AndroidStudioStats$Hypervisor
Event: 32.004 loading class com/google/wireless/android/sdk/stats/AndroidStudioStats$Hypervisor done


Dynamic libraries:
0x00007ff782e30000 - 0x00007ff782e67000 	C:\ProgramData\Oracle\Java\javapath\java.exe
0x00007ff9429d0000 - 0x00007ff942b92000 	C:\WINDOWS\SYSTEM32\ntdll.dll
0x00007ff942600000 - 0x00007ff9426ad000 	C:\WINDOWS\system32\KERNEL32.DLL
0x00007ff93f4f0000 - 0x00007ff93f6cd000 	C:\WINDOWS\system32\KERNELBASE.dll
0x00007ff9421d0000 - 0x00007ff942276000 	C:\WINDOWS\system32\ADVAPI32.dll
0x00007ff942930000 - 0x00007ff9429cd000 	C:\WINDOWS\system32\msvcrt.dll
0x00007ff9401a0000 - 0x00007ff9401fb000 	C:\WINDOWS\system32\sechost.dll
0x00007ff942280000 - 0x00007ff9423a6000 	C:\WINDOWS\system32\RPCRT4.dll
0x00007ff941ef0000 - 0x00007ff94203e000 	C:\WINDOWS\system32\USER32.dll
0x00007ff940200000 - 0x00007ff940383000 	C:\WINDOWS\system32\GDI32.dll
0x00007ff9369d0000 - 0x00007ff936c44000 	C:\WINDOWS\WinSxS\amd64_microsoft.windows.common-controls_6595b64144ccf1df_6.0.10240.17184_none_f41d7a705752bce6\COMCTL32.dll
0x00007ff9423b0000 - 0x00007ff9423e6000 	C:\WINDOWS\system32\IMM32.DLL
0x00007ff9418c0000 - 0x00007ff941a1c000 	C:\WINDOWS\system32\MSCTF.dll
0x000000005ed20000 - 0x000000005edf2000 	C:\Program Files\Java\jre1.8.0_101\bin\msvcr100.dll
0x000000005e480000 - 0x000000005ed1a000 	C:\Program Files\Java\jre1.8.0_101\bin\server\jvm.dll
0x00007ff942050000 - 0x00007ff942058000 	C:\WINDOWS\system32\PSAPI.DLL
0x00007ff93da80000 - 0x00007ff93daa3000 	C:\WINDOWS\SYSTEM32\WINMM.dll
0x00007ff9351d0000 - 0x00007ff9351da000 	C:\WINDOWS\SYSTEM32\VERSION.dll
0x0000000000e00000 - 0x0000000000e2c000 	C:\WINDOWS\SYSTEM32\WINMMBASE.dll
0x00007ff93f6d0000 - 0x00007ff93f714000 	C:\WINDOWS\system32\cfgmgr32.dll
0x00007ff93dd70000 - 0x00007ff93dd97000 	C:\WINDOWS\SYSTEM32\DEVOBJ.dll
0x00007ff9377f0000 - 0x00007ff9377f9000 	C:\WINDOWS\SYSTEM32\WSOCK32.dll
0x00007ff941db0000 - 0x00007ff941e19000 	C:\WINDOWS\system32\ws2_32.DLL
0x00007ff942040000 - 0x00007ff942048000 	C:\WINDOWS\system32\NSI.dll
0x000000005e470000 - 0x000000005e47f000 	C:\Program Files\Java\jre1.8.0_101\bin\verify.dll
0x000000005e440000 - 0x000000005e469000 	C:\Program Files\Java\jre1.8.0_101\bin\java.dll
0x000000005e420000 - 0x000000005e436000 	C:\Program Files\Java\jre1.8.0_101\bin\zip.dll
0x00007ff940390000 - 0x00007ff9418b3000 	C:\WINDOWS\system32\SHELL32.dll
0x00007ff93f7d0000 - 0x00007ff93fdf9000 	C:\WINDOWS\system32\windows.storage.dll
0x00007ff9426b0000 - 0x00007ff94292c000 	C:\WINDOWS\system32\combase.dll
0x00007ff941d50000 - 0x00007ff941da1000 	C:\WINDOWS\system32\shlwapi.dll
0x00007ff93f460000 - 0x00007ff93f46f000 	C:\WINDOWS\system32\kernel.appcore.dll
0x00007ff93fe00000 - 0x00007ff93feb3000 	C:\WINDOWS\system32\shcore.dll
0x00007ff93f3f0000 - 0x00007ff93f43a000 	C:\WINDOWS\system32\powrprof.dll
0x00007ff93f470000 - 0x00007ff93f483000 	C:\WINDOWS\system32\profapi.dll
0x000000005e400000 - 0x000000005e41a000 	C:\Program Files\Java\jre1.8.0_101\bin\net.dll
0x00007ff93ec60000 - 0x00007ff93ecbd000 	C:\WINDOWS\system32\mswsock.dll
0x000000005e3e0000 - 0x000000005e3f1000 	C:\Program Files\Java\jre1.8.0_101\bin\nio.dll
0x00007ff934ab0000 - 0x00007ff934ac2000 	C:\Users\muammar furqon\.gradle\native\19\windows-amd64\native-platform.dll
0x0000000180000000 - 0x0000000180037000 	C:\Users\muammar furqon\.gradle\native\jna\win32-amd64\jnidispatch.dll
0x00007ff93ecc0000 - 0x00007ff93ecd7000 	C:\WINDOWS\SYSTEM32\CRYPTSP.dll
0x00007ff93ef30000 - 0x00007ff93ef58000 	C:\WINDOWS\SYSTEM32\bcrypt.dll
0x00007ff93e910000 - 0x00007ff93e943000 	C:\WINDOWS\system32\rsaenh.dll
0x00007ff93ea00000 - 0x00007ff93ea1f000 	C:\WINDOWS\SYSTEM32\USERENV.dll
0x00007ff93f240000 - 0x00007ff93f2ab000 	C:\WINDOWS\system32\bcryptprimitives.dll
0x00007ff93ee30000 - 0x00007ff93ee3b000 	C:\WINDOWS\SYSTEM32\CRYPTBASE.dll
0x00007ff93c900000 - 0x00007ff93c938000 	C:\WINDOWS\SYSTEM32\IPHLPAPI.DLL
0x00007ff93c8f0000 - 0x00007ff93c8fb000 	C:\WINDOWS\SYSTEM32\WINNSI.DLL
0x00007ff93b060000 - 0x00007ff93b076000 	C:\WINDOWS\SYSTEM32\dhcpcsvc6.DLL
0x00007ff93b040000 - 0x00007ff93b05a000 	C:\WINDOWS\SYSTEM32\dhcpcsvc.DLL
0x000000005e3d0000 - 0x000000005e3dd000 	C:\Program Files\Java\jre1.8.0_101\bin\management.dll

VM Arguments:
jvm_args: -Dorg.gradle.appname=gradlew 
java_command: org.gradle.wrapper.GradleWrapperMain installDebug
java_class_path (initial): E:\BootArk\CobaReact\CobaReact\android\\gradle\wrapper\gradle-wrapper.jar
Launcher Type: SUN_STANDARD

Environment Variables:
CLASSPATH=E:\BootArk\CobaReact\CobaReact\android\\gradle\wrapper\gradle-wrapper.jar
PATH=C:\Users\muammar furqon\AppData\Roaming\npm;C:\Program Files\nodejs\;C:\oraclexe\app\oracle\product\11.2.0\server\bin;;C:\ProgramData\Oracle\Java\javapath;C:\WINDOWS\system32;C:\WINDOWS;C:\WINDOWS\System32\Wbem;C:\WINDOWS\System32\WindowsPowerShell\v1.0\;C:\Program Files\Microsoft SQL Server\Client SDK\ODBC\110\Tools\Binn\;C:\Program Files (x86)\Microsoft SQL Server\120\Tools\Binn\;C:\Program Files\Microsoft SQL Server\120\Tools\Binn\;C:\Program Files\Microsoft SQL Server\120\DTS\Binn\;C:\Program Files\nodejs\;C:\Program Files\Microsoft SQL Server\110\Tools\Binn\;c:\Program Files (x86)\Microsoft SQL Server\110\Tools\Binn\ManagementStudio\;c:\Program Files (x86)\Microsoft SQL Server\110\Tools\Binn\;c:\Program Files (x86)\Microsoft SQL Server\110\DTS\Binn\;C:\Program Files\Git\;C:\Program Files\Git\bin\;E:\BootArk\Sdk\platform-tools;C:\Users\muammar furqon\AppData\Roaming\npm;C:\Users\muammar furqon\AppData\Local\Android\Sdk\platform-tools
USERNAME=muammar furqon
OS=Windows_NT
PROCESSOR_IDENTIFIER=Intel64 Family 6 Model 37 Stepping 2, GenuineIntel



---------------  S Y S T E M  ---------------

OS: Windows 10.0 , 64 bit Build 10240 (10.0.10240.17113)

CPU:total 2 (2 cores per cpu, 1 threads per core) family 6 model 37 stepping 2, cmov, cx8, fxsr, mmx, sse, sse2, sse3, ssse3, popcnt, tsc, tscinvbit

Memory: 4k page, physical 2871812k(203512k free), swap 4986724k(12620k free)

vm_info: Java HotSpot(TM) 64-Bit Server VM (25.101-b13) for windows-amd64 JRE (1.8.0_101-b13), built on Jun 22 2016 01:21:29 by "java_re" with MS VC++ 10.0 (VS2010)

time: Sat Apr 14 09:18:15 2018
elapsed time: 32 seconds (0d 0h 0m 32s)

