#
# There is insufficient memory for the Java Runtime Environment to continue.
# Native memory allocation (malloc) failed to allocate 1286096 bytes for Chunk::new
# Possible reasons:
#   The system is out of physical RAM or swap space
#   In 32 bit mode, the process size limit was hit
# Possible solutions:
#   Reduce memory load on the system
#   Increase physical memory or swap space
#   Check if swap backing store is full
#   Use 64 bit Java on a 64 bit OS
#   Decrease Java heap size (-Xmx/-Xms)
#   Decrease number of Java threads
#   Decrease Java thread stack sizes (-Xss)
#   Set larger code cache with -XX:ReservedCodeCacheSize=
# This output file may be truncated or incomplete.
#
#  Out of Memory Error (allocation.cpp:390), pid=3640, tid=0x0000000000001870
#
# JRE version: Java(TM) SE Runtime Environment (8.0_101-b13) (build 1.8.0_101-b13)
# Java VM: Java HotSpot(TM) 64-Bit Server VM (25.101-b13 mixed mode windows-amd64 compressed oops)
# Failed to write core dump. Minidumps are not enabled by default on client versions of Windows
#

---------------  T H R E A D  ---------------

Current thread (0x0000000013e79800):  JavaThread "C2 CompilerThread0" daemon [_thread_in_native, id=6256, stack(0x0000000014e90000,0x0000000014f90000)]

Stack: [0x0000000014e90000,0x0000000014f90000]
[error occurred during error reporting (printing stack bounds), id 0xc0000005]

Native frames: (J=compiled Java code, j=interpreted, Vv=VM code, C=native code)


Current CompileTask:
C2:  16391 1561       4       groovy.lang.MetaClassImpl$1MOPIter::methodNameAction (479 bytes)


---------------  P R O C E S S  ---------------

Java Threads: ( => current thread )
  0x0000000016a8b800 JavaThread "pool-1-thread-1" [_thread_blocked, id=3200, stack(0x0000000015e90000,0x0000000015f90000)]
  0x0000000013edb000 JavaThread "Service Thread" daemon [_thread_blocked, id=5672, stack(0x0000000015090000,0x0000000015190000)]
  0x0000000013ed4800 JavaThread "C1 CompilerThread1" daemon [_thread_blocked, id=3400, stack(0x0000000014f90000,0x0000000015090000)]
=>0x0000000013e79800 JavaThread "C2 CompilerThread0" daemon [_thread_in_native, id=6256, stack(0x0000000014e90000,0x0000000014f90000)]
  0x0000000013e78000 JavaThread "Attach Listener" daemon [_thread_blocked, id=3208, stack(0x0000000014d90000,0x0000000014e90000)]
  0x0000000013e75800 JavaThread "Signal Dispatcher" daemon [_thread_blocked, id=7580, stack(0x0000000014c90000,0x0000000014d90000)]
  0x0000000013e68800 JavaThread "Finalizer" daemon [_thread_blocked, id=3448, stack(0x0000000014ab0000,0x0000000014bb0000)]
  0x00000000025ad800 JavaThread "Reference Handler" daemon [_thread_blocked, id=6684, stack(0x00000000149b0000,0x0000000014ab0000)]
  0x000000000222e000 JavaThread "main" [_thread_in_native, id=6312, stack(0x00000000022c0000,0x00000000023c0000)]

Other Threads:
  0x0000000013e45800 VMThread [stack: 0x00000000148b0000,0x00000000149b0000] [id=4968]
  0x0000000013edf800 WatcherThread [stack: 0x0000000015190000,0x0000000015290000] [id=3856]

VM state:not at safepoint (normal execution)

VM Mutex/Monitor currently owned by a thread: None

Heap:
 PSYoungGen      total 48640K, used 11273K [0x00000000f1600000, 0x00000000f4700000, 0x0000000100000000)
  eden space 47104K, 23% used [0x00000000f1600000,0x00000000f2102500,0x00000000f4400000)
  from space 1536K, 0% used [0x00000000f4580000,0x00000000f4580000,0x00000000f4700000)
  to   space 1536K, 0% used [0x00000000f4400000,0x00000000f4400000,0x00000000f4580000)
 ParOldGen       total 39936K, used 15917K [0x00000000d4200000, 0x00000000d6900000, 0x00000000f1600000)
  object space 39936K, 39% used [0x00000000d4200000,0x00000000d518b540,0x00000000d6900000)
 Metaspace       used 21607K, capacity 21854K, committed 22144K, reserved 1069056K
  class space    used 3014K, capacity 3097K, committed 3200K, reserved 1048576K

Card table byte_map: [0x0000000011980000,0x0000000011ae0000] byte_map_base: 0x00000000112df000

Marking Bits: (ParMarkBitMap*) 0x000000005ec9a6d0
 Begin Bits: [0x0000000011dd0000, 0x00000000128c8000)
 End Bits:   [0x00000000128c8000, 0x00000000133c0000)

Polling page: 0x00000000007b0000

CodeCache: size=245760Kb used=6668Kb max_used=6668Kb free=239091Kb
 bounds [0x00000000025c0000, 0x0000000002c50000, 0x00000000115c0000]
 total_blobs=2205 nmethods=1594 adapters=524
 compilation: enabled

Compilation events (10 events):
Event: 15.811 Thread 0x0000000013ed4800 1593       3       org.gradle.api.internal.AbstractClassGenerator$ClassMetaData::addCandidateSetMethod (12 bytes)
Event: 15.811 Thread 0x0000000013ed4800 nmethod 1593 0x0000000002c462d0 code [0x0000000002c46440, 0x0000000002c46668]
Event: 15.811 Thread 0x0000000013ed4800 1594       3       org.gradle.api.internal.AbstractClassGenerator$ClassMetaData::getProperty (14 bytes)
Event: 15.812 Thread 0x0000000013ed4800 nmethod 1594 0x0000000002c46750 code [0x0000000002c468c0, 0x0000000002c46bc8]
Event: 15.813 Thread 0x0000000013ed4800 1595       1       org.gradle.api.internal.AbstractClassGenerator$ClassMetaData::isExtensible (5 bytes)
Event: 15.813 Thread 0x0000000013ed4800 nmethod 1595 0x0000000002c46cd0 code [0x0000000002c46e20, 0x0000000002c46f30]
Event: 15.813 Thread 0x0000000013ed4800 1596       3       org.objectweb.asm.Type::getDescriptor (18 bytes)
Event: 15.814 Thread 0x0000000013ed4800 nmethod 1596 0x0000000002c46f90 code [0x0000000002c47120, 0x0000000002c47578]
Event: 15.814 Thread 0x0000000013ed4800 1597       3       java.util.Arrays$ArrayList::indexOf (62 bytes)
Event: 15.814 Thread 0x0000000013ed4800 nmethod 1597 0x0000000002c47750 code [0x0000000002c478e0, 0x0000000002c47d88]

GC Heap History (10 events):
Event: 3.314 GC heap before
{Heap before GC invocations=3 (full 0):
 PSYoungGen      total 25088K, used 25056K [0x00000000f1600000, 0x00000000f3000000, 0x0000000100000000)
  eden space 23552K, 100% used [0x00000000f1600000,0x00000000f2d00000,0x00000000f2d00000)
  from space 1536K, 97% used [0x00000000f2e80000,0x00000000f2ff8020,0x00000000f3000000)
  to   space 1536K, 0% used [0x00000000f2d00000,0x00000000f2d00000,0x00000000f2e80000)
 ParOldGen       total 30208K, used 2506K [0x00000000d4200000, 0x00000000d5f80000, 0x00000000f1600000)
  object space 30208K, 8% used [0x00000000d4200000,0x00000000d44728a8,0x00000000d5f80000)
 Metaspace       used 8610K, capacity 8888K, committed 8960K, reserved 1056768K
  class space    used 1167K, capacity 1256K, committed 1280K, reserved 1048576K
Event: 3.354 GC heap after
Heap after GC invocations=3 (full 0):
 PSYoungGen      total 25088K, used 1504K [0x00000000f1600000, 0x00000000f4700000, 0x0000000100000000)
  eden space 23552K, 0% used [0x00000000f1600000,0x00000000f1600000,0x00000000f2d00000)
  from space 1536K, 97% used [0x00000000f2d00000,0x00000000f2e78040,0x00000000f2e80000)
  to   space 1536K, 0% used [0x00000000f4580000,0x00000000f4580000,0x00000000f4700000)
 ParOldGen       total 30208K, used 4052K [0x00000000d4200000, 0x00000000d5f80000, 0x00000000f1600000)
  object space 30208K, 13% used [0x00000000d4200000,0x00000000d45f5398,0x00000000d5f80000)
 Metaspace       used 8610K, capacity 8888K, committed 8960K, reserved 1056768K
  class space    used 1167K, capacity 1256K, committed 1280K, reserved 1048576K
}
Event: 4.196 GC heap before
{Heap before GC invocations=4 (full 0):
 PSYoungGen      total 25088K, used 25056K [0x00000000f1600000, 0x00000000f4700000, 0x0000000100000000)
  eden space 23552K, 100% used [0x00000000f1600000,0x00000000f2d00000,0x00000000f2d00000)
  from space 1536K, 97% used [0x00000000f2d00000,0x00000000f2e78040,0x00000000f2e80000)
  to   space 1536K, 0% used [0x00000000f4580000,0x00000000f4580000,0x00000000f4700000)
 ParOldGen       total 30208K, used 4052K [0x00000000d4200000, 0x00000000d5f80000, 0x00000000f1600000)
  object space 30208K, 13% used [0x00000000d4200000,0x00000000d45f5398,0x00000000d5f80000)
 Metaspace       used 12091K, capacity 12280K, committed 12544K, reserved 1060864K
  class space    used 1689K, capacity 1768K, committed 1792K, reserved 1048576K
Event: 4.208 GC heap after
Heap after GC invocations=4 (full 0):
 PSYoungGen      total 48640K, used 1520K [0x00000000f1600000, 0x00000000f4700000, 0x0000000100000000)
  eden space 47104K, 0% used [0x00000000f1600000,0x00000000f1600000,0x00000000f4400000)
  from space 1536K, 98% used [0x00000000f4580000,0x00000000f46fc030,0x00000000f4700000)
  to   space 1536K, 0% used [0x00000000f4400000,0x00000000f4400000,0x00000000f4580000)
 ParOldGen       total 30208K, used 7898K [0x00000000d4200000, 0x00000000d5f80000, 0x00000000f1600000)
  object space 30208K, 26% used [0x00000000d4200000,0x00000000d49b69d0,0x00000000d5f80000)
 Metaspace       used 12091K, capacity 12280K, committed 12544K, reserved 1060864K
  class space    used 1689K, capacity 1768K, committed 1792K, reserved 1048576K
}
Event: 10.477 GC heap before
{Heap before GC invocations=5 (full 0):
 PSYoungGen      total 48640K, used 48624K [0x00000000f1600000, 0x00000000f4700000, 0x0000000100000000)
  eden space 47104K, 100% used [0x00000000f1600000,0x00000000f4400000,0x00000000f4400000)
  from space 1536K, 98% used [0x00000000f4580000,0x00000000f46fc030,0x00000000f4700000)
  to   space 1536K, 0% used [0x00000000f4400000,0x00000000f4400000,0x00000000f4580000)
 ParOldGen       total 30208K, used 7898K [0x00000000d4200000, 0x00000000d5f80000, 0x00000000f1600000)
  object space 30208K, 26% used [0x00000000d4200000,0x00000000d49b69d0,0x00000000d5f80000)
 Metaspace       used 19081K, capacity 19376K, committed 19712K, reserved 1067008K
  class space    used 2592K, capacity 2701K, committed 2816K, reserved 1048576K
Event: 10.497 GC heap after
Heap after GC invocations=5 (full 0):
 PSYoungGen      total 48640K, used 1520K [0x00000000f1600000, 0x00000000f4700000, 0x0000000100000000)
  eden space 47104K, 0% used [0x00000000f1600000,0x00000000f1600000,0x00000000f4400000)
  from space 1536K, 98% used [0x00000000f4400000,0x00000000f457c030,0x00000000f4580000)
  to   space 1536K, 0% used [0x00000000f4580000,0x00000000f4580000,0x00000000f4700000)
 ParOldGen       total 30208K, used 14972K [0x00000000d4200000, 0x00000000d5f80000, 0x00000000f1600000)
  object space 30208K, 49% used [0x00000000d4200000,0x00000000d509f240,0x00000000d5f80000)
 Metaspace       used 19081K, capacity 19376K, committed 19712K, reserved 1067008K
  class space    used 2592K, capacity 2701K, committed 2816K, reserved 1048576K
}
Event: 13.947 GC heap before
{Heap before GC invocations=6 (full 0):
 PSYoungGen      total 48640K, used 21759K [0x00000000f1600000, 0x00000000f4700000, 0x0000000100000000)
  eden space 47104K, 42% used [0x00000000f1600000,0x00000000f29c3d48,0x00000000f4400000)
  from space 1536K, 98% used [0x00000000f4400000,0x00000000f457c030,0x00000000f4580000)
  to   space 1536K, 0% used [0x00000000f4580000,0x00000000f4580000,0x00000000f4700000)
 ParOldGen       total 30208K, used 14972K [0x00000000d4200000, 0x00000000d5f80000, 0x00000000f1600000)
  object space 30208K, 49% used [0x00000000d4200000,0x00000000d509f240,0x00000000d5f80000)
 Metaspace       used 20853K, capacity 21106K, committed 21248K, reserved 1067008K
  class space    used 2901K, capacity 2998K, committed 3072K, reserved 1048576K
Event: 13.964 GC heap after
Heap after GC invocations=6 (full 0):
 PSYoungGen      total 48640K, used 1520K [0x00000000f1600000, 0x00000000f4700000, 0x0000000100000000)
  eden space 47104K, 0% used [0x00000000f1600000,0x00000000f1600000,0x00000000f4400000)
  from space 1536K, 98% used [0x00000000f4580000,0x00000000f46fc020,0x00000000f4700000)
  to   space 1536K, 0% used [0x00000000f4400000,0x00000000f4400000,0x00000000f4580000)
 ParOldGen       total 30208K, used 17500K [0x00000000d4200000, 0x00000000d5f80000, 0x00000000f1600000)
  object space 30208K, 57% used [0x00000000d4200000,0x00000000d5317118,0x00000000d5f80000)
 Metaspace       used 20853K, capacity 21106K, committed 21248K, reserved 1067008K
  class space    used 2901K, capacity 2998K, committed 3072K, reserved 1048576K
}
Event: 13.964 GC heap before
{Heap before GC invocations=7 (full 1):
 PSYoungGen      total 48640K, used 1520K [0x00000000f1600000, 0x00000000f4700000, 0x0000000100000000)
  eden space 47104K, 0% used [0x00000000f1600000,0x00000000f1600000,0x00000000f4400000)
  from space 1536K, 98% used [0x00000000f4580000,0x00000000f46fc020,0x00000000f4700000)
  to   space 1536K, 0% used [0x00000000f4400000,0x00000000f4400000,0x00000000f4580000)
 ParOldGen       total 30208K, used 17500K [0x00000000d4200000, 0x00000000d5f80000, 0x00000000f1600000)
  object space 30208K, 57% used [0x00000000d4200000,0x00000000d5317118,0x00000000d5f80000)
 Metaspace       used 20853K, capacity 21106K, committed 21248K, reserved 1067008K
  class space    used 2901K, capacity 2998K, committed 3072K, reserved 1048576K
Event: 14.123 GC heap after
Heap after GC invocations=7 (full 1):
 PSYoungGen      total 48640K, used 0K [0x00000000f1600000, 0x00000000f4700000, 0x0000000100000000)
  eden space 47104K, 0% used [0x00000000f1600000,0x00000000f1600000,0x00000000f4400000)
  from space 1536K, 0% used [0x00000000f4580000,0x00000000f4580000,0x00000000f4700000)
  to   space 1536K, 0% used [0x00000000f4400000,0x00000000f4400000,0x00000000f4580000)
 ParOldGen       total 39936K, used 15917K [0x00000000d4200000, 0x00000000d6900000, 0x00000000f1600000)
  object space 39936K, 39% used [0x00000000d4200000,0x00000000d518b540,0x00000000d6900000)
 Metaspace       used 20853K, capacity 21106K, committed 21248K, reserved 1067008K
  class space    used 2901K, capacity 2998K, committed 3072K, reserved 1048576K
}

Deoptimization events (10 events):
Event: 10.499 Thread 0x000000000222e000 Uncommon trap: reason=class_check action=maybe_recompile pc=0x00000000029443c0 method=java.lang.reflect.Method.equals(Ljava/lang/Object;)Z @ 5
Event: 10.504 Thread 0x000000000222e000 Uncommon trap: reason=class_check action=maybe_recompile pc=0x00000000029443c0 method=java.lang.reflect.Method.equals(Ljava/lang/Object;)Z @ 5
Event: 11.722 Thread 0x000000000222e000 Uncommon trap: reason=unstable_if action=reinterpret pc=0x00000000028e1070 method=java.util.LinkedHashMap.afterNodeInsertion(Z)V @ 1
Event: 11.783 Thread 0x000000000222e000 Uncommon trap: reason=class_check action=maybe_recompile pc=0x00000000029443c0 method=java.lang.reflect.Method.equals(Ljava/lang/Object;)Z @ 5
Event: 11.783 Thread 0x000000000222e000 Uncommon trap: reason=class_check action=maybe_recompile pc=0x00000000029443c0 method=java.lang.reflect.Method.equals(Ljava/lang/Object;)Z @ 5
Event: 13.005 Thread 0x000000000222e000 Uncommon trap: reason=class_check action=maybe_recompile pc=0x0000000002787ff8 method=sun.misc.URLClassPath.getLoader(I)Lsun/misc/URLClassPath$Loader; @ 94
Event: 14.655 Thread 0x000000000222e000 Uncommon trap: reason=unstable_if action=reinterpret pc=0x00000000028653dc method=java.io.WinNTFileSystem.resolve(Ljava/lang/String;Ljava/lang/String;)Ljava/lang/String; @ 49
Event: 15.244 Thread 0x000000000222e000 Uncommon trap: reason=class_check action=maybe_recompile pc=0x0000000002c126f8 method=org.codehaus.groovy.runtime.metaclass.MetaMethodIndex.addMethodToList(Ljava/lang/Object;Lgroovy/lang/MetaMethod;)Ljava/lang/Object; @ 218
Event: 15.246 Thread 0x000000000222e000 Uncommon trap: reason=class_check action=maybe_recompile pc=0x0000000002c126f8 method=org.codehaus.groovy.runtime.metaclass.MetaMethodIndex.addMethodToList(Ljava/lang/Object;Lgroovy/lang/MetaMethod;)Ljava/lang/Object; @ 218
Event: 15.246 Thread 0x000000000222e000 Uncommon trap: reason=class_check action=maybe_recompile pc=0x0000000002c126f8 method=org.codehaus.groovy.runtime.metaclass.MetaMethodIndex.addMethodToList(Ljava/lang/Object;Lgroovy/lang/MetaMethod;)Ljava/lang/Object; @ 218

Internal exceptions (10 events):
Event: 15.252 Thread 0x000000000222e000 Exception <a 'java/lang/ClassNotFoundException': org/gradle/api/internal/DefaultNamedDomainObjectCollectionBeanInfo> (0x00000000f1babd90) thrown at [C:\re\workspace\8-2-build-windows-amd64-cygwin\jdk8u101\7261\hotspot\src\share\vm\classfile\systemDictionar«·È∑•Å.@
Event: 15.253 Thread 0x000000000222e000 Exception <a 'java/lang/ClassNotFoundException': org/gradle/api/internal/DefaultDomainObjectCollectionBeanInfo> (0x00000000f1bcf190) thrown at [C:\re\workspace\8-2-build-windows-amd64-cygwin\jdk8u101\7261\hotspot\src\share\vm\classfile\systemDictionary.cpp
Event: 15.253 Thread 0x000000000222e000 Exception <a 'java/lang/ClassNotFoundException': java/util/AbstractCollectionBeanInfo> (0x00000000f1bd27e0) thrown at [C:\re\workspace\8-2-build-windows-amd64-cygwin\jdk8u101\7261\hotspot\src\share\vm\classfile\systemDictionary.cpp, line 210]
Event: 15.254 Thread 0x000000000222e000 Exception <a 'java/lang/ClassNotFoundException': java/util/AbstractCollectionCustomizer> (0x00000000f1bd6028) thrown at [C:\re\workspace\8-2-build-windows-amd64-cygwin\jdk8u101\7261\hotspot\src\share\vm\classfile\systemDictionary.cpp, line 210]
Event: 15.258 Thread 0x000000000222e000 Exception <a 'java/lang/ClassNotFoundException': org/gradle/api/internal/DefaultDomainObjectCollectionCustomizer> (0x00000000f1c064e0) thrown at [C:\re\workspace\8-2-build-windows-amd64-cygwin\jdk8u101\7261\hotspot\src\share\vm\classfile\systemDictionary.c=†®ÛÌâ.@
Event: 15.269 Thread 0x000000000222e000 Exception <a 'java/lang/ClassNotFoundException': org/gradle/api/internal/DefaultNamedDomainObjectCollectionCustomizer> (0x00000000f1c51690) thrown at [C:\re\workspace\8-2-build-windows-amd64-cygwin\jdk8u101\7261\hotspot\src\share\vm\classfile\systemDictionÃÄå.@
Event: 15.274 Thread 0x000000000222e000 Exception <a 'java/lang/ClassNotFoundException': org/gradle/api/internal/DefaultNamedDomainObjectListCustomizer> (0x00000000f1c9c070) thrown at [C:\re\workspace\8-2-build-windows-amd64-cygwin\jdk8u101\7261\hotspot\src\share\vm\classfile\systemDictionary.cpA˙ÓrSê.@
Event: 15.282 Thread 0x000000000222e000 Exception <a 'java/lang/ClassNotFoundException': org/gradle/api/internal/artifacts/DefaultArtifactRepositoryContainerCustomizer> (0x00000000f1ce9ef8) thrown at [C:\re\workspace\8-2-build-windows-amd64-cygwin\jdk8u101\7261\hotspot\src\share\vm\classfile\sys8ï¥æ8ì.@
Event: 15.288 Thread 0x000000000222e000 Exception <a 'java/lang/ClassNotFoundException': org/gradle/api/internal/artifacts/dsl/DefaultRepositoryHandlerCustomizer> (0x00000000f1d2a6f8) thrown at [C:\re\workspace\8-2-build-windows-amd64-cygwin\jdk8u101\7261\hotspot\src\share\vm\classfile\systemDic˘ù(•ï.@
Event: 15.292 Thread 0x000000000222e000 Exception <a 'java/lang/ClassNotFoundException': org/gradle/api/internal/artifacts/dsl/DefaultRepositoryHandler_DecoratedCustomizer> (0x00000000f1d71df8) thrown at [C:\re\workspace\8-2-build-windows-amd64-cygwin\jdk8u101\7261\hotspot\src\share\vm\classfileâò`1Å.@

Events (10 events):
Event: 16.033 loading class org/gradle/api/internal/artifacts/ivyservice/modulecache/DefaultModuleMetaDataCache
Event: 16.033 loading class org/gradle/api/internal/artifacts/ivyservice/modulecache/DefaultModuleMetaDataCache done
Event: 16.201 loading class org/gradle/api/internal/artifacts/ivyservice/modulecache/ModuleMetaDataCache$CachedMetaData
Event: 16.202 loading class org/gradle/api/internal/artifacts/ivyservice/modulecache/ModuleMetaDataCache$CachedMetaData done
Event: 16.203 loading class org/gradle/api/internal/artifacts/ivyservice/IvyModuleDescriptorWriter
Event: 16.203 loading class org/gradle/api/internal/artifacts/ivyservice/IvyModuleDescriptorWriter done
Event: 16.204 loading class org/gradle/api/internal/artifacts/ivyservice/modulecache/ModuleDescriptorStore
Event: 16.204 loading class org/gradle/api/internal/artifacts/ivyservice/modulecache/ModuleDescriptorStore done
Event: 16.234 loading class org/gradle/api/internal/artifacts/ivyservice/ivyresolve/parser/DescriptorParseContext
Event: 16.234 loading class org/gradle/api/internal/artifacts/ivyservice/ivyresolve/parser/DescriptorParseContext done


Dynamic libraries:
0x00007ff7b6a70000 - 0x00007ff7b6aa7000 	C:\ProgramData\Oracle\Java\javapath\java.exe
0x00007ff9429d0000 - 0x00007ff942b92000 	C:\WINDOWS\SYSTEM32\ntdll.dll
0x00007ff942600000 - 0x00007ff9426ad000 	C:\WINDOWS\system32\KERNEL32.DLL
0x00007ff93f4f0000 - 0x00007ff93f6cd000 	C:\WINDOWS\system32\KERNELBASE.dll
0x00007ff9421d0000 - 0x00007ff942276000 	C:\WINDOWS\system32\ADVAPI32.dll
0x00007ff942930000 - 0x00007ff9429cd000 	C:\WINDOWS\system32\msvcrt.dll
0x00007ff9401a0000 - 0x00007ff9401fb000 	C:\WINDOWS\system32\sechost.dll
0x00007ff942280000 - 0x00007ff9423a6000 	C:\WINDOWS\system32\RPCRT4.dll
0x00007ff941ef0000 - 0x00007ff94203e000 	C:\WINDOWS\system32\USER32.dll
0x00007ff940200000 - 0x00007ff940383000 	C:\WINDOWS\system32\GDI32.dll
0x00007ff9369d0000 - 0x00007ff936c44000 	C:\WINDOWS\WinSxS\amd64_microsoft.windows.common-controls_6595b64144ccf1df_6.0.10240.17184_none_f41d7a705752bce6\COMCTL32.dll
0x00007ff9423b0000 - 0x00007ff9423e6000 	C:\WINDOWS\system32\IMM32.DLL
0x00007ff9418c0000 - 0x00007ff941a1c000 	C:\WINDOWS\system32\MSCTF.dll
0x000000005ed20000 - 0x000000005edf2000 	C:\Program Files\Java\jre1.8.0_101\bin\msvcr100.dll
0x000000005e480000 - 0x000000005ed1a000 	C:\Program Files\Java\jre1.8.0_101\bin\server\jvm.dll
0x00007ff942050000 - 0x00007ff942058000 	C:\WINDOWS\system32\PSAPI.DLL
0x00007ff9377f0000 - 0x00007ff9377f9000 	C:\WINDOWS\SYSTEM32\WSOCK32.dll
0x00007ff941db0000 - 0x00007ff941e19000 	C:\WINDOWS\system32\WS2_32.dll
0x00007ff942040000 - 0x00007ff942048000 	C:\WINDOWS\system32\NSI.dll
0x00007ff93da80000 - 0x00007ff93daa3000 	C:\WINDOWS\SYSTEM32\WINMM.dll
0x00007ff9351d0000 - 0x00007ff9351da000 	C:\WINDOWS\SYSTEM32\VERSION.dll
0x00007ff93da20000 - 0x00007ff93da4c000 	C:\WINDOWS\SYSTEM32\WINMMBASE.dll
0x00007ff93f6d0000 - 0x00007ff93f714000 	C:\WINDOWS\system32\cfgmgr32.dll
0x00007ff93dd70000 - 0x00007ff93dd97000 	C:\WINDOWS\SYSTEM32\DEVOBJ.dll
0x000000005e470000 - 0x000000005e47f000 	C:\Program Files\Java\jre1.8.0_101\bin\verify.dll
0x000000005e440000 - 0x000000005e469000 	C:\Program Files\Java\jre1.8.0_101\bin\java.dll
0x000000005e420000 - 0x000000005e436000 	C:\Program Files\Java\jre1.8.0_101\bin\zip.dll
0x00007ff940390000 - 0x00007ff9418b3000 	C:\WINDOWS\system32\SHELL32.dll
0x00007ff93f7d0000 - 0x00007ff93fdf9000 	C:\WINDOWS\system32\windows.storage.dll
0x00007ff9426b0000 - 0x00007ff94292c000 	C:\WINDOWS\system32\combase.dll
0x00007ff941d50000 - 0x00007ff941da1000 	C:\WINDOWS\system32\shlwapi.dll
0x00007ff93f460000 - 0x00007ff93f46f000 	C:\WINDOWS\system32\kernel.appcore.dll
0x00007ff93fe00000 - 0x00007ff93feb3000 	C:\WINDOWS\system32\shcore.dll
0x00007ff93f3f0000 - 0x00007ff93f43a000 	C:\WINDOWS\system32\powrprof.dll
0x00007ff93f470000 - 0x00007ff93f483000 	C:\WINDOWS\system32\profapi.dll
0x000000005e400000 - 0x000000005e41a000 	C:\Program Files\Java\jre1.8.0_101\bin\net.dll
0x00007ff93ec60000 - 0x00007ff93ecbd000 	C:\WINDOWS\system32\mswsock.dll
0x000000005e3e0000 - 0x000000005e3f1000 	C:\Program Files\Java\jre1.8.0_101\bin\nio.dll
0x00007ff932300000 - 0x00007ff932312000 	C:\Users\muammar furqon\.gradle\native\19\windows-amd64\native-platform.dll
0x0000000180000000 - 0x0000000180037000 	C:\Users\muammar furqon\.gradle\native\jna\win32-amd64\jnidispatch.dll
0x00007ff93ecc0000 - 0x00007ff93ecd7000 	C:\WINDOWS\SYSTEM32\CRYPTSP.dll
0x00007ff93ef30000 - 0x00007ff93ef58000 	C:\WINDOWS\SYSTEM32\bcrypt.dll
0x00007ff93e910000 - 0x00007ff93e943000 	C:\WINDOWS\system32\rsaenh.dll
0x00007ff93ea00000 - 0x00007ff93ea1f000 	C:\WINDOWS\SYSTEM32\USERENV.dll
0x00007ff93f240000 - 0x00007ff93f2ab000 	C:\WINDOWS\system32\bcryptprimitives.dll
0x00007ff93ee30000 - 0x00007ff93ee3b000 	C:\WINDOWS\SYSTEM32\CRYPTBASE.dll
0x00007ff93c900000 - 0x00007ff93c938000 	C:\WINDOWS\SYSTEM32\IPHLPAPI.DLL
0x00007ff93c8f0000 - 0x00007ff93c8fb000 	C:\WINDOWS\SYSTEM32\WINNSI.DLL
0x00007ff93b060000 - 0x00007ff93b076000 	C:\WINDOWS\SYSTEM32\dhcpcsvc6.DLL
0x00007ff93b040000 - 0x00007ff93b05a000 	C:\WINDOWS\SYSTEM32\dhcpcsvc.DLL
0x000000005e3d0000 - 0x000000005e3dd000 	C:\Program Files\Java\jre1.8.0_101\bin\management.dll

VM Arguments:
jvm_args: -Dorg.gradle.appname=gradlew 
java_command: org.gradle.wrapper.GradleWrapperMain installDebug
java_class_path (initial): E:\BootArk\CobaReact\CobaReact\android\\gradle\wrapper\gradle-wrapper.jar
Launcher Type: SUN_STANDARD

Environment Variables:
CLASSPATH=E:\BootArk\CobaReact\CobaReact\android\\gradle\wrapper\gradle-wrapper.jar
PATH=C:\Users\muammar furqon\AppData\Roaming\npm;C:\Program Files\nodejs\;C:\oraclexe\app\oracle\product\11.2.0\server\bin;;C:\ProgramData\Oracle\Java\javapath;C:\WINDOWS\system32;C:\WINDOWS;C:\WINDOWS\System32\Wbem;C:\WINDOWS\System32\WindowsPowerShell\v1.0\;C:\Program Files\Microsoft SQL Server\Client SDK\ODBC\110\Tools\Binn\;C:\Program Files (x86)\Microsoft SQL Server\120\Tools\Binn\;C:\Program Files\Microsoft SQL Server\120\Tools\Binn\;C:\Program Files\Microsoft SQL Server\120\DTS\Binn\;C:\Program Files\nodejs\;C:\Program Files\Microsoft SQL Server\110\Tools\Binn\;c:\Program Files (x86)\Microsoft SQL Server\110\Tools\Binn\ManagementStudio\;c:\Program Files (x86)\Microsoft SQL Server\110\Tools\Binn\;c:\Program Files (x86)\Microsoft SQL Server\110\DTS\Binn\;C:\Program Files\Git\;C:\Program Files\Git\bin\;E:\BootArk\Sdk\platform-tools;C:\Users\muammar furqon\AppData\Roaming\npm;C:\Users\muammar furqon\AppData\Local\Android\Sdk\platform-tools
USERNAME=muammar furqon
OS=Windows_NT
PROCESSOR_IDENTIFIER=Intel64 Family 6 Model 37 Stepping 2, GenuineIntel



---------------  S Y S T E M  ---------------

OS: Windows 10.0 , 64 bit Build 10240 (10.0.10240.17113)

CPU:total 2 (2 cores per cpu, 1 threads per core) family 6 model 37 stepping 2, cmov, cx8, fxsr, mmx, sse, sse2, sse3, ssse3, popcnt, tsc, tscinvbit

Memory: 4k page, physical 2871812k(175032k free), swap 4986724k(4808k free)

vm_info: Java HotSpot(TM) 64-Bit Server VM (25.101-b13) for windows-amd64 JRE (1.8.0_101-b13), built on Jun 22 2016 01:21:29 by "java_re" with MS VC++ 10.0 (VS2010)

time: Sat Apr 14 13:04:59 2018
elapsed time: 16 seconds (0d 0h 0m 16s)

