#
# There is insufficient memory for the Java Runtime Environment to continue.
# Native memory allocation (malloc) failed to allocate 1064016 bytes for Chunk::new
# Possible reasons:
#   The system is out of physical RAM or swap space
#   In 32 bit mode, the process size limit was hit
# Possible solutions:
#   Reduce memory load on the system
#   Increase physical memory or swap space
#   Check if swap backing store is full
#   Use 64 bit Java on a 64 bit OS
#   Decrease Java heap size (-Xmx/-Xms)
#   Decrease number of Java threads
#   Decrease Java thread stack sizes (-Xss)
#   Set larger code cache with -XX:ReservedCodeCacheSize=
# This output file may be truncated or incomplete.
#
#  Out of Memory Error (allocation.cpp:390), pid=7996, tid=0x0000000000001b8c
#
# JRE version: Java(TM) SE Runtime Environment (8.0_101-b13) (build 1.8.0_101-b13)
# Java VM: Java HotSpot(TM) 64-Bit Server VM (25.101-b13 mixed mode windows-amd64 compressed oops)
# Failed to write core dump. Minidumps are not enabled by default on client versions of Windows
#

---------------  T H R E A D  ---------------

Current thread (0x0000000013ada800):  JavaThread "C2 CompilerThread0" daemon [_thread_in_native, id=7052, stack(0x0000000014b00000,0x0000000014c00000)]

Stack: [0x0000000014b00000,0x0000000014c00000]
[error occurred during error reporting (printing stack bounds), id 0xc0000005]

Native frames: (J=compiled Java code, j=interpreted, Vv=VM code, C=native code)


Current CompileTask:
C2:  15871 2466       4       org.codehaus.groovy.reflection.CachedMethod::compareTo (25 bytes)


---------------  P R O C E S S  ---------------

Java Threads: ( => current thread )
  0x0000000017621000 JavaThread "File lock request listener" [_thread_in_native, id=7572, stack(0x0000000018bb0000,0x0000000018cb0000)]
  0x0000000015a97000 JavaThread "pool-1-thread-1" [_thread_blocked, id=2404, stack(0x0000000015b00000,0x0000000015c00000)]
  0x0000000013b56000 JavaThread "Service Thread" daemon [_thread_blocked, id=4000, stack(0x0000000014d00000,0x0000000014e00000)]
  0x0000000013ae1800 JavaThread "C1 CompilerThread1" daemon [_thread_blocked, id=2648, stack(0x0000000014c00000,0x0000000014d00000)]
=>0x0000000013ada800 JavaThread "C2 CompilerThread0" daemon [_thread_in_native, id=7052, stack(0x0000000014b00000,0x0000000014c00000)]
  0x0000000013ad9000 JavaThread "Attach Listener" daemon [_thread_blocked, id=3516, stack(0x0000000014a00000,0x0000000014b00000)]
  0x0000000013ad6000 JavaThread "Signal Dispatcher" daemon [_thread_blocked, id=4756, stack(0x0000000014900000,0x0000000014a00000)]
  0x0000000013ac8800 JavaThread "Finalizer" daemon [_thread_blocked, id=7640, stack(0x0000000014720000,0x0000000014820000)]
  0x00000000022fd800 JavaThread "Reference Handler" daemon [_thread_blocked, id=1456, stack(0x0000000014620000,0x0000000014720000)]
  0x000000000210e000 JavaThread "main" [_thread_in_native, id=988, stack(0x0000000002110000,0x0000000002210000)]

Other Threads:
  0x0000000013aa5800 VMThread [stack: 0x0000000014520000,0x0000000014620000] [id=5980]
  0x0000000013b5a800 WatcherThread [stack: 0x0000000014e00000,0x0000000014f00000] [id=7300]

VM state:not at safepoint (normal execution)

VM Mutex/Monitor currently owned by a thread: None

Heap:
 PSYoungGen      total 102400K, used 23556K [0x00000000f1600000, 0x00000000fae00000, 0x0000000100000000)
  eden space 94208K, 16% used [0x00000000f1600000,0x00000000f2506148,0x00000000f7200000)
  from space 8192K, 99% used [0x00000000f7200000,0x00000000f79fb160,0x00000000f7a00000)
  to   space 9728K, 0% used [0x00000000fa480000,0x00000000fa480000,0x00000000fae00000)
 ParOldGen       total 39424K, used 14621K [0x00000000d4200000, 0x00000000d6880000, 0x00000000f1600000)
  object space 39424K, 37% used [0x00000000d4200000,0x00000000d50476e0,0x00000000d6880000)
 Metaspace       used 28403K, capacity 28896K, committed 29312K, reserved 1075200K
  class space    used 3938K, capacity 4103K, committed 4224K, reserved 1048576K

Card table byte_map: [0x00000000116d0000,0x0000000011830000] byte_map_base: 0x000000001102f000

Marking Bits: (ParMarkBitMap*) 0x000000005ec9a6d0
 Begin Bits: [0x0000000011a30000, 0x0000000012528000)
 End Bits:   [0x0000000012528000, 0x0000000013020000)

Polling page: 0x00000000007e0000

CodeCache: size=245760Kb used=9890Kb max_used=9890Kb free=235869Kb
 bounds [0x0000000002310000, 0x0000000002cc0000, 0x0000000011310000]
 total_blobs=3217 nmethods=2568 adapters=562
 compilation: enabled

Compilation events (10 events):
Event: 15.483 Thread 0x0000000013ae1800 2573   !   3       com.google.common.collect.MapMakerInternalMap$Segment::runLockedCleanup (38 bytes)
Event: 15.484 Thread 0x0000000013ae1800 nmethod 2573 0x0000000002cb2b50 code [0x0000000002cb2d60, 0x0000000002cb3918]
Event: 15.487 Thread 0x0000000013ae1800 2574       3       com.google.common.collect.MapMakerInternalMap$Segment::recordWrite (71 bytes)
Event: 15.489 Thread 0x0000000013ae1800 nmethod 2574 0x0000000002cb3d90 code [0x0000000002cb3f80, 0x0000000002cb4a88]
Event: 15.489 Thread 0x0000000013ae1800 2575   !   3       com.google.common.collect.MapMakerInternalMap::processPendingNotifications (47 bytes)
Event: 15.490 Thread 0x0000000013ae1800 nmethod 2575 0x0000000002cb4e10 code [0x0000000002cb5020, 0x0000000002cb5ab8]
Event: 15.500 Thread 0x0000000013ae1800 2576       1       java.lang.invoke.MethodTypeForm::basicType (5 bytes)
Event: 15.500 Thread 0x0000000013ae1800 nmethod 2576 0x0000000002cb5f90 code [0x0000000002cb60e0, 0x0000000002cb61f0]
Event: 15.506 Thread 0x0000000013ae1800 2577       3       java.lang.Integer::<init> (10 bytes)
Event: 15.507 Thread 0x0000000013ae1800 nmethod 2577 0x0000000002cb6250 code [0x0000000002cb63c0, 0x0000000002cb65d0]

GC Heap History (10 events):
Event: 2.717 GC heap before
{Heap before GC invocations=4 (full 0):
 PSYoungGen      total 25088K, used 24847K [0x00000000f1600000, 0x00000000f4700000, 0x0000000100000000)
  eden space 23552K, 99% used [0x00000000f1600000,0x00000000f2cc7d30,0x00000000f2d00000)
  from space 1536K, 98% used [0x00000000f2d00000,0x00000000f2e7c010,0x00000000f2e80000)
  to   space 1536K, 0% used [0x00000000f4580000,0x00000000f4580000,0x00000000f4700000)
 ParOldGen       total 30208K, used 4050K [0x00000000d4200000, 0x00000000d5f80000, 0x00000000f1600000)
  object space 30208K, 13% used [0x00000000d4200000,0x00000000d45f4b58,0x00000000d5f80000)
 Metaspace       used 12062K, capacity 12280K, committed 12544K, reserved 1060864K
  class space    used 1689K, capacity 1768K, committed 1792K, reserved 1048576K
Event: 2.733 GC heap after
Heap after GC invocations=4 (full 0):
 PSYoungGen      total 48640K, used 1520K [0x00000000f1600000, 0x00000000f4700000, 0x0000000100000000)
  eden space 47104K, 0% used [0x00000000f1600000,0x00000000f1600000,0x00000000f4400000)
  from space 1536K, 98% used [0x00000000f4580000,0x00000000f46fc030,0x00000000f4700000)
  to   space 1536K, 0% used [0x00000000f4400000,0x00000000f4400000,0x00000000f4580000)
 ParOldGen       total 30208K, used 7970K [0x00000000d4200000, 0x00000000d5f80000, 0x00000000f1600000)
  object space 30208K, 26% used [0x00000000d4200000,0x00000000d49c8898,0x00000000d5f80000)
 Metaspace       used 12062K, capacity 12280K, committed 12544K, reserved 1060864K
  class space    used 1689K, capacity 1768K, committed 1792K, reserved 1048576K
}
Event: 5.817 GC heap before
{Heap before GC invocations=5 (full 0):
 PSYoungGen      total 48640K, used 48624K [0x00000000f1600000, 0x00000000f4700000, 0x0000000100000000)
  eden space 47104K, 100% used [0x00000000f1600000,0x00000000f4400000,0x00000000f4400000)
  from space 1536K, 98% used [0x00000000f4580000,0x00000000f46fc030,0x00000000f4700000)
  to   space 1536K, 0% used [0x00000000f4400000,0x00000000f4400000,0x00000000f4580000)
 ParOldGen       total 30208K, used 7970K [0x00000000d4200000, 0x00000000d5f80000, 0x00000000f1600000)
  object space 30208K, 26% used [0x00000000d4200000,0x00000000d49c8898,0x00000000d5f80000)
 Metaspace       used 19083K, capacity 19376K, committed 19712K, reserved 1067008K
  class space    used 2594K, capacity 2701K, committed 2816K, reserved 1048576K
Event: 5.855 GC heap after
Heap after GC invocations=5 (full 0):
 PSYoungGen      total 48640K, used 1520K [0x00000000f1600000, 0x00000000f8300000, 0x0000000100000000)
  eden space 47104K, 0% used [0x00000000f1600000,0x00000000f1600000,0x00000000f4400000)
  from space 1536K, 98% used [0x00000000f4400000,0x00000000f457c010,0x00000000f4580000)
  to   space 8704K, 0% used [0x00000000f7a80000,0x00000000f7a80000,0x00000000f8300000)
 ParOldGen       total 30208K, used 15055K [0x00000000d4200000, 0x00000000d5f80000, 0x00000000f1600000)
  object space 30208K, 49% used [0x00000000d4200000,0x00000000d50b3d80,0x00000000d5f80000)
 Metaspace       used 19083K, capacity 19376K, committed 19712K, reserved 1067008K
  class space    used 2594K, capacity 2701K, committed 2816K, reserved 1048576K
}
Event: 6.688 GC heap before
{Heap before GC invocations=6 (full 0):
 PSYoungGen      total 48640K, used 20929K [0x00000000f1600000, 0x00000000f8300000, 0x0000000100000000)
  eden space 47104K, 41% used [0x00000000f1600000,0x00000000f28f4590,0x00000000f4400000)
  from space 1536K, 98% used [0x00000000f4400000,0x00000000f457c010,0x00000000f4580000)
  to   space 8704K, 0% used [0x00000000f7a80000,0x00000000f7a80000,0x00000000f8300000)
 ParOldGen       total 30208K, used 15055K [0x00000000d4200000, 0x00000000d5f80000, 0x00000000f1600000)
  object space 30208K, 49% used [0x00000000d4200000,0x00000000d50b3d80,0x00000000d5f80000)
 Metaspace       used 20841K, capacity 21106K, committed 21248K, reserved 1067008K
  class space    used 2900K, capacity 2998K, committed 3072K, reserved 1048576K
Event: 6.711 GC heap after
Heap after GC invocations=6 (full 0):
 PSYoungGen      total 101888K, used 3945K [0x00000000f1600000, 0x00000000f8200000, 0x0000000100000000)
  eden space 94208K, 0% used [0x00000000f1600000,0x00000000f1600000,0x00000000f7200000)
  from space 7680K, 51% used [0x00000000f7a80000,0x00000000f7e5a610,0x00000000f8200000)
  to   space 8192K, 0% used [0x00000000f7200000,0x00000000f7200000,0x00000000f7a00000)
 ParOldGen       total 30208K, used 15055K [0x00000000d4200000, 0x00000000d5f80000, 0x00000000f1600000)
  object space 30208K, 49% used [0x00000000d4200000,0x00000000d50b3d80,0x00000000d5f80000)
 Metaspace       used 20841K, capacity 21106K, committed 21248K, reserved 1067008K
  class space    used 2900K, capacity 2998K, committed 3072K, reserved 1048576K
}
Event: 6.711 GC heap before
{Heap before GC invocations=7 (full 1):
 PSYoungGen      total 101888K, used 3945K [0x00000000f1600000, 0x00000000f8200000, 0x0000000100000000)
  eden space 94208K, 0% used [0x00000000f1600000,0x00000000f1600000,0x00000000f7200000)
  from space 7680K, 51% used [0x00000000f7a80000,0x00000000f7e5a610,0x00000000f8200000)
  to   space 8192K, 0% used [0x00000000f7200000,0x00000000f7200000,0x00000000f7a00000)
 ParOldGen       total 30208K, used 15055K [0x00000000d4200000, 0x00000000d5f80000, 0x00000000f1600000)
  object space 30208K, 49% used [0x00000000d4200000,0x00000000d50b3d80,0x00000000d5f80000)
 Metaspace       used 20841K, capacity 21106K, committed 21248K, reserved 1067008K
  class space    used 2900K, capacity 2998K, committed 3072K, reserved 1048576K
Event: 6.831 GC heap after
Heap after GC invocations=7 (full 1):
 PSYoungGen      total 101888K, used 0K [0x00000000f1600000, 0x00000000f8200000, 0x0000000100000000)
  eden space 94208K, 0% used [0x00000000f1600000,0x00000000f1600000,0x00000000f7200000)
  from space 7680K, 0% used [0x00000000f7a80000,0x00000000f7a80000,0x00000000f8200000)
  to   space 8192K, 0% used [0x00000000f7200000,0x00000000f7200000,0x00000000f7a00000)
 ParOldGen       total 39424K, used 14621K [0x00000000d4200000, 0x00000000d6880000, 0x00000000f1600000)
  object space 39424K, 37% used [0x00000000d4200000,0x00000000d50476e0,0x00000000d6880000)
 Metaspace       used 20841K, capacity 21106K, committed 21248K, reserved 1067008K
  class space    used 2900K, capacity 2998K, committed 3072K, reserved 1048576K
}
Event: 14.948 GC heap before
{Heap before GC invocations=8 (full 1):
 PSYoungGen      total 101888K, used 94208K [0x00000000f1600000, 0x00000000f8200000, 0x0000000100000000)
  eden space 94208K, 100% used [0x00000000f1600000,0x00000000f7200000,0x00000000f7200000)
  from space 7680K, 0% used [0x00000000f7a80000,0x00000000f7a80000,0x00000000f8200000)
  to   space 8192K, 0% used [0x00000000f7200000,0x00000000f7200000,0x00000000f7a00000)
 ParOldGen       total 39424K, used 14621K [0x00000000d4200000, 0x00000000d6880000, 0x00000000f1600000)
  object space 39424K, 37% used [0x00000000d4200000,0x00000000d50476e0,0x00000000d6880000)
 Metaspace       used 27040K, capacity 27450K, committed 27776K, reserved 1073152K
  class space    used 3762K, capacity 3894K, committed 3968K, reserved 1048576K
Event: 14.991 GC heap after
Heap after GC invocations=8 (full 1):
 PSYoungGen      total 102400K, used 8172K [0x00000000f1600000, 0x00000000fae00000, 0x0000000100000000)
  eden space 94208K, 0% used [0x00000000f1600000,0x00000000f1600000,0x00000000f7200000)
  from space 8192K, 99% used [0x00000000f7200000,0x00000000f79fb160,0x00000000f7a00000)
  to   space 9728K, 0% used [0x00000000fa480000,0x00000000fa480000,0x00000000fae00000)
 ParOldGen       total 39424K, used 14621K [0x00000000d4200000, 0x00000000d6880000, 0x00000000f1600000)
  object space 39424K, 37% used [0x00000000d4200000,0x00000000d50476e0,0x00000000d6880000)
 Metaspace       used 27040K, capacity 27450K, committed 27776K, reserved 1073152K
  class space    used 3762K, capacity 3894K, committed 3968K, reserved 1048576K
}

Deoptimization events (10 events):
Event: 7.658 Thread 0x000000000210e000 Uncommon trap: reason=unstable_if action=reinterpret pc=0x0000000002482d60 method=java.net.URI.match(CJJ)Z @ 45
Event: 8.811 Thread 0x000000000210e000 Uncommon trap: reason=predicate action=maybe_recompile pc=0x0000000002ac7158 method=java.util.AbstractCollection.toArray([Ljava/lang/Object;)[Ljava/lang/Object; @ 49
Event: 8.832 Thread 0x000000000210e000 Uncommon trap: reason=array_check action=maybe_recompile pc=0x0000000002ac960c method=java.util.AbstractCollection.toArray([Ljava/lang/Object;)[Ljava/lang/Object; @ 119
Event: 8.832 Thread 0x000000000210e000 Uncommon trap: reason=array_check action=maybe_recompile pc=0x0000000002ac960c method=java.util.AbstractCollection.toArray([Ljava/lang/Object;)[Ljava/lang/Object; @ 119
Event: 8.832 Thread 0x000000000210e000 Uncommon trap: reason=array_check action=maybe_recompile pc=0x0000000002ac960c method=java.util.AbstractCollection.toArray([Ljava/lang/Object;)[Ljava/lang/Object; @ 119
Event: 8.832 Thread 0x000000000210e000 Uncommon trap: reason=array_check action=maybe_recompile pc=0x0000000002ac960c method=java.util.AbstractCollection.toArray([Ljava/lang/Object;)[Ljava/lang/Object; @ 119
Event: 15.278 Thread 0x000000000210e000 Uncommon trap: reason=bimorphic action=maybe_recompile pc=0x00000000028d86a4 method=java.lang.ClassLoader.getPackage(Ljava/lang/String;)Ljava/lang/Package; @ 47
Event: 15.281 Thread 0x000000000210e000 Uncommon trap: reason=bimorphic action=maybe_recompile pc=0x00000000028d86a4 method=java.lang.ClassLoader.getPackage(Ljava/lang/String;)Ljava/lang/Package; @ 47
Event: 15.303 Thread 0x000000000210e000 Uncommon trap: reason=bimorphic action=maybe_recompile pc=0x00000000028d86a4 method=java.lang.ClassLoader.getPackage(Ljava/lang/String;)Ljava/lang/Package; @ 47
Event: 15.309 Thread 0x000000000210e000 Uncommon trap: reason=bimorphic action=maybe_recompile pc=0x00000000028d86a4 method=java.lang.ClassLoader.getPackage(Ljava/lang/String;)Ljava/lang/Package; @ 47

Internal exceptions (10 events):
Event: 15.006 Thread 0x000000000210e000 Exception <a 'java/lang/ClassNotFoundException': org/gradle/api/internal/artifacts/repositories/DefaultMavenArtifactRepositoryCustomizer> (0x00000000f1734368) thrown at [C:\re\workspace\8-2-build-windows-amd64-cygwin\jdk8u101\7261\hotspot\src\share\vm\clasGLhÏŸ.@
Event: 15.009 Thread 0x000000000210e000 Exception <a 'java/lang/ClassNotFoundException': org/gradle/api/internal/artifacts/repositories/DefaultMavenArtifactRepository_DecoratedCustomizer> (0x00000000f1793c90) thrown at [C:\re\workspace\8-2-build-windows-amd64-cygwin\jdk8u101\7261\hotspot\src\sha­aƒ8V.@
Event: 15.024 Thread 0x000000000210e000 Exception <a 'java/lang/ClassNotFoundException': org/codehaus/groovy/runtime/GStringImplBeanInfo> (0x00000000f1815010) thrown at [C:\re\workspace\8-2-build-windows-amd64-cygwin\jdk8u101\7261\hotspot\src\share\vm\classfile\systemDictionary.cpp, line 210]
Event: 15.025 Thread 0x000000000210e000 Exception <a 'java/lang/ClassNotFoundException': org/codehaus/groovy/runtime/GStringImplCustomizer> (0x00000000f183b758) thrown at [C:\re\workspace\8-2-build-windows-amd64-cygwin\jdk8u101\7261\hotspot\src\share\vm\classfile\systemDictionary.cpp, line 210]
Event: 15.260 Thread 0x000000000210e000 Exception <a 'java/lang/ClassNotFoundException': build_dzv6gfhu35tzsxoe362swmj7mBeanInfo> (0x00000000f191e5b8) thrown at [C:\re\workspace\8-2-build-windows-amd64-cygwin\jdk8u101\7261\hotspot\src\share\vm\classfile\systemDictionary.cpp, line 210]
Event: 15.260 Thread 0x000000000210e000 Exception <a 'java/lang/ClassNotFoundException': build_dzv6gfhu35tzsxoe362swmj7mCustomizer> (0x00000000f192ce00) thrown at [C:\re\workspace\8-2-build-windows-amd64-cygwin\jdk8u101\7261\hotspot\src\share\vm\classfile\systemDictionary.cpp, line 210]
Event: 15.269 Thread 0x000000000210e000 Exception <a 'java/lang/ClassNotFoundException': org/gradle/api/internal/plugins/DefaultObjectConfigurationActionBeanInfo> (0x00000000f1980af0) thrown at [C:\re\workspace\8-2-build-windows-amd64-cygwin\jdk8u101\7261\hotspot\src\share\vm\classfile\systemDicŒºTû½Š.@
Event: 15.271 Thread 0x000000000210e000 Exception <a 'java/lang/ClassNotFoundException': org/gradle/api/internal/plugins/DefaultObjectConfigurationActionCustomizer> (0x00000000f1a3d8b8) thrown at [C:\re\workspace\8-2-build-windows-amd64-cygwin\jdk8u101\7261\hotspot\src\share\vm\classfile\systemDÉW¸ó‹.@
Event: 15.273 Thread 0x000000000210e000 Exception <a 'java/lang/ClassNotFoundException': org/gradle/api/plugins/ObjectConfigurationActionBeanInfo> (0x00000000f1a77380) thrown at [C:\re\workspace\8-2-build-windows-amd64-cygwin\jdk8u101\7261\hotspot\src\share\vm\classfile\systemDictionary.cpp, linsÞ®'‚Œ.@
Event: 15.274 Thread 0x000000000210e000 Exception <a 'java/lang/ClassNotFoundException': org/gradle/api/plugins/ObjectConfigurationActionCustomizer> (0x00000000f1a9c108) thrown at [C:\re\workspace\8-2-build-windows-amd64-cygwin\jdk8u101\7261\hotspot\src\share\vm\classfile\systemDictionary.cpp, lÁ]zé.@

Events (10 events):
Event: 15.522 loading class com/android/tools/analytics/AnalyticsSettings
Event: 15.522 loading class com/android/tools/analytics/AnalyticsSettings done
Event: 15.524 loading class java/nio/channels/OverlappingFileLockException
Event: 15.535 loading class java/nio/channels/OverlappingFileLockException done
Event: 15.535 loading class com/google/gson/JsonParseException
Event: 15.535 loading class com/google/gson/JsonParseException done
Event: 15.537 loading class java/time/ZoneOffset
Event: 15.555 loading class java/time/ZoneOffset done
Event: 15.556 loading class java/time/LocalDate
Event: 15.599 loading class java/time/chrono/ChronoLocalDate


Dynamic libraries:
0x00007ff782e30000 - 0x00007ff782e67000 	C:\ProgramData\Oracle\Java\javapath\java.exe
0x00007ff9429d0000 - 0x00007ff942b92000 	C:\WINDOWS\SYSTEM32\ntdll.dll
0x00007ff942600000 - 0x00007ff9426ad000 	C:\WINDOWS\system32\KERNEL32.DLL
0x00007ff93f4f0000 - 0x00007ff93f6cd000 	C:\WINDOWS\system32\KERNELBASE.dll
0x00007ff9421d0000 - 0x00007ff942276000 	C:\WINDOWS\system32\ADVAPI32.dll
0x00007ff942930000 - 0x00007ff9429cd000 	C:\WINDOWS\system32\msvcrt.dll
0x00007ff9401a0000 - 0x00007ff9401fb000 	C:\WINDOWS\system32\sechost.dll
0x00007ff942280000 - 0x00007ff9423a6000 	C:\WINDOWS\system32\RPCRT4.dll
0x00007ff941ef0000 - 0x00007ff94203e000 	C:\WINDOWS\system32\USER32.dll
0x00007ff940200000 - 0x00007ff940383000 	C:\WINDOWS\system32\GDI32.dll
0x00007ff9369d0000 - 0x00007ff936c44000 	C:\WINDOWS\WinSxS\amd64_microsoft.windows.common-controls_6595b64144ccf1df_6.0.10240.17184_none_f41d7a705752bce6\COMCTL32.dll
0x00007ff9423b0000 - 0x00007ff9423e6000 	C:\WINDOWS\system32\IMM32.DLL
0x00007ff9418c0000 - 0x00007ff941a1c000 	C:\WINDOWS\system32\MSCTF.dll
0x000000005ed20000 - 0x000000005edf2000 	C:\Program Files\Java\jre1.8.0_101\bin\msvcr100.dll
0x000000005e480000 - 0x000000005ed1a000 	C:\Program Files\Java\jre1.8.0_101\bin\server\jvm.dll
0x00007ff942050000 - 0x00007ff942058000 	C:\WINDOWS\system32\PSAPI.DLL
0x00007ff9377f0000 - 0x00007ff9377f9000 	C:\WINDOWS\SYSTEM32\WSOCK32.dll
0x00007ff941db0000 - 0x00007ff941e19000 	C:\WINDOWS\system32\WS2_32.dll
0x00007ff942040000 - 0x00007ff942048000 	C:\WINDOWS\system32\NSI.dll
0x00007ff93da80000 - 0x00007ff93daa3000 	C:\WINDOWS\SYSTEM32\WINMM.dll
0x00007ff9351d0000 - 0x00007ff9351da000 	C:\WINDOWS\SYSTEM32\VERSION.dll
0x00007ff93da20000 - 0x00007ff93da4c000 	C:\WINDOWS\SYSTEM32\WINMMBASE.dll
0x00007ff93f6d0000 - 0x00007ff93f714000 	C:\WINDOWS\system32\cfgmgr32.dll
0x00007ff93dd70000 - 0x00007ff93dd97000 	C:\WINDOWS\SYSTEM32\DEVOBJ.dll
0x000000005e470000 - 0x000000005e47f000 	C:\Program Files\Java\jre1.8.0_101\bin\verify.dll
0x000000005e440000 - 0x000000005e469000 	C:\Program Files\Java\jre1.8.0_101\bin\java.dll
0x000000005e420000 - 0x000000005e436000 	C:\Program Files\Java\jre1.8.0_101\bin\zip.dll
0x00007ff940390000 - 0x00007ff9418b3000 	C:\WINDOWS\system32\SHELL32.dll
0x00007ff93f7d0000 - 0x00007ff93fdf9000 	C:\WINDOWS\system32\windows.storage.dll
0x00007ff9426b0000 - 0x00007ff94292c000 	C:\WINDOWS\system32\combase.dll
0x00007ff941d50000 - 0x00007ff941da1000 	C:\WINDOWS\system32\shlwapi.dll
0x00007ff93f460000 - 0x00007ff93f46f000 	C:\WINDOWS\system32\kernel.appcore.dll
0x00007ff93fe00000 - 0x00007ff93feb3000 	C:\WINDOWS\system32\shcore.dll
0x00007ff93f3f0000 - 0x00007ff93f43a000 	C:\WINDOWS\system32\powrprof.dll
0x00007ff93f470000 - 0x00007ff93f483000 	C:\WINDOWS\system32\profapi.dll
0x000000005e400000 - 0x000000005e41a000 	C:\Program Files\Java\jre1.8.0_101\bin\net.dll
0x00007ff93ec60000 - 0x00007ff93ecbd000 	C:\WINDOWS\system32\mswsock.dll
0x000000005e3e0000 - 0x000000005e3f1000 	C:\Program Files\Java\jre1.8.0_101\bin\nio.dll
0x00007ff937280000 - 0x00007ff937292000 	C:\Users\muammar furqon\.gradle\native\19\windows-amd64\native-platform.dll
0x0000000180000000 - 0x0000000180037000 	C:\Users\muammar furqon\.gradle\native\jna\win32-amd64\jnidispatch.dll
0x00007ff93ecc0000 - 0x00007ff93ecd7000 	C:\WINDOWS\SYSTEM32\CRYPTSP.dll
0x00007ff93ef30000 - 0x00007ff93ef58000 	C:\WINDOWS\SYSTEM32\bcrypt.dll
0x00007ff93e910000 - 0x00007ff93e943000 	C:\WINDOWS\system32\rsaenh.dll
0x00007ff93ea00000 - 0x00007ff93ea1f000 	C:\WINDOWS\SYSTEM32\USERENV.dll
0x00007ff93f240000 - 0x00007ff93f2ab000 	C:\WINDOWS\system32\bcryptprimitives.dll
0x00007ff93ee30000 - 0x00007ff93ee3b000 	C:\WINDOWS\SYSTEM32\CRYPTBASE.dll
0x00007ff93c900000 - 0x00007ff93c938000 	C:\WINDOWS\SYSTEM32\IPHLPAPI.DLL
0x00007ff93c8f0000 - 0x00007ff93c8fb000 	C:\WINDOWS\SYSTEM32\WINNSI.DLL
0x00007ff93b060000 - 0x00007ff93b076000 	C:\WINDOWS\SYSTEM32\dhcpcsvc6.DLL
0x00007ff93b040000 - 0x00007ff93b05a000 	C:\WINDOWS\SYSTEM32\dhcpcsvc.DLL
0x000000005e3d0000 - 0x000000005e3dd000 	C:\Program Files\Java\jre1.8.0_101\bin\management.dll

VM Arguments:
jvm_args: -Dorg.gradle.appname=gradlew 
java_command: org.gradle.wrapper.GradleWrapperMain installDebug
java_class_path (initial): E:\BootArk\CobaReact\CobaReact\android\\gradle\wrapper\gradle-wrapper.jar
Launcher Type: SUN_STANDARD

Environment Variables:
CLASSPATH=E:\BootArk\CobaReact\CobaReact\android\\gradle\wrapper\gradle-wrapper.jar
PATH=C:\Users\muammar furqon\AppData\Roaming\npm;C:\Program Files\nodejs\;C:\oraclexe\app\oracle\product\11.2.0\server\bin;;C:\ProgramData\Oracle\Java\javapath;C:\WINDOWS\system32;C:\WINDOWS;C:\WINDOWS\System32\Wbem;C:\WINDOWS\System32\WindowsPowerShell\v1.0\;C:\Program Files\Microsoft SQL Server\Client SDK\ODBC\110\Tools\Binn\;C:\Program Files (x86)\Microsoft SQL Server\120\Tools\Binn\;C:\Program Files\Microsoft SQL Server\120\Tools\Binn\;C:\Program Files\Microsoft SQL Server\120\DTS\Binn\;C:\Program Files\nodejs\;C:\Program Files\Microsoft SQL Server\110\Tools\Binn\;c:\Program Files (x86)\Microsoft SQL Server\110\Tools\Binn\ManagementStudio\;c:\Program Files (x86)\Microsoft SQL Server\110\Tools\Binn\;c:\Program Files (x86)\Microsoft SQL Server\110\DTS\Binn\;C:\Program Files\Git\;C:\Program Files\Git\bin\;E:\BootArk\Sdk\platform-tools;C:\Users\muammar furqon\AppData\Roaming\npm;C:\Users\muammar furqon\AppData\Local\Android\Sdk\platform-tools
USERNAME=muammar furqon
OS=Windows_NT
PROCESSOR_IDENTIFIER=Intel64 Family 6 Model 37 Stepping 2, GenuineIntel



---------------  S Y S T E M  ---------------

OS: Windows 10.0 , 64 bit Build 10240 (10.0.10240.17113)

CPU:total 2 (2 cores per cpu, 1 threads per core) family 6 model 37 stepping 2, cmov, cx8, fxsr, mmx, sse, sse2, sse3, ssse3, popcnt, tsc, tscinvbit

Memory: 4k page, physical 2871812k(169380k free), swap 4986724k(3872k free)

vm_info: Java HotSpot(TM) 64-Bit Server VM (25.101-b13) for windows-amd64 JRE (1.8.0_101-b13), built on Jun 22 2016 01:21:29 by "java_re" with MS VC++ 10.0 (VS2010)

time: Sat Apr 14 08:45:12 2018
elapsed time: 16 seconds (0d 0h 0m 16s)

