#
# There is insufficient memory for the Java Runtime Environment to continue.
# Native memory allocation (malloc) failed to allocate 65552 bytes for Chunk::new
# Possible reasons:
#   The system is out of physical RAM or swap space
#   In 32 bit mode, the process size limit was hit
# Possible solutions:
#   Reduce memory load on the system
#   Increase physical memory or swap space
#   Check if swap backing store is full
#   Use 64 bit Java on a 64 bit OS
#   Decrease Java heap size (-Xmx/-Xms)
#   Decrease number of Java threads
#   Decrease Java thread stack sizes (-Xss)
#   Set larger code cache with -XX:ReservedCodeCacheSize=
# This output file may be truncated or incomplete.
#
#  Out of Memory Error (allocation.cpp:390), pid=820, tid=0x0000000000000814
#
# JRE version: Java(TM) SE Runtime Environment (8.0_101-b13) (build 1.8.0_101-b13)
# Java VM: Java HotSpot(TM) 64-Bit Server VM (25.101-b13 mixed mode windows-amd64 compressed oops)
# Failed to write core dump. Minidumps are not enabled by default on client versions of Windows
#

---------------  T H R E A D  ---------------

Current thread (0x0000000014619800):  JavaThread "C2 CompilerThread0" daemon [_thread_in_native, id=2068, stack(0x0000000015640000,0x0000000015740000)]

Stack: [0x0000000015640000,0x0000000015740000]
[error occurred during error reporting (printing stack bounds), id 0xc0000005]

Native frames: (J=compiled Java code, j=interpreted, Vv=VM code, C=native code)


Current CompileTask:
C2:  22595 2596   !   4       java.net.URLClassLoader$1::run (63 bytes)


---------------  P R O C E S S  ---------------

Java Threads: ( => current thread )
  0x0000000017633800 JavaThread "File lock request listener" [_thread_in_native, id=3632, stack(0x000000001a6e0000,0x000000001a7e0000)]
  0x0000000016e34800 JavaThread "pool-1-thread-1" [_thread_blocked, id=7668, stack(0x0000000019010000,0x0000000019110000)]
  0x000000001467b000 JavaThread "Service Thread" daemon [_thread_blocked, id=792, stack(0x0000000015840000,0x0000000015940000)]
  0x0000000014671000 JavaThread "C1 CompilerThread1" daemon [_thread_blocked, id=6052, stack(0x0000000015740000,0x0000000015840000)]
=>0x0000000014619800 JavaThread "C2 CompilerThread0" daemon [_thread_in_native, id=2068, stack(0x0000000015640000,0x0000000015740000)]
  0x0000000014618000 JavaThread "Attach Listener" daemon [_thread_blocked, id=3744, stack(0x0000000015540000,0x0000000015640000)]
  0x0000000014615800 JavaThread "Signal Dispatcher" daemon [_thread_blocked, id=6384, stack(0x0000000015440000,0x0000000015540000)]
  0x0000000014608800 JavaThread "Finalizer" daemon [_thread_blocked, id=7452, stack(0x0000000015260000,0x0000000015360000)]
  0x0000000002d4d800 JavaThread "Reference Handler" daemon [_thread_blocked, id=4392, stack(0x0000000015160000,0x0000000015260000)]
  0x0000000002c5e000 JavaThread "main" [_thread_in_native, id=7216, stack(0x0000000002940000,0x0000000002a40000)]

Other Threads:
  0x00000000145e5800 VMThread [stack: 0x0000000015060000,0x0000000015160000] [id=3436]
  0x000000001467f800 WatcherThread [stack: 0x0000000015940000,0x0000000015a40000] [id=4968]

VM state:not at safepoint (normal execution)

VM Mutex/Monitor currently owned by a thread: None

Heap:
 PSYoungGen      total 38400K, used 19627K [0x00000000f1600000, 0x00000000f4780000, 0x0000000100000000)
  eden space 33280K, 48% used [0x00000000f1600000,0x00000000f25ac768,0x00000000f3680000)
  from space 5120K, 69% used [0x00000000f3680000,0x00000000f39fe760,0x00000000f3b80000)
  to   space 5120K, 0% used [0x00000000f4280000,0x00000000f4280000,0x00000000f4780000)
 ParOldGen       total 28672K, used 7832K [0x00000000d4200000, 0x00000000d5e00000, 0x00000000f1600000)
  object space 28672K, 27% used [0x00000000d4200000,0x00000000d49a6230,0x00000000d5e00000)
 Metaspace       used 28063K, capacity 28512K, committed 28928K, reserved 1075200K
  class space    used 3884K, capacity 4039K, committed 4096K, reserved 1048576K

Card table byte_map: [0x0000000012120000,0x0000000012280000] byte_map_base: 0x0000000011a7f000

Marking Bits: (ParMarkBitMap*) 0x000000005ec9a6d0
 Begin Bits: [0x0000000012570000, 0x0000000013068000)
 End Bits:   [0x0000000013068000, 0x0000000013b60000)

Polling page: 0x0000000002a40000

CodeCache: size=245760Kb used=9699Kb max_used=9699Kb free=236060Kb
 bounds [0x0000000002d60000, 0x00000000036e0000, 0x0000000011d60000]
 total_blobs=3173 nmethods=2528 adapters=558
 compilation: enabled

Compilation events (10 events):
Event: 22.473 Thread 0x0000000014671000 2621       3       java.lang.ClassLoader::findClass (9 bytes)
Event: 22.473 Thread 0x0000000014671000 nmethod 2621 0x00000000036d1750 code [0x00000000036d18c0, 0x00000000036d1aa8]
Event: 22.493 Thread 0x0000000014671000 2622   !   3       com.google.common.collect.MapMakerInternalMap$Segment::put (386 bytes)
Event: 22.498 Thread 0x0000000014671000 nmethod 2622 0x00000000036d1b50 code [0x00000000036d20c0, 0x00000000036d5f28]
Event: 22.498 Thread 0x0000000014671000 2623   !   3       com.google.common.collect.MapMakerInternalMap$Segment::runLockedCleanup (38 bytes)
Event: 22.499 Thread 0x0000000014671000 nmethod 2623 0x00000000036d8690 code [0x00000000036d88a0, 0x00000000036d9458]
Event: 22.499 Thread 0x0000000014671000 2624       3       com.google.common.collect.MapMakerInternalMap$Segment::recordWrite (71 bytes)
Event: 22.500 Thread 0x0000000014671000 nmethod 2624 0x00000000036d98d0 code [0x00000000036d9ac0, 0x00000000036da5c8]
Event: 22.500 Thread 0x0000000014671000 2625   !   3       com.google.common.collect.MapMakerInternalMap::processPendingNotifications (47 bytes)
Event: 22.501 Thread 0x0000000014671000 nmethod 2625 0x00000000036da950 code [0x00000000036dab60, 0x00000000036db5f8]

GC Heap History (10 events):
Event: 13.832 GC heap before
{Heap before GC invocations=12 (full 0):
 PSYoungGen      total 21504K, used 9129K [0x00000000f1600000, 0x00000000f3a00000, 0x0000000100000000)
  eden space 16384K, 41% used [0x00000000f1600000,0x00000000f1cb36e8,0x00000000f2600000)
  from space 5120K, 44% used [0x00000000f2600000,0x00000000f2836d88,0x00000000f2b00000)
  to   space 5120K, 0% used [0x00000000f3500000,0x00000000f3500000,0x00000000f3a00000)
 ParOldGen       total 30208K, used 11402K [0x00000000d4200000, 0x00000000d5f80000, 0x00000000f1600000)
  object space 30208K, 37% used [0x00000000d4200000,0x00000000d4d22878,0x00000000d5f80000)
 Metaspace       used 20838K, capacity 21106K, committed 21248K, reserved 1067008K
  class space    used 2900K, capacity 2998K, committed 3072K, reserved 1048576K
Event: 13.841 GC heap after
Heap after GC invocations=12 (full 0):
 PSYoungGen      total 31744K, used 937K [0x00000000f1600000, 0x00000000f3a00000, 0x0000000100000000)
  eden space 26624K, 0% used [0x00000000f1600000,0x00000000f1600000,0x00000000f3000000)
  from space 5120K, 18% used [0x00000000f3500000,0x00000000f35ea640,0x00000000f3a00000)
  to   space 5120K, 0% used [0x00000000f3000000,0x00000000f3000000,0x00000000f3500000)
 ParOldGen       total 30208K, used 11938K [0x00000000d4200000, 0x00000000d5f80000, 0x00000000f1600000)
  object space 30208K, 39% used [0x00000000d4200000,0x00000000d4da8888,0x00000000d5f80000)
 Metaspace       used 20838K, capacity 21106K, committed 21248K, reserved 1067008K
  class space    used 2900K, capacity 2998K, committed 3072K, reserved 1048576K
}
Event: 13.842 GC heap before
{Heap before GC invocations=13 (full 1):
 PSYoungGen      total 31744K, used 937K [0x00000000f1600000, 0x00000000f3a00000, 0x0000000100000000)
  eden space 26624K, 0% used [0x00000000f1600000,0x00000000f1600000,0x00000000f3000000)
  from space 5120K, 18% used [0x00000000f3500000,0x00000000f35ea640,0x00000000f3a00000)
  to   space 5120K, 0% used [0x00000000f3000000,0x00000000f3000000,0x00000000f3500000)
 ParOldGen       total 30208K, used 11938K [0x00000000d4200000, 0x00000000d5f80000, 0x00000000f1600000)
  object space 30208K, 39% used [0x00000000d4200000,0x00000000d4da8888,0x00000000d5f80000)
 Metaspace       used 20838K, capacity 21106K, committed 21248K, reserved 1067008K
  class space    used 2900K, capacity 2998K, committed 3072K, reserved 1048576K
Event: 14.117 GC heap after
Heap after GC invocations=13 (full 1):
 PSYoungGen      total 31744K, used 0K [0x00000000f1600000, 0x00000000f3a00000, 0x0000000100000000)
  eden space 26624K, 0% used [0x00000000f1600000,0x00000000f1600000,0x00000000f3000000)
  from space 5120K, 0% used [0x00000000f3500000,0x00000000f3500000,0x00000000f3a00000)
  to   space 5120K, 0% used [0x00000000f3000000,0x00000000f3000000,0x00000000f3500000)
 ParOldGen       total 28672K, used 7808K [0x00000000d4200000, 0x00000000d5e00000, 0x00000000f1600000)
  object space 28672K, 27% used [0x00000000d4200000,0x00000000d49a0230,0x00000000d5e00000)
 Metaspace       used 20838K, capacity 21106K, committed 21248K, reserved 1067008K
  class space    used 2900K, capacity 2998K, committed 3072K, reserved 1048576K
}
Event: 15.190 GC heap before
{Heap before GC invocations=14 (full 1):
 PSYoungGen      total 31744K, used 26624K [0x00000000f1600000, 0x00000000f3a00000, 0x0000000100000000)
  eden space 26624K, 100% used [0x00000000f1600000,0x00000000f3000000,0x00000000f3000000)
  from space 5120K, 0% used [0x00000000f3500000,0x00000000f3500000,0x00000000f3a00000)
  to   space 5120K, 0% used [0x00000000f3000000,0x00000000f3000000,0x00000000f3500000)
 ParOldGen       total 28672K, used 7808K [0x00000000d4200000, 0x00000000d5e00000, 0x00000000f1600000)
  object space 28672K, 27% used [0x00000000d4200000,0x00000000d49a0230,0x00000000d5e00000)
 Metaspace       used 22923K, capacity 23274K, committed 23680K, reserved 1069056K
  class space    used 3233K, capacity 3355K, committed 3456K, reserved 1048576K
Event: 15.201 GC heap after
Heap after GC invocations=14 (full 1):
 PSYoungGen      total 31744K, used 2812K [0x00000000f1600000, 0x00000000f4100000, 0x0000000100000000)
  eden space 26624K, 0% used [0x00000000f1600000,0x00000000f1600000,0x00000000f3000000)
  from space 5120K, 54% used [0x00000000f3000000,0x00000000f32bf050,0x00000000f3500000)
  to   space 5120K, 0% used [0x00000000f3c00000,0x00000000f3c00000,0x00000000f4100000)
 ParOldGen       total 28672K, used 7816K [0x00000000d4200000, 0x00000000d5e00000, 0x00000000f1600000)
  object space 28672K, 27% used [0x00000000d4200000,0x00000000d49a2230,0x00000000d5e00000)
 Metaspace       used 22923K, capacity 23274K, committed 23680K, reserved 1069056K
  class space    used 3233K, capacity 3355K, committed 3456K, reserved 1048576K
}
Event: 16.442 GC heap before
{Heap before GC invocations=15 (full 1):
 PSYoungGen      total 31744K, used 29436K [0x00000000f1600000, 0x00000000f4100000, 0x0000000100000000)
  eden space 26624K, 100% used [0x00000000f1600000,0x00000000f3000000,0x00000000f3000000)
  from space 5120K, 54% used [0x00000000f3000000,0x00000000f32bf050,0x00000000f3500000)
  to   space 5120K, 0% used [0x00000000f3c00000,0x00000000f3c00000,0x00000000f4100000)
 ParOldGen       total 28672K, used 7816K [0x00000000d4200000, 0x00000000d5e00000, 0x00000000f1600000)
  object space 28672K, 27% used [0x00000000d4200000,0x00000000d49a2230,0x00000000d5e00000)
 Metaspace       used 25889K, capacity 26316K, committed 26624K, reserved 1073152K
  class space    used 3662K, capacity 3820K, committed 3840K, reserved 1048576K
Event: 16.450 GC heap after
Heap after GC invocations=15 (full 1):
 PSYoungGen      total 37888K, used 3603K [0x00000000f1600000, 0x00000000f4080000, 0x0000000100000000)
  eden space 33280K, 0% used [0x00000000f1600000,0x00000000f1600000,0x00000000f3680000)
  from space 4608K, 78% used [0x00000000f3c00000,0x00000000f3f84c70,0x00000000f4080000)
  to   space 5120K, 0% used [0x00000000f3680000,0x00000000f3680000,0x00000000f3b80000)
 ParOldGen       total 28672K, used 7824K [0x00000000d4200000, 0x00000000d5e00000, 0x00000000f1600000)
  object space 28672K, 27% used [0x00000000d4200000,0x00000000d49a4230,0x00000000d5e00000)
 Metaspace       used 25889K, capacity 26316K, committed 26624K, reserved 1073152K
  class space    used 3662K, capacity 3820K, committed 3840K, reserved 1048576K
}
Event: 22.033 GC heap before
{Heap before GC invocations=16 (full 1):
 PSYoungGen      total 37888K, used 36883K [0x00000000f1600000, 0x00000000f4080000, 0x0000000100000000)
  eden space 33280K, 100% used [0x00000000f1600000,0x00000000f3680000,0x00000000f3680000)
  from space 4608K, 78% used [0x00000000f3c00000,0x00000000f3f84c70,0x00000000f4080000)
  to   space 5120K, 0% used [0x00000000f3680000,0x00000000f3680000,0x00000000f3b80000)
 ParOldGen       total 28672K, used 7824K [0x00000000d4200000, 0x00000000d5e00000, 0x00000000f1600000)
  object space 28672K, 27% used [0x00000000d4200000,0x00000000d49a4230,0x00000000d5e00000)
 Metaspace       used 26989K, capacity 27434K, committed 27776K, reserved 1073152K
  class space    used 3752K, capacity 3890K, committed 3968K, reserved 1048576K
Event: 22.044 GC heap after
Heap after GC invocations=16 (full 1):
 PSYoungGen      total 38400K, used 3577K [0x00000000f1600000, 0x00000000f4780000, 0x0000000100000000)
  eden space 33280K, 0% used [0x00000000f1600000,0x00000000f1600000,0x00000000f3680000)
  from space 5120K, 69% used [0x00000000f3680000,0x00000000f39fe760,0x00000000f3b80000)
  to   space 5120K, 0% used [0x00000000f4280000,0x00000000f4280000,0x00000000f4780000)
 ParOldGen       total 28672K, used 7832K [0x00000000d4200000, 0x00000000d5e00000, 0x00000000f1600000)
  object space 28672K, 27% used [0x00000000d4200000,0x00000000d49a6230,0x00000000d5e00000)
 Metaspace       used 26989K, capacity 27434K, committed 27776K, reserved 1073152K
  class space    used 3752K, capacity 3890K, committed 3968K, reserved 1048576K
}

Deoptimization events (10 events):
Event: 17.048 Thread 0x0000000002c5e000 Uncommon trap: reason=predicate action=maybe_recompile pc=0x00000000034d6098 method=java.util.AbstractCollection.toArray([Ljava/lang/Object;)[Ljava/lang/Object; @ 49
Event: 17.054 Thread 0x0000000002c5e000 Uncommon trap: reason=array_check action=maybe_recompile pc=0x00000000034d1fcc method=java.util.AbstractCollection.toArray([Ljava/lang/Object;)[Ljava/lang/Object; @ 119
Event: 17.054 Thread 0x0000000002c5e000 Uncommon trap: reason=array_check action=maybe_recompile pc=0x00000000034d1fcc method=java.util.AbstractCollection.toArray([Ljava/lang/Object;)[Ljava/lang/Object; @ 119
Event: 17.057 Thread 0x0000000002c5e000 Uncommon trap: reason=array_check action=maybe_recompile pc=0x00000000034d1fcc method=java.util.AbstractCollection.toArray([Ljava/lang/Object;)[Ljava/lang/Object; @ 119
Event: 17.088 Thread 0x0000000002c5e000 Uncommon trap: reason=array_check action=maybe_recompile pc=0x00000000034d1fcc method=java.util.AbstractCollection.toArray([Ljava/lang/Object;)[Ljava/lang/Object; @ 119
Event: 21.572 Thread 0x0000000002c5e000 Uncommon trap: reason=unstable_if action=reinterpret pc=0x0000000003461a5c method=java.util.LinkedHashMap.afterNodeInsertion(Z)V @ 18
Event: 22.298 Thread 0x0000000002c5e000 Uncommon trap: reason=bimorphic action=maybe_recompile pc=0x000000000338cb90 method=java.lang.ClassLoader.getPackage(Ljava/lang/String;)Ljava/lang/Package; @ 47
Event: 22.301 Thread 0x0000000002c5e000 Uncommon trap: reason=bimorphic action=maybe_recompile pc=0x000000000338cb90 method=java.lang.ClassLoader.getPackage(Ljava/lang/String;)Ljava/lang/Package; @ 47
Event: 22.303 Thread 0x0000000002c5e000 Uncommon trap: reason=bimorphic action=maybe_recompile pc=0x000000000338cb90 method=java.lang.ClassLoader.getPackage(Ljava/lang/String;)Ljava/lang/Package; @ 47
Event: 22.305 Thread 0x0000000002c5e000 Uncommon trap: reason=bimorphic action=maybe_recompile pc=0x000000000338cb90 method=java.lang.ClassLoader.getPackage(Ljava/lang/String;)Ljava/lang/Package; @ 47

Internal exceptions (10 events):
Event: 22.147 Thread 0x0000000002c5e000 Exception <a 'java/lang/ClassNotFoundException': org/gradle/api/internal/artifacts/repositories/DefaultMavenArtifactRepositoryCustomizer> (0x00000000f1c9b838) thrown at [C:\re\workspace\8-2-build-windows-amd64-cygwin\jdk8u101\7261\hotspot\src\share\vm\clas‚f´æ[&6@
Event: 22.150 Thread 0x0000000002c5e000 Exception <a 'java/lang/ClassNotFoundException': org/gradle/api/internal/artifacts/repositories/DefaultMavenArtifactRepository_DecoratedCustomizer> (0x00000000f1cfb140) thrown at [C:\re\workspace\8-2-build-windows-amd64-cygwin\jdk8u101\7261\hotspot\src\shamÚ=ÝC)6@
Event: 22.161 Thread 0x0000000002c5e000 Exception <a 'java/lang/ClassNotFoundException': org/codehaus/groovy/runtime/GStringImplBeanInfo> (0x00000000f1d7c4c0) thrown at [C:\re\workspace\8-2-build-windows-amd64-cygwin\jdk8u101\7261\hotspot\src\share\vm\classfile\systemDictionary.cpp, line 210]
Event: 22.162 Thread 0x0000000002c5e000 Exception <a 'java/lang/ClassNotFoundException': org/codehaus/groovy/runtime/GStringImplCustomizer> (0x00000000f1da2c08) thrown at [C:\re\workspace\8-2-build-windows-amd64-cygwin\jdk8u101\7261\hotspot\src\share\vm\classfile\systemDictionary.cpp, line 210]
Event: 22.282 Thread 0x0000000002c5e000 Exception <a 'java/lang/ClassNotFoundException': build_dzv6gfhu35tzsxoe362swmj7mBeanInfo> (0x00000000f1e99728) thrown at [C:\re\workspace\8-2-build-windows-amd64-cygwin\jdk8u101\7261\hotspot\src\share\vm\classfile\systemDictionary.cpp, line 210]
Event: 22.283 Thread 0x0000000002c5e000 Exception <a 'java/lang/ClassNotFoundException': build_dzv6gfhu35tzsxoe362swmj7mCustomizer> (0x00000000f1ea7f70) thrown at [C:\re\workspace\8-2-build-windows-amd64-cygwin\jdk8u101\7261\hotspot\src\share\vm\classfile\systemDictionary.cpp, line 210]
Event: 22.290 Thread 0x0000000002c5e000 Exception <a 'java/lang/ClassNotFoundException': org/gradle/api/internal/plugins/DefaultObjectConfigurationActionBeanInfo> (0x00000000f1efbd08) thrown at [C:\re\workspace\8-2-build-windows-amd64-cygwin\jdk8u101\7261\hotspot\src\share\vm\classfile\systemDicÝn×<ZJ6@
Event: 22.290 Thread 0x0000000002c5e000 Exception <a 'java/lang/ClassNotFoundException': org/gradle/api/internal/plugins/DefaultObjectConfigurationActionCustomizer> (0x00000000f1f27808) thrown at [C:\re\workspace\8-2-build-windows-amd64-cygwin\jdk8u101\7261\hotspot\src\share\vm\classfile\systemDot—¶K6@
Event: 22.293 Thread 0x0000000002c5e000 Exception <a 'java/lang/ClassNotFoundException': org/gradle/api/plugins/ObjectConfigurationActionBeanInfo> (0x00000000f1f612d0) thrown at [C:\re\workspace\8-2-build-windows-amd64-cygwin\jdk8u101\7261\hotspot\src\share\vm\classfile\systemDictionary.cpp, linã50qAK6@
Event: 22.294 Thread 0x0000000002c5e000 Exception <a 'java/lang/ClassNotFoundException': org/gradle/api/plugins/ObjectConfigurationActionCustomizer> (0x00000000f1f86058) thrown at [C:\re\workspace\8-2-build-windows-amd64-cygwin\jdk8u101\7261\hotspot\src\share\vm\classfile\systemDictionary.cpp, l«=RÁ%6@

Events (10 events):
Event: 22.491 loading class com/google/common/collect/Maps$1
Event: 22.491 loading class com/google/common/collect/Maps$1 done
Event: 22.492 loading class com/google/common/collect/MapDifference
Event: 22.492 loading class com/google/common/collect/MapDifference done
Event: 22.492 loading class com/google/common/collect/SortedMapDifference
Event: 22.492 loading class com/google/common/collect/SortedMapDifference done
Event: 22.493 loading class com/google/common/collect/Maps$EntryTransformer
Event: 22.493 loading class com/google/common/collect/Maps$EntryTransformer done
Event: 22.502 loading class com/google/common/collect/Collections2
Event: 22.502 loading class com/google/common/collect/Collections2 done


Dynamic libraries:
0x00007ff713840000 - 0x00007ff713877000 	C:\ProgramData\Oracle\Java\javapath\java.exe
0x00007ff9429d0000 - 0x00007ff942b92000 	C:\WINDOWS\SYSTEM32\ntdll.dll
0x00007ff942600000 - 0x00007ff9426ad000 	C:\WINDOWS\system32\KERNEL32.DLL
0x00007ff93f4f0000 - 0x00007ff93f6cd000 	C:\WINDOWS\system32\KERNELBASE.dll
0x00007ff9421d0000 - 0x00007ff942276000 	C:\WINDOWS\system32\ADVAPI32.dll
0x00007ff942930000 - 0x00007ff9429cd000 	C:\WINDOWS\system32\msvcrt.dll
0x00007ff9401a0000 - 0x00007ff9401fb000 	C:\WINDOWS\system32\sechost.dll
0x00007ff942280000 - 0x00007ff9423a6000 	C:\WINDOWS\system32\RPCRT4.dll
0x00007ff941ef0000 - 0x00007ff94203e000 	C:\WINDOWS\system32\USER32.dll
0x00007ff940200000 - 0x00007ff940383000 	C:\WINDOWS\system32\GDI32.dll
0x00007ff9369d0000 - 0x00007ff936c44000 	C:\WINDOWS\WinSxS\amd64_microsoft.windows.common-controls_6595b64144ccf1df_6.0.10240.17184_none_f41d7a705752bce6\COMCTL32.dll
0x00007ff9423b0000 - 0x00007ff9423e6000 	C:\WINDOWS\system32\IMM32.DLL
0x00007ff9418c0000 - 0x00007ff941a1c000 	C:\WINDOWS\system32\MSCTF.dll
0x000000005ed20000 - 0x000000005edf2000 	C:\Program Files\Java\jre1.8.0_101\bin\msvcr100.dll
0x000000005e480000 - 0x000000005ed1a000 	C:\Program Files\Java\jre1.8.0_101\bin\server\jvm.dll
0x00007ff942050000 - 0x00007ff942058000 	C:\WINDOWS\system32\PSAPI.DLL
0x00007ff9377f0000 - 0x00007ff9377f9000 	C:\WINDOWS\SYSTEM32\WSOCK32.dll
0x00007ff941db0000 - 0x00007ff941e19000 	C:\WINDOWS\system32\WS2_32.dll
0x00007ff942040000 - 0x00007ff942048000 	C:\WINDOWS\system32\NSI.dll
0x00007ff93da80000 - 0x00007ff93daa3000 	C:\WINDOWS\SYSTEM32\WINMM.dll
0x00007ff9351d0000 - 0x00007ff9351da000 	C:\WINDOWS\SYSTEM32\VERSION.dll
0x00007ff93da20000 - 0x00007ff93da4c000 	C:\WINDOWS\SYSTEM32\WINMMBASE.dll
0x00007ff93f6d0000 - 0x00007ff93f714000 	C:\WINDOWS\system32\cfgmgr32.dll
0x00007ff93dd70000 - 0x00007ff93dd97000 	C:\WINDOWS\SYSTEM32\DEVOBJ.dll
0x000000005e470000 - 0x000000005e47f000 	C:\Program Files\Java\jre1.8.0_101\bin\verify.dll
0x000000005e440000 - 0x000000005e469000 	C:\Program Files\Java\jre1.8.0_101\bin\java.dll
0x000000005e420000 - 0x000000005e436000 	C:\Program Files\Java\jre1.8.0_101\bin\zip.dll
0x00007ff940390000 - 0x00007ff9418b3000 	C:\WINDOWS\system32\SHELL32.dll
0x00007ff93f7d0000 - 0x00007ff93fdf9000 	C:\WINDOWS\system32\windows.storage.dll
0x00007ff9426b0000 - 0x00007ff94292c000 	C:\WINDOWS\system32\combase.dll
0x00007ff941d50000 - 0x00007ff941da1000 	C:\WINDOWS\system32\shlwapi.dll
0x00007ff93f460000 - 0x00007ff93f46f000 	C:\WINDOWS\system32\kernel.appcore.dll
0x00007ff93fe00000 - 0x00007ff93feb3000 	C:\WINDOWS\system32\shcore.dll
0x00007ff93f3f0000 - 0x00007ff93f43a000 	C:\WINDOWS\system32\powrprof.dll
0x00007ff93f470000 - 0x00007ff93f483000 	C:\WINDOWS\system32\profapi.dll
0x000000005e400000 - 0x000000005e41a000 	C:\Program Files\Java\jre1.8.0_101\bin\net.dll
0x00007ff93ec60000 - 0x00007ff93ecbd000 	C:\WINDOWS\system32\mswsock.dll
0x000000005e3e0000 - 0x000000005e3f1000 	C:\Program Files\Java\jre1.8.0_101\bin\nio.dll
0x00007ff934ab0000 - 0x00007ff934ac2000 	C:\Users\muammar furqon\.gradle\native\19\windows-amd64\native-platform.dll
0x0000000180000000 - 0x0000000180037000 	C:\Users\muammar furqon\.gradle\native\jna\win32-amd64\jnidispatch.dll
0x00007ff93ecc0000 - 0x00007ff93ecd7000 	C:\WINDOWS\SYSTEM32\CRYPTSP.dll
0x00007ff93ef30000 - 0x00007ff93ef58000 	C:\WINDOWS\SYSTEM32\bcrypt.dll
0x00007ff93e910000 - 0x00007ff93e943000 	C:\WINDOWS\system32\rsaenh.dll
0x00007ff93ea00000 - 0x00007ff93ea1f000 	C:\WINDOWS\SYSTEM32\USERENV.dll
0x00007ff93f240000 - 0x00007ff93f2ab000 	C:\WINDOWS\system32\bcryptprimitives.dll
0x00007ff93ee30000 - 0x00007ff93ee3b000 	C:\WINDOWS\SYSTEM32\CRYPTBASE.dll
0x00007ff93c900000 - 0x00007ff93c938000 	C:\WINDOWS\SYSTEM32\IPHLPAPI.DLL
0x00007ff93c8f0000 - 0x00007ff93c8fb000 	C:\WINDOWS\SYSTEM32\WINNSI.DLL
0x00007ff93b060000 - 0x00007ff93b076000 	C:\WINDOWS\SYSTEM32\dhcpcsvc6.DLL
0x00007ff93b040000 - 0x00007ff93b05a000 	C:\WINDOWS\SYSTEM32\dhcpcsvc.DLL
0x000000005e3d0000 - 0x000000005e3dd000 	C:\Program Files\Java\jre1.8.0_101\bin\management.dll

VM Arguments:
jvm_args: -Dorg.gradle.appname=gradlew 
java_command: org.gradle.wrapper.GradleWrapperMain installDebug
java_class_path (initial): E:\BootArk\CobaReact\CobaReact\android\\gradle\wrapper\gradle-wrapper.jar
Launcher Type: SUN_STANDARD

Environment Variables:
CLASSPATH=E:\BootArk\CobaReact\CobaReact\android\\gradle\wrapper\gradle-wrapper.jar
PATH=C:\Users\muammar furqon\AppData\Roaming\npm;C:\Program Files\nodejs\;C:\oraclexe\app\oracle\product\11.2.0\server\bin;;C:\ProgramData\Oracle\Java\javapath;C:\WINDOWS\system32;C:\WINDOWS;C:\WINDOWS\System32\Wbem;C:\WINDOWS\System32\WindowsPowerShell\v1.0\;C:\Program Files\Microsoft SQL Server\Client SDK\ODBC\110\Tools\Binn\;C:\Program Files (x86)\Microsoft SQL Server\120\Tools\Binn\;C:\Program Files\Microsoft SQL Server\120\Tools\Binn\;C:\Program Files\Microsoft SQL Server\120\DTS\Binn\;C:\Program Files\nodejs\;C:\Program Files\Microsoft SQL Server\110\Tools\Binn\;c:\Program Files (x86)\Microsoft SQL Server\110\Tools\Binn\ManagementStudio\;c:\Program Files (x86)\Microsoft SQL Server\110\Tools\Binn\;c:\Program Files (x86)\Microsoft SQL Server\110\DTS\Binn\;C:\Program Files\Git\;C:\Program Files\Git\bin\;E:\BootArk\Sdk\platform-tools;C:\Users\muammar furqon\AppData\Roaming\npm;C:\Users\muammar furqon\AppData\Local\Android\Sdk\platform-tools
USERNAME=muammar furqon
OS=Windows_NT
PROCESSOR_IDENTIFIER=Intel64 Family 6 Model 37 Stepping 2, GenuineIntel



---------------  S Y S T E M  ---------------

OS: Windows 10.0 , 64 bit Build 10240 (10.0.10240.17113)

CPU:total 2 (2 cores per cpu, 1 threads per core) family 6 model 37 stepping 2, cmov, cx8, fxsr, mmx, sse, sse2, sse3, ssse3, popcnt, tsc, tscinvbit

Memory: 4k page, physical 2871812k(236604k free), swap 4986724k(5368k free)

vm_info: Java HotSpot(TM) 64-Bit Server VM (25.101-b13) for windows-amd64 JRE (1.8.0_101-b13), built on Jun 22 2016 01:21:29 by "java_re" with MS VC++ 10.0 (VS2010)

time: Sat Apr 14 11:53:08 2018
elapsed time: 22 seconds (0d 0h 0m 22s)

