#
# There is insufficient memory for the Java Runtime Environment to continue.
# Native memory allocation (malloc) failed to allocate 373872 bytes for Chunk::new
# Possible reasons:
#   The system is out of physical RAM or swap space
#   In 32 bit mode, the process size limit was hit
# Possible solutions:
#   Reduce memory load on the system
#   Increase physical memory or swap space
#   Check if swap backing store is full
#   Use 64 bit Java on a 64 bit OS
#   Decrease Java heap size (-Xmx/-Xms)
#   Decrease number of Java threads
#   Decrease Java thread stack sizes (-Xss)
#   Set larger code cache with -XX:ReservedCodeCacheSize=
# This output file may be truncated or incomplete.
#
#  Out of Memory Error (allocation.cpp:390), pid=6908, tid=0x000000000000186c
#
# JRE version: Java(TM) SE Runtime Environment (8.0_101-b13) (build 1.8.0_101-b13)
# Java VM: Java HotSpot(TM) 64-Bit Server VM (25.101-b13 mixed mode windows-amd64 compressed oops)
# Failed to write core dump. Minidumps are not enabled by default on client versions of Windows
#

---------------  T H R E A D  ---------------

Current thread (0x000000001484a000):  JavaThread "C2 CompilerThread0" daemon [_thread_in_native, id=6252, stack(0x0000000015870000,0x0000000015970000)]

Stack: [0x0000000015870000,0x0000000015970000]
[error occurred during error reporting (printing stack bounds), id 0xc0000005]

Native frames: (J=compiled Java code, j=interpreted, Vv=VM code, C=native code)


Current CompileTask:
C2:   3145  683       4       java.io.WinNTFileSystem::normalize (231 bytes)


---------------  P R O C E S S  ---------------

Java Threads: ( => current thread )
  0x00000000148c4000 JavaThread "Service Thread" daemon [_thread_blocked, id=3164, stack(0x0000000015a70000,0x0000000015b70000)]
  0x000000001484d800 JavaThread "C1 CompilerThread1" daemon [_thread_blocked, id=6748, stack(0x0000000015970000,0x0000000015a70000)]
=>0x000000001484a000 JavaThread "C2 CompilerThread0" daemon [_thread_in_native, id=6252, stack(0x0000000015870000,0x0000000015970000)]
  0x0000000014848000 JavaThread "Attach Listener" daemon [_thread_blocked, id=6760, stack(0x0000000015770000,0x0000000015870000)]
  0x0000000014845800 JavaThread "Signal Dispatcher" daemon [_thread_blocked, id=8188, stack(0x0000000015670000,0x0000000015770000)]
  0x0000000014838800 JavaThread "Finalizer" daemon [_thread_blocked, id=7048, stack(0x0000000015490000,0x0000000015590000)]
  0x0000000002eed800 JavaThread "Reference Handler" daemon [_thread_blocked, id=6476, stack(0x0000000015390000,0x0000000015490000)]
  0x000000000169e000 JavaThread "main" [_thread_in_Java, id=5704, stack(0x0000000001550000,0x0000000001650000)]

Other Threads:
  0x0000000014815800 VMThread [stack: 0x0000000015290000,0x0000000015390000] [id=7600]
  0x00000000148c9000 WatcherThread [stack: 0x0000000015b70000,0x0000000015c70000] [id=5576]

VM state:not at safepoint (normal execution)

VM Mutex/Monitor currently owned by a thread: None

Heap:
 PSYoungGen      total 13312K, used 8036K [0x00000000f1600000, 0x00000000f2480000, 0x0000000100000000)
  eden space 11776K, 55% used [0x00000000f1600000,0x00000000f1c61340,0x00000000f2180000)
  from space 1536K, 97% used [0x00000000f2180000,0x00000000f22f8020,0x00000000f2300000)
  to   space 1536K, 0% used [0x00000000f2300000,0x00000000f2300000,0x00000000f2480000)
 ParOldGen       total 30208K, used 3101K [0x00000000d4200000, 0x00000000d5f80000, 0x00000000f1600000)
  object space 30208K, 10% used [0x00000000d4200000,0x00000000d4507620,0x00000000d5f80000)
 Metaspace       used 8455K, capacity 8728K, committed 8960K, reserved 1056768K
  class space    used 1131K, capacity 1224K, committed 1280K, reserved 1048576K

Card table byte_map: [0x0000000012350000,0x00000000124b0000] byte_map_base: 0x0000000011caf000

Marking Bits: (ParMarkBitMap*) 0x000000005ec9a6d0
 Begin Bits: [0x00000000127a0000, 0x0000000013298000)
 End Bits:   [0x0000000013298000, 0x0000000013d90000)

Polling page: 0x0000000001210000

CodeCache: size=245760Kb used=2961Kb max_used=2961Kb free=242798Kb
 bounds [0x0000000002f90000, 0x0000000003280000, 0x0000000011f90000]
 total_blobs=1014 nmethods=706 adapters=222
 compilation: enabled

Compilation events (10 events):
Event: 3.093 Thread 0x000000001484d800  704       1       java.util.zip.ZipFile::getName (5 bytes)
Event: 3.093 Thread 0x000000001484d800 nmethod 704 0x00000000032683d0 code [0x0000000003268520, 0x0000000003268630]
Event: 3.103 Thread 0x000000001484d800  705       3       sun.nio.cs.UTF_8$Decoder::decodeArrayLoop (691 bytes)
Event: 3.111 Thread 0x000000001484d800 nmethod 705 0x0000000003268690 code [0x0000000003268fe0, 0x000000000326f828]
Event: 3.128 Thread 0x000000001484d800  707       3       sun.misc.IOUtils::readFully (138 bytes)
Event: 3.129 Thread 0x000000001484d800 nmethod 707 0x0000000003274590 code [0x00000000032747a0, 0x0000000003275358]
Event: 3.130 Thread 0x000000001484d800  708       3       java.nio.charset.CharsetDecoder::reset (11 bytes)
Event: 3.131 Thread 0x000000001484d800 nmethod 708 0x00000000032757d0 code [0x0000000003275920, 0x0000000003275b50]
Event: 3.131 Thread 0x000000001484d800  709       3       java.nio.charset.CharsetDecoder::implReset (1 bytes)
Event: 3.131 Thread 0x000000001484d800 nmethod 709 0x0000000003275c10 code [0x0000000003275d60, 0x0000000003275eb0]

GC Heap History (6 events):
Event: 1.566 GC heap before
{Heap before GC invocations=1 (full 0):
 PSYoungGen      total 13312K, used 11776K [0x00000000f1600000, 0x00000000f2480000, 0x0000000100000000)
  eden space 11776K, 100% used [0x00000000f1600000,0x00000000f2180000,0x00000000f2180000)
  from space 1536K, 0% used [0x00000000f2300000,0x00000000f2300000,0x00000000f2480000)
  to   space 1536K, 0% used [0x00000000f2180000,0x00000000f2180000,0x00000000f2300000)
 ParOldGen       total 30208K, used 0K [0x00000000d4200000, 0x00000000d5f80000, 0x00000000f1600000)
  object space 30208K, 0% used [0x00000000d4200000,0x00000000d4200000,0x00000000d5f80000)
 Metaspace       used 5409K, capacity 5808K, committed 5888K, reserved 1056768K
  class space    used 698K, capacity 768K, committed 768K, reserved 1048576K
Event: 1.570 GC heap after
Heap after GC invocations=1 (full 0):
 PSYoungGen      total 13312K, used 1506K [0x00000000f1600000, 0x00000000f2480000, 0x0000000100000000)
  eden space 11776K, 0% used [0x00000000f1600000,0x00000000f1600000,0x00000000f2180000)
  from space 1536K, 98% used [0x00000000f2180000,0x00000000f22f8ae0,0x00000000f2300000)
  to   space 1536K, 0% used [0x00000000f2300000,0x00000000f2300000,0x00000000f2480000)
 ParOldGen       total 30208K, used 747K [0x00000000d4200000, 0x00000000d5f80000, 0x00000000f1600000)
  object space 30208K, 2% used [0x00000000d4200000,0x00000000d42bad80,0x00000000d5f80000)
 Metaspace       used 5409K, capacity 5808K, committed 5888K, reserved 1056768K
  class space    used 698K, capacity 768K, committed 768K, reserved 1048576K
}
Event: 2.524 GC heap before
{Heap before GC invocations=2 (full 0):
 PSYoungGen      total 13312K, used 13282K [0x00000000f1600000, 0x00000000f2480000, 0x0000000100000000)
  eden space 11776K, 100% used [0x00000000f1600000,0x00000000f2180000,0x00000000f2180000)
  from space 1536K, 98% used [0x00000000f2180000,0x00000000f22f8ae0,0x00000000f2300000)
  to   space 1536K, 0% used [0x00000000f2300000,0x00000000f2300000,0x00000000f2480000)
 ParOldGen       total 30208K, used 747K [0x00000000d4200000, 0x00000000d5f80000, 0x00000000f1600000)
  object space 30208K, 2% used [0x00000000d4200000,0x00000000d42bad80,0x00000000d5f80000)
 Metaspace       used 8070K, capacity 8256K, committed 8320K, reserved 1056768K
  class space    used 1079K, capacity 1152K, committed 1152K, reserved 1048576K
Event: 2.530 GC heap after
Heap after GC invocations=2 (full 0):
 PSYoungGen      total 13312K, used 1504K [0x00000000f1600000, 0x00000000f2480000, 0x0000000100000000)
  eden space 11776K, 0% used [0x00000000f1600000,0x00000000f1600000,0x00000000f2180000)
  from space 1536K, 97% used [0x00000000f2300000,0x00000000f2478020,0x00000000f2480000)
  to   space 1536K, 0% used [0x00000000f2180000,0x00000000f2180000,0x00000000f2300000)
 ParOldGen       total 30208K, used 2521K [0x00000000d4200000, 0x00000000d5f80000, 0x00000000f1600000)
  object space 30208K, 8% used [0x00000000d4200000,0x00000000d44766f0,0x00000000d5f80000)
 Metaspace       used 8070K, capacity 8256K, committed 8320K, reserved 1056768K
  class space    used 1079K, capacity 1152K, committed 1152K, reserved 1048576K
}
Event: 2.920 GC heap before
{Heap before GC invocations=3 (full 0):
 PSYoungGen      total 13312K, used 13280K [0x00000000f1600000, 0x00000000f2480000, 0x0000000100000000)
  eden space 11776K, 100% used [0x00000000f1600000,0x00000000f2180000,0x00000000f2180000)
  from space 1536K, 97% used [0x00000000f2300000,0x00000000f2478020,0x00000000f2480000)
  to   space 1536K, 0% used [0x00000000f2180000,0x00000000f2180000,0x00000000f2300000)
 ParOldGen       total 30208K, used 2521K [0x00000000d4200000, 0x00000000d5f80000, 0x00000000f1600000)
  object space 30208K, 8% used [0x00000000d4200000,0x00000000d44766f0,0x00000000d5f80000)
 Metaspace       used 8351K, capacity 8544K, committed 8704K, reserved 1056768K
  class space    used 1117K, capacity 1184K, committed 1280K, reserved 1048576K
Event: 2.926 GC heap after
Heap after GC invocations=3 (full 0):
 PSYoungGen      total 13312K, used 1504K [0x00000000f1600000, 0x00000000f2480000, 0x0000000100000000)
  eden space 11776K, 0% used [0x00000000f1600000,0x00000000f1600000,0x00000000f2180000)
  from space 1536K, 97% used [0x00000000f2180000,0x00000000f22f8020,0x00000000f2300000)
  to   space 1536K, 0% used [0x00000000f2300000,0x00000000f2300000,0x00000000f2480000)
 ParOldGen       total 30208K, used 3101K [0x00000000d4200000, 0x00000000d5f80000, 0x00000000f1600000)
  object space 30208K, 10% used [0x00000000d4200000,0x00000000d4507620,0x00000000d5f80000)
 Metaspace       used 8351K, capacity 8544K, committed 8704K, reserved 1056768K
  class space    used 1117K, capacity 1184K, committed 1280K, reserved 1048576K
}

Deoptimization events (5 events):
Event: 2.026 Thread 0x000000000169e000 Uncommon trap: reason=unstable_if action=reinterpret pc=0x00000000031c50fc method=java.util.HashMap.getNode(ILjava/lang/Object;)Ljava/util/HashMap$Node; @ 129
Event: 2.027 Thread 0x000000000169e000 Uncommon trap: reason=unstable_if action=reinterpret pc=0x00000000031b4528 method=java.util.HashMap.getNode(ILjava/lang/Object;)Ljava/util/HashMap$Node; @ 129
Event: 2.596 Thread 0x000000000169e000 Uncommon trap: reason=predicate action=maybe_recompile pc=0x00000000031dfc84 method=sun.net.www.ParseUtil.encodePath(Ljava/lang/String;Z)Ljava/lang/String; @ 36
Event: 2.745 Thread 0x000000000169e000 Uncommon trap: reason=unstable_if action=reinterpret pc=0x00000000031ff674 method=java.lang.String$CaseInsensitiveComparator.compare(Ljava/lang/String;Ljava/lang/String;)I @ 26
Event: 2.918 Thread 0x000000000169e000 Uncommon trap: reason=unstable_if action=reinterpret pc=0x00000000031f2bfc method=java.lang.String$CaseInsensitiveComparator.compare(Ljava/lang/String;Ljava/lang/String;)I @ 26

Internal exceptions (10 events):
Event: 0.401 Thread 0x000000000169e000 Exception <a 'java/security/PrivilegedActionException'> (0x00000000f1741c10) thrown at [C:\re\workspace\8-2-build-windows-amd64-cygwin\jdk8u101\7261\hotspot\src\share\vm\prims\jvm.cpp, line 1386]
Event: 0.887 Thread 0x000000000169e000 Exception <a 'java/lang/ArrayIndexOutOfBoundsException': 100> (0x00000000f1c2e610) thrown at [C:\re\workspace\8-2-build-windows-amd64-cygwin\jdk8u101\7261\hotspot\src\share\vm\interpreter\interpreterRuntime.cpp, line 366]
Event: 0.895 Thread 0x000000000169e000 Exception <a 'java/lang/ArrayIndexOutOfBoundsException': 18> (0x00000000f1c2f528) thrown at [C:\re\workspace\8-2-build-windows-amd64-cygwin\jdk8u101\7261\hotspot\src\share\vm\interpreter\interpreterRuntime.cpp, line 366]
Event: 0.895 Thread 0x000000000169e000 Exception <a 'java/lang/ArrayIndexOutOfBoundsException': 40> (0x00000000f1c30158) thrown at [C:\re\workspace\8-2-build-windows-amd64-cygwin\jdk8u101\7261\hotspot\src\share\vm\interpreter\interpreterRuntime.cpp, line 366]
Event: 1.486 Thread 0x000000000169e000 Exception <a 'java/lang/ArrayIndexOutOfBoundsException'> (0x00000000f20269e8) thrown at [C:\re\workspace\8-2-build-windows-amd64-cygwin\jdk8u101\7261\hotspot\src\share\vm\runtime\sharedRuntime.cpp, line 605]
Event: 1.486 Thread 0x000000000169e000 Exception <a 'java/lang/ArrayIndexOutOfBoundsException'> (0x00000000f20278a8) thrown at [C:\re\workspace\8-2-build-windows-amd64-cygwin\jdk8u101\7261\hotspot\src\share\vm\runtime\sharedRuntime.cpp, line 605]
Event: 2.500 Thread 0x000000000169e000 Exception <a 'java/lang/ArrayIndexOutOfBoundsException'> (0x00000000f209b2e0) thrown at [C:\re\workspace\8-2-build-windows-amd64-cygwin\jdk8u101\7261\hotspot\src\share\vm\runtime\sharedRuntime.cpp, line 605]
Event: 2.500 Thread 0x000000000169e000 Exception <a 'java/lang/ArrayIndexOutOfBoundsException'> (0x00000000f209c200) thrown at [C:\re\workspace\8-2-build-windows-amd64-cygwin\jdk8u101\7261\hotspot\src\share\vm\runtime\sharedRuntime.cpp, line 605]
Event: 2.500 Thread 0x000000000169e000 Exception <a 'java/lang/ArrayIndexOutOfBoundsException'> (0x00000000f209e230) thrown at [C:\re\workspace\8-2-build-windows-amd64-cygwin\jdk8u101\7261\hotspot\src\share\vm\runtime\sharedRuntime.cpp, line 605]
Event: 2.501 Thread 0x000000000169e000 Exception <a 'java/lang/ArrayIndexOutOfBoundsException'> (0x00000000f209fa88) thrown at [C:\re\workspace\8-2-build-windows-amd64-cygwin\jdk8u101\7261\hotspot\src\share\vm\runtime\sharedRuntime.cpp, line 605]

Events (10 events):
Event: 3.125 loading class org/gradle/api/publish/maven/internal/MavenPublishServices
Event: 3.125 loading class org/gradle/api/publish/maven/internal/MavenPublishServices done
Event: 3.131 loading class org/gradle/platform/base/internal/registry/ComponentModelBaseServiceRegistry
Event: 3.131 loading class org/gradle/platform/base/internal/registry/ComponentModelBaseServiceRegistry done
Event: 3.133 loading class org/gradle/jvm/internal/services/PlatformJvmServices
Event: 3.133 loading class org/gradle/jvm/internal/services/PlatformJvmServices done
Event: 3.135 Thread 0x000000000169e000 DEOPT PACKING pc=0x000000000310f16d sp=0x000000000164c870
Event: 3.135 Thread 0x000000000169e000 DEOPT UNPACKING pc=0x0000000002fd747f sp=0x000000000164c628 mode 0
Event: 3.138 loading class org/gradle/nativeplatform/internal/services/NativeBinaryServices
Event: 3.138 loading class org/gradle/nativeplatform/internal/services/NativeBinaryServices done


Dynamic libraries:
0x00007ff7ab370000 - 0x00007ff7ab3a7000 	C:\ProgramData\Oracle\Java\javapath\java.exe
0x00007ff9429d0000 - 0x00007ff942b92000 	C:\WINDOWS\SYSTEM32\ntdll.dll
0x00007ff942600000 - 0x00007ff9426ad000 	C:\WINDOWS\system32\KERNEL32.DLL
0x00007ff93f4f0000 - 0x00007ff93f6cd000 	C:\WINDOWS\system32\KERNELBASE.dll
0x00007ff9421d0000 - 0x00007ff942276000 	C:\WINDOWS\system32\ADVAPI32.dll
0x00007ff942930000 - 0x00007ff9429cd000 	C:\WINDOWS\system32\msvcrt.dll
0x00007ff9401a0000 - 0x00007ff9401fb000 	C:\WINDOWS\system32\sechost.dll
0x00007ff942280000 - 0x00007ff9423a6000 	C:\WINDOWS\system32\RPCRT4.dll
0x00007ff941ef0000 - 0x00007ff94203e000 	C:\WINDOWS\system32\USER32.dll
0x00007ff940200000 - 0x00007ff940383000 	C:\WINDOWS\system32\GDI32.dll
0x00007ff9369d0000 - 0x00007ff936c44000 	C:\WINDOWS\WinSxS\amd64_microsoft.windows.common-controls_6595b64144ccf1df_6.0.10240.17184_none_f41d7a705752bce6\COMCTL32.dll
0x00007ff9423b0000 - 0x00007ff9423e6000 	C:\WINDOWS\system32\IMM32.DLL
0x00007ff9418c0000 - 0x00007ff941a1c000 	C:\WINDOWS\system32\MSCTF.dll
0x000000005ed20000 - 0x000000005edf2000 	C:\Program Files\Java\jre1.8.0_101\bin\msvcr100.dll
0x000000005e480000 - 0x000000005ed1a000 	C:\Program Files\Java\jre1.8.0_101\bin\server\jvm.dll
0x00007ff942050000 - 0x00007ff942058000 	C:\WINDOWS\system32\PSAPI.DLL
0x00007ff9377f0000 - 0x00007ff9377f9000 	C:\WINDOWS\SYSTEM32\WSOCK32.dll
0x00007ff93da80000 - 0x00007ff93daa3000 	C:\WINDOWS\SYSTEM32\WINMM.dll
0x00007ff941db0000 - 0x00007ff941e19000 	C:\WINDOWS\system32\WS2_32.dll
0x00007ff942040000 - 0x00007ff942048000 	C:\WINDOWS\system32\NSI.dll
0x00007ff9351d0000 - 0x00007ff9351da000 	C:\WINDOWS\SYSTEM32\VERSION.dll
0x00007ff93da20000 - 0x00007ff93da4c000 	C:\WINDOWS\SYSTEM32\WINMMBASE.dll
0x00007ff93f6d0000 - 0x00007ff93f714000 	C:\WINDOWS\system32\cfgmgr32.dll
0x00007ff93dd70000 - 0x00007ff93dd97000 	C:\WINDOWS\SYSTEM32\DEVOBJ.dll
0x000000005e470000 - 0x000000005e47f000 	C:\Program Files\Java\jre1.8.0_101\bin\verify.dll
0x000000005e440000 - 0x000000005e469000 	C:\Program Files\Java\jre1.8.0_101\bin\java.dll
0x000000005e420000 - 0x000000005e436000 	C:\Program Files\Java\jre1.8.0_101\bin\zip.dll
0x00007ff940390000 - 0x00007ff9418b3000 	C:\WINDOWS\system32\SHELL32.dll
0x00007ff93f7d0000 - 0x00007ff93fdf9000 	C:\WINDOWS\system32\windows.storage.dll
0x00007ff9426b0000 - 0x00007ff94292c000 	C:\WINDOWS\system32\combase.dll
0x00007ff941d50000 - 0x00007ff941da1000 	C:\WINDOWS\system32\shlwapi.dll
0x00007ff93f460000 - 0x00007ff93f46f000 	C:\WINDOWS\system32\kernel.appcore.dll
0x00007ff93fe00000 - 0x00007ff93feb3000 	C:\WINDOWS\system32\shcore.dll
0x00007ff93f3f0000 - 0x00007ff93f43a000 	C:\WINDOWS\system32\powrprof.dll
0x00007ff93f470000 - 0x00007ff93f483000 	C:\WINDOWS\system32\profapi.dll
0x000000005e400000 - 0x000000005e41a000 	C:\Program Files\Java\jre1.8.0_101\bin\net.dll
0x00007ff93ec60000 - 0x00007ff93ecbd000 	C:\WINDOWS\system32\mswsock.dll
0x000000005e3e0000 - 0x000000005e3f1000 	C:\Program Files\Java\jre1.8.0_101\bin\nio.dll
0x00007ff934b00000 - 0x00007ff934b12000 	C:\Users\muammar furqon\.gradle\native\19\windows-amd64\native-platform.dll
0x0000000180000000 - 0x0000000180037000 	C:\Users\muammar furqon\.gradle\native\jna\win32-amd64\jnidispatch.dll
0x00007ff93ecc0000 - 0x00007ff93ecd7000 	C:\WINDOWS\SYSTEM32\CRYPTSP.dll
0x00007ff93ef30000 - 0x00007ff93ef58000 	C:\WINDOWS\SYSTEM32\bcrypt.dll
0x00007ff93e910000 - 0x00007ff93e943000 	C:\WINDOWS\system32\rsaenh.dll
0x00007ff93ea00000 - 0x00007ff93ea1f000 	C:\WINDOWS\SYSTEM32\USERENV.dll
0x00007ff93f240000 - 0x00007ff93f2ab000 	C:\WINDOWS\system32\bcryptprimitives.dll
0x00007ff93ee30000 - 0x00007ff93ee3b000 	C:\WINDOWS\SYSTEM32\CRYPTBASE.dll
0x00007ff93c900000 - 0x00007ff93c938000 	C:\WINDOWS\SYSTEM32\IPHLPAPI.DLL
0x00007ff93c8f0000 - 0x00007ff93c8fb000 	C:\WINDOWS\SYSTEM32\WINNSI.DLL
0x00007ff93b060000 - 0x00007ff93b076000 	C:\WINDOWS\SYSTEM32\dhcpcsvc6.DLL
0x00007ff93b040000 - 0x00007ff93b05a000 	C:\WINDOWS\SYSTEM32\dhcpcsvc.DLL
0x000000005e3d0000 - 0x000000005e3dd000 	C:\Program Files\Java\jre1.8.0_101\bin\management.dll

VM Arguments:
jvm_args: -Dorg.gradle.appname=gradlew 
java_command: org.gradle.wrapper.GradleWrapperMain installDebug
java_class_path (initial): E:\BootArk\CobaReact\CobaReact\android\\gradle\wrapper\gradle-wrapper.jar
Launcher Type: SUN_STANDARD

Environment Variables:
CLASSPATH=E:\BootArk\CobaReact\CobaReact\android\\gradle\wrapper\gradle-wrapper.jar
PATH=C:\Users\muammar furqon\AppData\Roaming\npm;C:\Program Files\nodejs\;C:\oraclexe\app\oracle\product\11.2.0\server\bin;;C:\ProgramData\Oracle\Java\javapath;C:\WINDOWS\system32;C:\WINDOWS;C:\WINDOWS\System32\Wbem;C:\WINDOWS\System32\WindowsPowerShell\v1.0\;C:\Program Files\Microsoft SQL Server\Client SDK\ODBC\110\Tools\Binn\;C:\Program Files (x86)\Microsoft SQL Server\120\Tools\Binn\;C:\Program Files\Microsoft SQL Server\120\Tools\Binn\;C:\Program Files\Microsoft SQL Server\120\DTS\Binn\;C:\Program Files\nodejs\;C:\Program Files\Microsoft SQL Server\110\Tools\Binn\;c:\Program Files (x86)\Microsoft SQL Server\110\Tools\Binn\ManagementStudio\;c:\Program Files (x86)\Microsoft SQL Server\110\Tools\Binn\;c:\Program Files (x86)\Microsoft SQL Server\110\DTS\Binn\;C:\Program Files\Git\;C:\Program Files\Git\bin\;E:\BootArk\Sdk\platform-tools;C:\Users\muammar furqon\AppData\Roaming\npm;C:\Users\muammar furqon\AppData\Local\Android\Sdk\platform-tools
USERNAME=muammar furqon
OS=Windows_NT
PROCESSOR_IDENTIFIER=Intel64 Family 6 Model 37 Stepping 2, GenuineIntel



---------------  S Y S T E M  ---------------

OS: Windows 10.0 , 64 bit Build 10240 (10.0.10240.17113)

CPU:total 2 (2 cores per cpu, 1 threads per core) family 6 model 37 stepping 2, cmov, cx8, fxsr, mmx, sse, sse2, sse3, ssse3, popcnt, tsc, tscinvbit

Memory: 4k page, physical 2871812k(208008k free), swap 4986724k(4316k free)

vm_info: Java HotSpot(TM) 64-Bit Server VM (25.101-b13) for windows-amd64 JRE (1.8.0_101-b13), built on Jun 22 2016 01:21:29 by "java_re" with MS VC++ 10.0 (VS2010)

time: Sat Apr 14 12:59:29 2018
elapsed time: 3 seconds (0d 0h 0m 3s)

