#
# There is insufficient memory for the Java Runtime Environment to continue.
# Native memory allocation (malloc) failed to allocate 634976 bytes for Chunk::new
# Possible reasons:
#   The system is out of physical RAM or swap space
#   In 32 bit mode, the process size limit was hit
# Possible solutions:
#   Reduce memory load on the system
#   Increase physical memory or swap space
#   Check if swap backing store is full
#   Use 64 bit Java on a 64 bit OS
#   Decrease Java heap size (-Xmx/-Xms)
#   Decrease number of Java threads
#   Decrease Java thread stack sizes (-Xss)
#   Set larger code cache with -XX:ReservedCodeCacheSize=
# This output file may be truncated or incomplete.
#
#  Out of Memory Error (allocation.cpp:390), pid=7616, tid=0x0000000000000ffc
#
# JRE version: Java(TM) SE Runtime Environment (8.0_101-b13) (build 1.8.0_101-b13)
# Java VM: Java HotSpot(TM) 64-Bit Server VM (25.101-b13 mixed mode windows-amd64 compressed oops)
# Failed to write core dump. Minidumps are not enabled by default on client versions of Windows
#

---------------  T H R E A D  ---------------

Current thread (0x0000000013fea000):  JavaThread "C2 CompilerThread0" daemon [_thread_in_native, id=4092, stack(0x0000000015020000,0x0000000015120000)]

Stack: [0x0000000015020000,0x0000000015120000]
[error occurred during error reporting (printing stack bounds), id 0xc0000005]

Native frames: (J=compiled Java code, j=interpreted, Vv=VM code, C=native code)


Current CompileTask:
C2:  54155 4248   !   4       java.security.SecureClassLoader::getProtectionDomain (114 bytes)


---------------  P R O C E S S  ---------------

Java Threads: ( => current thread )
  0x0000000017208000 JavaThread "File lock request listener" [_thread_in_native, id=2604, stack(0x0000000018ba0000,0x0000000018ca0000)]
  0x0000000018205800 JavaThread "pool-1-thread-1" [_thread_blocked, id=1096, stack(0x0000000018aa0000,0x0000000018ba0000)]
  0x0000000013ff8800 JavaThread "Service Thread" daemon [_thread_blocked, id=7796, stack(0x0000000015220000,0x0000000015320000)]
  0x0000000013fef000 JavaThread "C1 CompilerThread1" daemon [_thread_blocked, id=7548, stack(0x0000000015120000,0x0000000015220000)]
=>0x0000000013fea000 JavaThread "C2 CompilerThread0" daemon [_thread_in_native, id=4092, stack(0x0000000015020000,0x0000000015120000)]
  0x0000000013fe8800 JavaThread "Attach Listener" daemon [_thread_blocked, id=6100, stack(0x0000000014f20000,0x0000000015020000)]
  0x0000000013fe5000 JavaThread "Signal Dispatcher" daemon [_thread_blocked, id=5704, stack(0x0000000014e20000,0x0000000014f20000)]
  0x0000000013fd8800 JavaThread "Finalizer" daemon [_thread_blocked, id=7992, stack(0x0000000014c40000,0x0000000014d40000)]
  0x000000000271d800 JavaThread "Reference Handler" daemon [_thread_blocked, id=8124, stack(0x0000000014b40000,0x0000000014c40000)]
  0x000000000252e000 JavaThread "main" [_thread_in_native, id=7316, stack(0x0000000002400000,0x0000000002500000)]

Other Threads:
  0x0000000013fb6000 VMThread [stack: 0x0000000014a40000,0x0000000014b40000] [id=780]
  0x0000000014073800 WatcherThread [stack: 0x0000000015320000,0x0000000015420000] [id=8104]

VM state:not at safepoint (normal execution)

VM Mutex/Monitor currently owned by a thread: None

Heap:
 PSYoungGen      total 70144K, used 15989K [0x00000000f1600000, 0x00000000f6080000, 0x0000000100000000)
  eden space 64000K, 17% used [0x00000000f1600000,0x00000000f2126580,0x00000000f5480000)
  from space 6144K, 74% used [0x00000000f5a80000,0x00000000f5ef6ec8,0x00000000f6080000)
  to   space 6144K, 0% used [0x00000000f5480000,0x00000000f5480000,0x00000000f5a80000)
 ParOldGen       total 27136K, used 20162K [0x00000000d4200000, 0x00000000d5c80000, 0x00000000f1600000)
  object space 27136K, 74% used [0x00000000d4200000,0x00000000d55b0b08,0x00000000d5c80000)
 Metaspace       used 41669K, capacity 42448K, committed 42624K, reserved 1085440K
  class space    used 5656K, capacity 5901K, committed 6016K, reserved 1048576K

Card table byte_map: [0x0000000011af0000,0x0000000011c50000] byte_map_base: 0x000000001144f000

Marking Bits: (ParMarkBitMap*) 0x000000005deda6d0
 Begin Bits: [0x0000000011f40000, 0x0000000012a38000)
 End Bits:   [0x0000000012a38000, 0x0000000013530000)

Polling page: 0x00000000023a0000

CodeCache: size=245760Kb used=14016Kb max_used=14016Kb free=231743Kb
 bounds [0x0000000002730000, 0x00000000034f0000, 0x0000000011730000]
 total_blobs=4737 nmethods=4045 adapters=604
 compilation: enabled

Compilation events (10 events):
Event: 54.031 Thread 0x0000000013fef000 4267       3       org.gradle.listener.ActionBroadcast::add (12 bytes)
Event: 54.032 Thread 0x0000000013fef000 nmethod 4267 0x0000000002d5f610 code [0x0000000002d5f780, 0x0000000002d5f9a8]
Event: 54.032 Thread 0x0000000013fef000 4269       3       java.util.ArrayList::add (54 bytes)
Event: 54.033 Thread 0x0000000013fef000 nmethod 4269 0x0000000002d5e910 code [0x0000000002d5eae0, 0x0000000002d5f298]
Event: 54.033 Thread 0x0000000013fef000 4271       3       java.util.ArrayList::addAll (54 bytes)
Event: 54.035 Thread 0x0000000013fef000 nmethod 4271 0x0000000002d5ded0 code [0x0000000002d5e080, 0x0000000002d5e6e8]
Event: 54.035 Thread 0x0000000013fef000 4268       3       com.google.common.collect.Iterators::emptyListIterator (4 bytes)
Event: 54.035 Thread 0x0000000013fef000 nmethod 4268 0x0000000002d5dbd0 code [0x0000000002d5dd20, 0x0000000002d5de50]
Event: 54.035 Thread 0x0000000013fef000 4270       3       org.gradle.api.Namer$Comparator::compare (24 bytes)
Event: 54.035 Thread 0x0000000013fef000 nmethod 4270 0x0000000002d5d550 code [0x0000000002d5d6e0, 0x0000000002d5da88]

GC Heap History (10 events):
Event: 42.448 GC heap before
{Heap before GC invocations=14 (full 1):
 PSYoungGen      total 52224K, used 51180K [0x00000000f1600000, 0x00000000f4f00000, 0x0000000100000000)
  eden space 48128K, 100% used [0x00000000f1600000,0x00000000f4500000,0x00000000f4500000)
  from space 4096K, 74% used [0x00000000f4b00000,0x00000000f4dfb0a0,0x00000000f4f00000)
  to   space 5120K, 0% used [0x00000000f4500000,0x00000000f4500000,0x00000000f4a00000)
 ParOldGen       total 27136K, used 10077K [0x00000000d4200000, 0x00000000d5c80000, 0x00000000f1600000)
  object space 27136K, 37% used [0x00000000d4200000,0x00000000d4bd74f8,0x00000000d5c80000)
 Metaspace       used 30274K, capacity 30740K, committed 30976K, reserved 1075200K
  class space    used 4143K, capacity 4315K, committed 4352K, reserved 1048576K
Event: 42.472 GC heap after
Heap after GC invocations=14 (full 1):
 PSYoungGen      total 53248K, used 5111K [0x00000000f1600000, 0x00000000f6080000, 0x0000000100000000)
  eden space 48128K, 0% used [0x00000000f1600000,0x00000000f1600000,0x00000000f4500000)
  from space 5120K, 99% used [0x00000000f4500000,0x00000000f49fdce8,0x00000000f4a00000)
  to   space 6144K, 0% used [0x00000000f5a80000,0x00000000f5a80000,0x00000000f6080000)
 ParOldGen       total 27136K, used 11294K [0x00000000d4200000, 0x00000000d5c80000, 0x00000000f1600000)
  object space 27136K, 41% used [0x00000000d4200000,0x00000000d4d07938,0x00000000d5c80000)
 Metaspace       used 30274K, capacity 30740K, committed 30976K, reserved 1075200K
  class space    used 4143K, capacity 4315K, committed 4352K, reserved 1048576K
}
Event: 44.628 GC heap before
{Heap before GC invocations=15 (full 1):
 PSYoungGen      total 53248K, used 53239K [0x00000000f1600000, 0x00000000f6080000, 0x0000000100000000)
  eden space 48128K, 100% used [0x00000000f1600000,0x00000000f4500000,0x00000000f4500000)
  from space 5120K, 99% used [0x00000000f4500000,0x00000000f49fdce8,0x00000000f4a00000)
  to   space 6144K, 0% used [0x00000000f5a80000,0x00000000f5a80000,0x00000000f6080000)
 ParOldGen       total 27136K, used 11294K [0x00000000d4200000, 0x00000000d5c80000, 0x00000000f1600000)
  object space 27136K, 41% used [0x00000000d4200000,0x00000000d4d07938,0x00000000d5c80000)
 Metaspace       used 32546K, capacity 33094K, committed 33280K, reserved 1077248K
  class space    used 4449K, capacity 4606K, committed 4608K, reserved 1048576K
Event: 44.657 GC heap after
Heap after GC invocations=15 (full 1):
 PSYoungGen      total 70144K, used 3399K [0x00000000f1600000, 0x00000000f6080000, 0x0000000100000000)
  eden space 64000K, 0% used [0x00000000f1600000,0x00000000f1600000,0x00000000f5480000)
  from space 6144K, 55% used [0x00000000f5a80000,0x00000000f5dd1fc0,0x00000000f6080000)
  to   space 6144K, 0% used [0x00000000f5480000,0x00000000f5480000,0x00000000f5a80000)
 ParOldGen       total 27136K, used 13781K [0x00000000d4200000, 0x00000000d5c80000, 0x00000000f1600000)
  object space 27136K, 50% used [0x00000000d4200000,0x00000000d4f75730,0x00000000d5c80000)
 Metaspace       used 32546K, capacity 33094K, committed 33280K, reserved 1077248K
  class space    used 4449K, capacity 4606K, committed 4608K, reserved 1048576K
}
Event: 47.416 GC heap before
{Heap before GC invocations=16 (full 1):
 PSYoungGen      total 70144K, used 50477K [0x00000000f1600000, 0x00000000f6080000, 0x0000000100000000)
  eden space 64000K, 73% used [0x00000000f1600000,0x00000000f43f94b8,0x00000000f5480000)
  from space 6144K, 55% used [0x00000000f5a80000,0x00000000f5dd1fc0,0x00000000f6080000)
  to   space 6144K, 0% used [0x00000000f5480000,0x00000000f5480000,0x00000000f5a80000)
 ParOldGen       total 27136K, used 13781K [0x00000000d4200000, 0x00000000d5c80000, 0x00000000f1600000)
  object space 27136K, 50% used [0x00000000d4200000,0x00000000d4f75730,0x00000000d5c80000)
 Metaspace       used 34667K, capacity 35214K, committed 35456K, reserved 1079296K
  class space    used 4731K, capacity 4926K, committed 4992K, reserved 1048576K
Event: 47.481 GC heap after
Heap after GC invocations=16 (full 1):
 PSYoungGen      total 70144K, used 6120K [0x00000000f1600000, 0x00000000f6080000, 0x0000000100000000)
  eden space 64000K, 0% used [0x00000000f1600000,0x00000000f1600000,0x00000000f5480000)
  from space 6144K, 99% used [0x00000000f5480000,0x00000000f5a7a308,0x00000000f5a80000)
  to   space 6144K, 0% used [0x00000000f5a80000,0x00000000f5a80000,0x00000000f6080000)
 ParOldGen       total 27136K, used 16406K [0x00000000d4200000, 0x00000000d5c80000, 0x00000000f1600000)
  object space 27136K, 60% used [0x00000000d4200000,0x00000000d5205960,0x00000000d5c80000)
 Metaspace       used 34667K, capacity 35214K, committed 35456K, reserved 1079296K
  class space    used 4731K, capacity 4926K, committed 4992K, reserved 1048576K
}
Event: 47.481 GC heap before
{Heap before GC invocations=17 (full 2):
 PSYoungGen      total 70144K, used 6120K [0x00000000f1600000, 0x00000000f6080000, 0x0000000100000000)
  eden space 64000K, 0% used [0x00000000f1600000,0x00000000f1600000,0x00000000f5480000)
  from space 6144K, 99% used [0x00000000f5480000,0x00000000f5a7a308,0x00000000f5a80000)
  to   space 6144K, 0% used [0x00000000f5a80000,0x00000000f5a80000,0x00000000f6080000)
 ParOldGen       total 27136K, used 16406K [0x00000000d4200000, 0x00000000d5c80000, 0x00000000f1600000)
  object space 27136K, 60% used [0x00000000d4200000,0x00000000d5205960,0x00000000d5c80000)
 Metaspace       used 34667K, capacity 35214K, committed 35456K, reserved 1079296K
  class space    used 4731K, capacity 4926K, committed 4992K, reserved 1048576K
Event: 48.079 GC heap after
Heap after GC invocations=17 (full 2):
 PSYoungGen      total 70144K, used 0K [0x00000000f1600000, 0x00000000f6080000, 0x0000000100000000)
  eden space 64000K, 0% used [0x00000000f1600000,0x00000000f1600000,0x00000000f5480000)
  from space 6144K, 0% used [0x00000000f5480000,0x00000000f5480000,0x00000000f5a80000)
  to   space 6144K, 0% used [0x00000000f5a80000,0x00000000f5a80000,0x00000000f6080000)
 ParOldGen       total 27136K, used 20154K [0x00000000d4200000, 0x00000000d5c80000, 0x00000000f1600000)
  object space 27136K, 74% used [0x00000000d4200000,0x00000000d55aeb08,0x00000000d5c80000)
 Metaspace       used 34667K, capacity 35214K, committed 35456K, reserved 1079296K
  class space    used 4731K, capacity 4926K, committed 4992K, reserved 1048576K
}
Event: 52.994 GC heap before
{Heap before GC invocations=18 (full 2):
 PSYoungGen      total 70144K, used 64000K [0x00000000f1600000, 0x00000000f6080000, 0x0000000100000000)
  eden space 64000K, 100% used [0x00000000f1600000,0x00000000f5480000,0x00000000f5480000)
  from space 6144K, 0% used [0x00000000f5480000,0x00000000f5480000,0x00000000f5a80000)
  to   space 6144K, 0% used [0x00000000f5a80000,0x00000000f5a80000,0x00000000f6080000)
 ParOldGen       total 27136K, used 20154K [0x00000000d4200000, 0x00000000d5c80000, 0x00000000f1600000)
  object space 27136K, 74% used [0x00000000d4200000,0x00000000d55aeb08,0x00000000d5c80000)
 Metaspace       used 40698K, capacity 41396K, committed 41728K, reserved 1085440K
  class space    used 5528K, capacity 5761K, committed 5888K, reserved 1048576K
Event: 53.017 GC heap after
Heap after GC invocations=18 (full 2):
 PSYoungGen      total 70144K, used 4571K [0x00000000f1600000, 0x00000000f6080000, 0x0000000100000000)
  eden space 64000K, 0% used [0x00000000f1600000,0x00000000f1600000,0x00000000f5480000)
  from space 6144K, 74% used [0x00000000f5a80000,0x00000000f5ef6ec8,0x00000000f6080000)
  to   space 6144K, 0% used [0x00000000f5480000,0x00000000f5480000,0x00000000f5a80000)
 ParOldGen       total 27136K, used 20162K [0x00000000d4200000, 0x00000000d5c80000, 0x00000000f1600000)
  object space 27136K, 74% used [0x00000000d4200000,0x00000000d55b0b08,0x00000000d5c80000)
 Metaspace       used 40698K, capacity 41396K, committed 41728K, reserved 1085440K
  class space    used 5528K, capacity 5761K, committed 5888K, reserved 1048576K
}

Deoptimization events (10 events):
Event: 49.904 Thread 0x000000000252e000 Uncommon trap: reason=class_check action=maybe_recompile pc=0x00000000030155d4 method=java.util.AbstractList$Itr.hasNext()Z @ 8
Event: 49.907 Thread 0x000000000252e000 Uncommon trap: reason=class_check action=maybe_recompile pc=0x00000000030155d4 method=java.util.AbstractList$Itr.hasNext()Z @ 8
Event: 49.907 Thread 0x000000000252e000 Uncommon trap: reason=class_check action=maybe_recompile pc=0x00000000030155d4 method=java.util.AbstractList$Itr.hasNext()Z @ 8
Event: 49.908 Thread 0x000000000252e000 Uncommon trap: reason=class_check action=maybe_recompile pc=0x00000000030155d4 method=java.util.AbstractList$Itr.hasNext()Z @ 8
Event: 50.164 Thread 0x000000000252e000 Uncommon trap: reason=unstable_if action=reinterpret pc=0x0000000002bb0ed8 method=sun.misc.MetaIndex.mayContain(Ljava/lang/String;)Z @ 38
Event: 50.185 Thread 0x000000000252e000 Uncommon trap: reason=unstable_if action=reinterpret pc=0x0000000002bbe778 method=sun.misc.MetaIndex.mayContain(Ljava/lang/String;)Z @ 38
Event: 51.477 Thread 0x000000000252e000 Uncommon trap: reason=bimorphic action=maybe_recompile pc=0x0000000003360008 method=java.util.regex.Pattern$Curly.match0(Ljava/util/regex/Matcher;IILjava/lang/CharSequence;)Z @ 170
Event: 51.477 Thread 0x000000000252e000 Uncommon trap: reason=bimorphic action=maybe_recompile pc=0x0000000003360008 method=java.util.regex.Pattern$Curly.match0(Ljava/util/regex/Matcher;IILjava/lang/CharSequence;)Z @ 170
Event: 51.477 Thread 0x000000000252e000 Uncommon trap: reason=bimorphic action=maybe_recompile pc=0x0000000003360008 method=java.util.regex.Pattern$Curly.match0(Ljava/util/regex/Matcher;IILjava/lang/CharSequence;)Z @ 170
Event: 51.477 Thread 0x000000000252e000 Uncommon trap: reason=bimorphic action=maybe_recompile pc=0x0000000003360008 method=java.util.regex.Pattern$Curly.match0(Ljava/util/regex/Matcher;IILjava/lang/CharSequence;)Z @ 170

Internal exceptions (10 events):
Event: 52.539 Thread 0x000000000252e000 Exception <a 'sun/nio/fs/WindowsException'> (0x00000000f4300f70) thrown at [C:\re\workspace\8-2-build-windows-amd64-cygwin\jdk8u101\7261\hotspot\src\share\vm\prims\jni.cpp, line 709]
Event: 52.540 Thread 0x000000000252e000 Exception <a 'sun/nio/fs/WindowsException'> (0x00000000f4301a50) thrown at [C:\re\workspace\8-2-build-windows-amd64-cygwin\jdk8u101\7261\hotspot\src\share\vm\prims\jni.cpp, line 709]
Event: 52.549 Thread 0x000000000252e000 Exception <a 'sun/nio/fs/WindowsException'> (0x00000000f4304e88) thrown at [C:\re\workspace\8-2-build-windows-amd64-cygwin\jdk8u101\7261\hotspot\src\share\vm\prims\jni.cpp, line 709]
Event: 52.549 Thread 0x000000000252e000 Exception <a 'sun/nio/fs/WindowsException'> (0x00000000f4305950) thrown at [C:\re\workspace\8-2-build-windows-amd64-cygwin\jdk8u101\7261\hotspot\src\share\vm\prims\jni.cpp, line 709]
Event: 52.550 Thread 0x000000000252e000 Exception <a 'sun/nio/fs/WindowsException'> (0x00000000f4307078) thrown at [C:\re\workspace\8-2-build-windows-amd64-cygwin\jdk8u101\7261\hotspot\src\share\vm\prims\jni.cpp, line 709]
Event: 52.550 Thread 0x000000000252e000 Exception <a 'sun/nio/fs/WindowsException'> (0x00000000f4307b80) thrown at [C:\re\workspace\8-2-build-windows-amd64-cygwin\jdk8u101\7261\hotspot\src\share\vm\prims\jni.cpp, line 709]
Event: 53.156 Thread 0x000000000252e000 Exception <a 'java/lang/NoSuchMethodError': java.lang.Object.lambda$comparing$77a9974f$1(Ljava/util/function/Function;Ljava/lang/Object;Ljava/lang/Object;)I> (0x00000000f1b28b08) thrown at [C:\re\workspace\8-2-build-windows-amd64-cygwin\jdk8u101\7261\hotspuöJu”J@
Event: 53.160 Thread 0x000000000252e000 Exception <a 'java/lang/NoSuchMethodError': java.lang.Object.lambda$thenComparing$36697e65$1(Ljava/util/Comparator;Ljava/lang/Object;Ljava/lang/Object;)I> (0x00000000f1b36fb8) thrown at [C:\re\workspace\8-2-build-windows-amd64-cygwin\jdk8u101\7261\hotspot\Œó›BÉ«J@
Event: 53.342 Thread 0x000000000252e000 Exception <a 'java/lang/NoSuchMethodError': java.lang.Object.lambda$maxBy$1(Ljava/util/Comparator;Ljava/lang/Object;Ljava/lang/Object;)Ljava/lang/Object;> (0x00000000f1c98650) thrown at [C:\re\workspace\8-2-build-windows-amd64-cygwin\jdk8u101\7261\hotspot\eX$õÕJ@
Event: 53.672 Thread 0x000000000252e000 Exception <a 'sun/nio/fs/WindowsException'> (0x00000000f1d5eb88) thrown at [C:\re\workspace\8-2-build-windows-amd64-cygwin\jdk8u101\7261\hotspot\src\share\vm\prims\jni.cpp, line 709]

Events (10 events):
Event: 54.033 loading class com/android/build/gradle/internal/dependency/DependencyChecker
Event: 54.033 loading class com/android/build/gradle/internal/dependency/DependencyChecker done
Event: 54.036 loading class com/android/build/gradle/internal/profile/SpanRecorders
Event: 54.036 loading class com/android/build/gradle/internal/profile/SpanRecorders done
Event: 54.037 loading class com/android/build/gradle/internal/DependencyManager$ScopeType
Event: 54.037 loading class com/android/build/gradle/internal/DependencyManager$ScopeType done
Event: 54.038 loading class org/gradle/api/internal/artifacts/configurations/DetachedConfigurationsProvider
Event: 54.038 loading class org/gradle/api/internal/artifacts/configurations/DetachedConfigurationsProvider done
Event: 54.039 loading class org/gradle/api/internal/artifacts/dsl/ModuleVersionSelectorParsers
Event: 54.039 loading class org/gradle/api/internal/artifacts/dsl/ModuleVersionSelectorParsers done


Dynamic libraries:
0x00007ff6970b0000 - 0x00007ff6970e7000 	C:\Program Files\Java\jdk1.8.0_101\bin\java.exe
0x00007ffc53e90000 - 0x00007ffc54052000 	C:\WINDOWS\SYSTEM32\ntdll.dll
0x00007ffc52f00000 - 0x00007ffc52fad000 	C:\WINDOWS\system32\KERNEL32.DLL
0x00007ffc50b70000 - 0x00007ffc50d4d000 	C:\WINDOWS\system32\KERNELBASE.dll
0x00007ffc53af0000 - 0x00007ffc53b96000 	C:\WINDOWS\system32\ADVAPI32.dll
0x00007ffc51660000 - 0x00007ffc516fd000 	C:\WINDOWS\system32\msvcrt.dll
0x00007ffc51550000 - 0x00007ffc515ab000 	C:\WINDOWS\system32\sechost.dll
0x00007ffc51700000 - 0x00007ffc51826000 	C:\WINDOWS\system32\RPCRT4.dll
0x00007ffc535d0000 - 0x00007ffc5371e000 	C:\WINDOWS\system32\USER32.dll
0x00007ffc53d00000 - 0x00007ffc53e83000 	C:\WINDOWS\system32\GDI32.dll
0x00007ffc48810000 - 0x00007ffc48a84000 	C:\WINDOWS\WinSxS\amd64_microsoft.windows.common-controls_6595b64144ccf1df_6.0.10240.17184_none_f41d7a705752bce6\COMCTL32.dll
0x00007ffc51830000 - 0x00007ffc51866000 	C:\WINDOWS\system32\IMM32.DLL
0x00007ffc53ba0000 - 0x00007ffc53cfc000 	C:\WINDOWS\system32\MSCTF.dll
0x000000005df60000 - 0x000000005e032000 	C:\Program Files\Java\jdk1.8.0_101\jre\bin\msvcr100.dll
0x000000005d6c0000 - 0x000000005df5a000 	C:\Program Files\Java\jdk1.8.0_101\jre\bin\server\jvm.dll
0x00007ffc52da0000 - 0x00007ffc52da8000 	C:\WINDOWS\system32\PSAPI.DLL
0x00007ffc48cc0000 - 0x00007ffc48cc9000 	C:\WINDOWS\SYSTEM32\WSOCK32.dll
0x00007ffc53a80000 - 0x00007ffc53ae9000 	C:\WINDOWS\system32\WS2_32.dll
0x00007ffc535a0000 - 0x00007ffc535a8000 	C:\WINDOWS\system32\NSI.dll
0x00007ffc4e730000 - 0x00007ffc4e753000 	C:\WINDOWS\SYSTEM32\WINMM.dll
0x00007ffc46250000 - 0x00007ffc4625a000 	C:\WINDOWS\SYSTEM32\VERSION.dll
0x00007ffc4e6d0000 - 0x00007ffc4e6fc000 	C:\WINDOWS\SYSTEM32\WINMMBASE.dll
0x00007ffc50b20000 - 0x00007ffc50b64000 	C:\WINDOWS\system32\cfgmgr32.dll
0x00007ffc505e0000 - 0x00007ffc50607000 	C:\WINDOWS\SYSTEM32\DEVOBJ.dll
0x000000005d6b0000 - 0x000000005d6bf000 	C:\Program Files\Java\jdk1.8.0_101\jre\bin\verify.dll
0x000000005d680000 - 0x000000005d6a9000 	C:\Program Files\Java\jdk1.8.0_101\jre\bin\java.dll
0x000000005d660000 - 0x000000005d676000 	C:\Program Files\Java\jdk1.8.0_101\jre\bin\zip.dll
0x00007ffc51870000 - 0x00007ffc52d93000 	C:\WINDOWS\system32\SHELL32.dll
0x00007ffc50d50000 - 0x00007ffc51379000 	C:\WINDOWS\system32\windows.storage.dll
0x00007ffc52fb0000 - 0x00007ffc5322c000 	C:\WINDOWS\system32\combase.dll
0x00007ffc53720000 - 0x00007ffc53771000 	C:\WINDOWS\system32\shlwapi.dll
0x00007ffc50940000 - 0x00007ffc5094f000 	C:\WINDOWS\system32\kernel.appcore.dll
0x00007ffc50950000 - 0x00007ffc50a03000 	C:\WINDOWS\system32\shcore.dll
0x00007ffc508f0000 - 0x00007ffc5093a000 	C:\WINDOWS\system32\powrprof.dll
0x00007ffc508b0000 - 0x00007ffc508c3000 	C:\WINDOWS\system32\profapi.dll
0x000000005d640000 - 0x000000005d65a000 	C:\Program Files\Java\jdk1.8.0_101\jre\bin\net.dll
0x00007ffc4fea0000 - 0x00007ffc4fefd000 	C:\WINDOWS\system32\mswsock.dll
0x000000005d620000 - 0x000000005d631000 	C:\Program Files\Java\jdk1.8.0_101\jre\bin\nio.dll
0x00007ffc3ebf0000 - 0x00007ffc3ec02000 	C:\Users\muammar furqon\.gradle\native\19\windows-amd64\native-platform.dll
0x0000000180000000 - 0x0000000180037000 	C:\Users\muammar furqon\.gradle\native\jna\win32-amd64\jnidispatch.dll
0x00007ffc4ff00000 - 0x00007ffc4ff17000 	C:\WINDOWS\SYSTEM32\CRYPTSP.dll
0x00007ffc50680000 - 0x00007ffc506a8000 	C:\WINDOWS\SYSTEM32\bcrypt.dll
0x00007ffc4fb20000 - 0x00007ffc4fb53000 	C:\WINDOWS\system32\rsaenh.dll
0x00007ffc4fcf0000 - 0x00007ffc4fd0f000 	C:\WINDOWS\SYSTEM32\USERENV.dll
0x00007ffc50700000 - 0x00007ffc5076b000 	C:\WINDOWS\system32\bcryptprimitives.dll
0x00007ffc50200000 - 0x00007ffc5020b000 	C:\WINDOWS\SYSTEM32\CRYPTBASE.dll
0x00007ffc4cf90000 - 0x00007ffc4cfc8000 	C:\WINDOWS\SYSTEM32\IPHLPAPI.DLL
0x00007ffc4cf70000 - 0x00007ffc4cf7b000 	C:\WINDOWS\SYSTEM32\WINNSI.DLL
0x00007ffc4bc70000 - 0x00007ffc4bc86000 	C:\WINDOWS\SYSTEM32\dhcpcsvc6.DLL
0x00007ffc4bea0000 - 0x00007ffc4beba000 	C:\WINDOWS\SYSTEM32\dhcpcsvc.DLL
0x000000005d610000 - 0x000000005d61d000 	C:\Program Files\Java\jdk1.8.0_101\jre\bin\management.dll

VM Arguments:
jvm_args: -Dorg.gradle.appname=gradlew 
java_command: org.gradle.wrapper.GradleWrapperMain installDebug
java_class_path (initial): E:\BootArk\CobaReact\CobaReact\android\\gradle\wrapper\gradle-wrapper.jar
Launcher Type: SUN_STANDARD

Environment Variables:
JAVA_HOME=C:\Program Files\Java\jdk1.8.0_101
CLASSPATH=E:\BootArk\CobaReact\CobaReact\android\\gradle\wrapper\gradle-wrapper.jar
PATH=C:\Users\muammar furqon\AppData\Roaming\npm;C:\Program Files\nodejs\;C:\oraclexe\app\oracle\product\11.2.0\server\bin;;C:\ProgramData\Oracle\Java\javapath;C:\WINDOWS\system32;C:\WINDOWS;C:\WINDOWS\System32\Wbem;C:\WINDOWS\System32\WindowsPowerShell\v1.0\;C:\Program Files\Microsoft SQL Server\Client SDK\ODBC\110\Tools\Binn\;C:\Program Files (x86)\Microsoft SQL Server\120\Tools\Binn\;C:\Program Files\Microsoft SQL Server\120\Tools\Binn\;C:\Program Files\Microsoft SQL Server\120\DTS\Binn\;C:\Program Files\nodejs\;C:\Program Files\Microsoft SQL Server\110\Tools\Binn\;c:\Program Files (x86)\Microsoft SQL Server\110\Tools\Binn\ManagementStudio\;c:\Program Files (x86)\Microsoft SQL Server\110\Tools\Binn\;c:\Program Files (x86)\Microsoft SQL Server\110\DTS\Binn\;C:\Program Files\Git\;C:\Program Files\Git\bin\;E:\BootArk\Sdk\platform-tools;C:\Users\muammar furqon\AppData\Roaming\npm;C:\Users\muammar furqon\AppData\Local\Android\Sdk\platform-tools
USERNAME=muammar furqon
OS=Windows_NT
PROCESSOR_IDENTIFIER=Intel64 Family 6 Model 37 Stepping 2, GenuineIntel



---------------  S Y S T E M  ---------------

OS: Windows 10.0 , 64 bit Build 10240 (10.0.10240.17113)

CPU:total 2 (2 cores per cpu, 1 threads per core) family 6 model 37 stepping 2, cmov, cx8, fxsr, mmx, sse, sse2, sse3, ssse3, popcnt, tsc, tscinvbit

Memory: 4k page, physical 2871812k(221516k free), swap 4983448k(3516k free)

vm_info: Java HotSpot(TM) 64-Bit Server VM (25.101-b13) for windows-amd64 JRE (1.8.0_101-b13), built on Jun 22 2016 01:21:29 by "java_re" with MS VC++ 10.0 (VS2010)

time: Sat Apr 14 17:32:31 2018
elapsed time: 54 seconds (0d 0h 0m 54s)

