#
# There is insufficient memory for the Java Runtime Environment to continue.
# Native memory allocation (malloc) failed to allocate 393472 bytes for Chunk::new
# Possible reasons:
#   The system is out of physical RAM or swap space
#   In 32 bit mode, the process size limit was hit
# Possible solutions:
#   Reduce memory load on the system
#   Increase physical memory or swap space
#   Check if swap backing store is full
#   Use 64 bit Java on a 64 bit OS
#   Decrease Java heap size (-Xmx/-Xms)
#   Decrease number of Java threads
#   Decrease Java thread stack sizes (-Xss)
#   Set larger code cache with -XX:ReservedCodeCacheSize=
# This output file may be truncated or incomplete.
#
#  Out of Memory Error (allocation.cpp:390), pid=6072, tid=0x00000000000012b4
#
# JRE version: Java(TM) SE Runtime Environment (8.0_101-b13) (build 1.8.0_101-b13)
# Java VM: Java HotSpot(TM) 64-Bit Server VM (25.101-b13 mixed mode windows-amd64 compressed oops)
# Failed to write core dump. Minidumps are not enabled by default on client versions of Windows
#

---------------  T H R E A D  ---------------

Current thread (0x0000000013ab9800):  JavaThread "C2 CompilerThread0" daemon [_thread_in_native, id=4788, stack(0x0000000014ae0000,0x0000000014be0000)]

Stack: [0x0000000014ae0000,0x0000000014be0000]
[error occurred during error reporting (printing stack bounds), id 0xc0000005]

Native frames: (J=compiled Java code, j=interpreted, Vv=VM code, C=native code)


Current CompileTask:
C2:   3098  656       4       java.io.WinNTFileSystem::normalize (231 bytes)


---------------  P R O C E S S  ---------------

Java Threads: ( => current thread )
  0x0000000013b1b000 JavaThread "Service Thread" daemon [_thread_blocked, id=2404, stack(0x0000000014ce0000,0x0000000014de0000)]
  0x0000000013b14800 JavaThread "C1 CompilerThread1" daemon [_thread_in_native, id=3920, stack(0x0000000014be0000,0x0000000014ce0000)]
=>0x0000000013ab9800 JavaThread "C2 CompilerThread0" daemon [_thread_in_native, id=4788, stack(0x0000000014ae0000,0x0000000014be0000)]
  0x0000000013ab8800 JavaThread "Attach Listener" daemon [_thread_blocked, id=4800, stack(0x00000000149e0000,0x0000000014ae0000)]
  0x0000000013ab5800 JavaThread "Signal Dispatcher" daemon [_thread_blocked, id=7132, stack(0x00000000148e0000,0x00000000149e0000)]
  0x0000000013aa8800 JavaThread "Finalizer" daemon [_thread_blocked, id=420, stack(0x0000000014700000,0x0000000014800000)]
  0x00000000022de000 JavaThread "Reference Handler" daemon [_thread_blocked, id=2332, stack(0x0000000014600000,0x0000000014700000)]
  0x0000000001f8e000 JavaThread "main" [_thread_in_Java, id=2348, stack(0x0000000001ff0000,0x00000000020f0000)]

Other Threads:
  0x0000000013a85800 VMThread [stack: 0x0000000014500000,0x0000000014600000] [id=6784]
  0x0000000013b1f800 WatcherThread [stack: 0x0000000014de0000,0x0000000014ee0000] [id=2528]

VM state:not at safepoint (normal execution)

VM Mutex/Monitor currently owned by a thread: None

Heap:
 PSYoungGen      total 13312K, used 7368K [0x00000000f1600000, 0x00000000f2480000, 0x0000000100000000)
  eden space 11776K, 49% used [0x00000000f1600000,0x00000000f1bb6090,0x00000000f2180000)
  from space 1536K, 98% used [0x00000000f2180000,0x00000000f22fc050,0x00000000f2300000)
  to   space 1536K, 0% used [0x00000000f2300000,0x00000000f2300000,0x00000000f2480000)
 ParOldGen       total 30208K, used 3109K [0x00000000d4200000, 0x00000000d5f80000, 0x00000000f1600000)
  object space 30208K, 10% used [0x00000000d4200000,0x00000000d45094f8,0x00000000d5f80000)
 Metaspace       used 8434K, capacity 8696K, committed 8960K, reserved 1058816K
  class space    used 1128K, capacity 1192K, committed 1280K, reserved 1048576K

Card table byte_map: [0x00000000116b0000,0x0000000011810000] byte_map_base: 0x000000001100f000

Marking Bits: (ParMarkBitMap*) 0x000000005ec9a6d0
 Begin Bits: [0x0000000011a10000, 0x0000000012508000)
 End Bits:   [0x0000000012508000, 0x0000000013000000)

Polling page: 0x00000000006c0000

CodeCache: size=245760Kb used=2891Kb max_used=2891Kb free=242868Kb
 bounds [0x00000000022f0000, 0x00000000025d0000, 0x00000000112f0000]
 total_blobs=999 nmethods=691 adapters=222
 compilation: enabled

Compilation events (10 events):
Event: 3.058 Thread 0x0000000013b14800  679       3       java.util.zip.ZipFile::<init> (10 bytes)
Event: 3.059 Thread 0x0000000013b14800 nmethod 679 0x00000000025be2d0 code [0x00000000025be440, 0x00000000025be5c8]
Event: 3.059 Thread 0x0000000013b14800  680       3       java.util.ArrayDeque::<init> (14 bytes)
Event: 3.059 Thread 0x0000000013b14800 nmethod 680 0x00000000025be650 code [0x00000000025be7c0, 0x00000000025bea70]
Event: 3.059 Thread 0x0000000013b14800  681       3       java.io.File::lastModified (33 bytes)
Event: 3.059 Thread 0x0000000013b14800 nmethod 681 0x00000000025beb90 code [0x00000000025bed20, 0x00000000025bf148]
Event: 3.060 Thread 0x0000000013b14800  684       3       sun.misc.PerfCounter::getZipFileOpenTime (4 bytes)
Event: 3.060 Thread 0x0000000013b14800 nmethod 684 0x00000000025bf9d0 code [0x00000000025bfb20, 0x00000000025bfc50]
Event: 3.060 Thread 0x0000000013b14800  685       3       sun.misc.PerfCounter::getZipFileCount (4 bytes)
Event: 3.060 Thread 0x0000000013b14800 nmethod 685 0x00000000025bfcd0 code [0x00000000025bfe20, 0x00000000025bff50]

GC Heap History (6 events):
Event: 1.307 GC heap before
{Heap before GC invocations=1 (full 0):
 PSYoungGen      total 13312K, used 11776K [0x00000000f1600000, 0x00000000f2480000, 0x0000000100000000)
  eden space 11776K, 100% used [0x00000000f1600000,0x00000000f2180000,0x00000000f2180000)
  from space 1536K, 0% used [0x00000000f2300000,0x00000000f2300000,0x00000000f2480000)
  to   space 1536K, 0% used [0x00000000f2180000,0x00000000f2180000,0x00000000f2300000)
 ParOldGen       total 30208K, used 0K [0x00000000d4200000, 0x00000000d5f80000, 0x00000000f1600000)
  object space 30208K, 0% used [0x00000000d4200000,0x00000000d4200000,0x00000000d5f80000)
 Metaspace       used 5399K, capacity 5808K, committed 5888K, reserved 1056768K
  class space    used 698K, capacity 768K, committed 768K, reserved 1048576K
Event: 1.312 GC heap after
Heap after GC invocations=1 (full 0):
 PSYoungGen      total 13312K, used 1506K [0x00000000f1600000, 0x00000000f2480000, 0x0000000100000000)
  eden space 11776K, 0% used [0x00000000f1600000,0x00000000f1600000,0x00000000f2180000)
  from space 1536K, 98% used [0x00000000f2180000,0x00000000f22f8ae0,0x00000000f2300000)
  to   space 1536K, 0% used [0x00000000f2300000,0x00000000f2300000,0x00000000f2480000)
 ParOldGen       total 30208K, used 784K [0x00000000d4200000, 0x00000000d5f80000, 0x00000000f1600000)
  object space 30208K, 2% used [0x00000000d4200000,0x00000000d42c4010,0x00000000d5f80000)
 Metaspace       used 5399K, capacity 5808K, committed 5888K, reserved 1056768K
  class space    used 698K, capacity 768K, committed 768K, reserved 1048576K
}
Event: 2.336 GC heap before
{Heap before GC invocations=2 (full 0):
 PSYoungGen      total 13312K, used 13278K [0x00000000f1600000, 0x00000000f2480000, 0x0000000100000000)
  eden space 11776K, 99% used [0x00000000f1600000,0x00000000f217ee60,0x00000000f2180000)
  from space 1536K, 98% used [0x00000000f2180000,0x00000000f22f8ae0,0x00000000f2300000)
  to   space 1536K, 0% used [0x00000000f2300000,0x00000000f2300000,0x00000000f2480000)
 ParOldGen       total 30208K, used 784K [0x00000000d4200000, 0x00000000d5f80000, 0x00000000f1600000)
  object space 30208K, 2% used [0x00000000d4200000,0x00000000d42c4010,0x00000000d5f80000)
 Metaspace       used 8061K, capacity 8256K, committed 8320K, reserved 1058816K
  class space    used 1079K, capacity 1152K, committed 1152K, reserved 1048576K
Event: 2.343 GC heap after
Heap after GC invocations=2 (full 0):
 PSYoungGen      total 13312K, used 1504K [0x00000000f1600000, 0x00000000f2480000, 0x0000000100000000)
  eden space 11776K, 0% used [0x00000000f1600000,0x00000000f1600000,0x00000000f2180000)
  from space 1536K, 97% used [0x00000000f2300000,0x00000000f2478020,0x00000000f2480000)
  to   space 1536K, 0% used [0x00000000f2180000,0x00000000f2180000,0x00000000f2300000)
 ParOldGen       total 30208K, used 2529K [0x00000000d4200000, 0x00000000d5f80000, 0x00000000f1600000)
  object space 30208K, 8% used [0x00000000d4200000,0x00000000d44785c8,0x00000000d5f80000)
 Metaspace       used 8061K, capacity 8256K, committed 8320K, reserved 1058816K
  class space    used 1079K, capacity 1152K, committed 1152K, reserved 1048576K
}
Event: 2.769 GC heap before
{Heap before GC invocations=3 (full 0):
 PSYoungGen      total 13312K, used 13280K [0x00000000f1600000, 0x00000000f2480000, 0x0000000100000000)
  eden space 11776K, 100% used [0x00000000f1600000,0x00000000f2180000,0x00000000f2180000)
  from space 1536K, 97% used [0x00000000f2300000,0x00000000f2478020,0x00000000f2480000)
  to   space 1536K, 0% used [0x00000000f2180000,0x00000000f2180000,0x00000000f2300000)
 ParOldGen       total 30208K, used 2529K [0x00000000d4200000, 0x00000000d5f80000, 0x00000000f1600000)
  object space 30208K, 8% used [0x00000000d4200000,0x00000000d44785c8,0x00000000d5f80000)
 Metaspace       used 8341K, capacity 8544K, committed 8704K, reserved 1058816K
  class space    used 1117K, capacity 1184K, committed 1280K, reserved 1048576K
Event: 2.774 GC heap after
Heap after GC invocations=3 (full 0):
 PSYoungGen      total 13312K, used 1520K [0x00000000f1600000, 0x00000000f2480000, 0x0000000100000000)
  eden space 11776K, 0% used [0x00000000f1600000,0x00000000f1600000,0x00000000f2180000)
  from space 1536K, 98% used [0x00000000f2180000,0x00000000f22fc050,0x00000000f2300000)
  to   space 1536K, 0% used [0x00000000f2300000,0x00000000f2300000,0x00000000f2480000)
 ParOldGen       total 30208K, used 3109K [0x00000000d4200000, 0x00000000d5f80000, 0x00000000f1600000)
  object space 30208K, 10% used [0x00000000d4200000,0x00000000d45094f8,0x00000000d5f80000)
 Metaspace       used 8341K, capacity 8544K, committed 8704K, reserved 1058816K
  class space    used 1117K, capacity 1184K, committed 1280K, reserved 1048576K
}

Deoptimization events (5 events):
Event: 1.630 Thread 0x0000000001f8e000 Uncommon trap: reason=unstable_if action=reinterpret pc=0x00000000025225fc method=java.util.HashMap.getNode(ILjava/lang/Object;)Ljava/util/HashMap$Node; @ 129
Event: 1.630 Thread 0x0000000001f8e000 Uncommon trap: reason=unstable_if action=reinterpret pc=0x0000000002513068 method=java.util.HashMap.getNode(ILjava/lang/Object;)Ljava/util/HashMap$Node; @ 129
Event: 2.428 Thread 0x0000000001f8e000 Uncommon trap: reason=predicate action=maybe_recompile pc=0x0000000002541504 method=sun.net.www.ParseUtil.encodePath(Ljava/lang/String;Z)Ljava/lang/String; @ 36
Event: 2.530 Thread 0x0000000001f8e000 Uncommon trap: reason=unstable_if action=reinterpret pc=0x00000000025618f4 method=java.lang.String$CaseInsensitiveComparator.compare(Ljava/lang/String;Ljava/lang/String;)I @ 26
Event: 2.768 Thread 0x0000000001f8e000 Uncommon trap: reason=unstable_if action=reinterpret pc=0x0000000002554e7c method=java.lang.String$CaseInsensitiveComparator.compare(Ljava/lang/String;Ljava/lang/String;)I @ 26

Internal exceptions (10 events):
Event: 0.420 Thread 0x0000000001f8e000 Exception <a 'java/security/PrivilegedActionException'> (0x00000000f1741c10) thrown at [C:\re\workspace\8-2-build-windows-amd64-cygwin\jdk8u101\7261\hotspot\src\share\vm\prims\jvm.cpp, line 1386]
Event: 0.942 Thread 0x0000000001f8e000 Exception <a 'java/lang/ArrayIndexOutOfBoundsException': 100> (0x00000000f1c883c8) thrown at [C:\re\workspace\8-2-build-windows-amd64-cygwin\jdk8u101\7261\hotspot\src\share\vm\interpreter\interpreterRuntime.cpp, line 366]
Event: 0.943 Thread 0x0000000001f8e000 Exception <a 'java/lang/ArrayIndexOutOfBoundsException': 18> (0x00000000f1c892e0) thrown at [C:\re\workspace\8-2-build-windows-amd64-cygwin\jdk8u101\7261\hotspot\src\share\vm\interpreter\interpreterRuntime.cpp, line 366]
Event: 0.944 Thread 0x0000000001f8e000 Exception <a 'java/lang/ArrayIndexOutOfBoundsException'> (0x00000000f1c89f10) thrown at [C:\re\workspace\8-2-build-windows-amd64-cygwin\jdk8u101\7261\hotspot\src\share\vm\runtime\sharedRuntime.cpp, line 605]
Event: 1.248 Thread 0x0000000001f8e000 Exception <a 'java/lang/ArrayIndexOutOfBoundsException'> (0x00000000f2027588) thrown at [C:\re\workspace\8-2-build-windows-amd64-cygwin\jdk8u101\7261\hotspot\src\share\vm\runtime\sharedRuntime.cpp, line 605]
Event: 1.248 Thread 0x0000000001f8e000 Exception <a 'java/lang/ArrayIndexOutOfBoundsException'> (0x00000000f2028448) thrown at [C:\re\workspace\8-2-build-windows-amd64-cygwin\jdk8u101\7261\hotspot\src\share\vm\runtime\sharedRuntime.cpp, line 605]
Event: 2.315 Thread 0x0000000001f8e000 Exception <a 'java/lang/ArrayIndexOutOfBoundsException'> (0x00000000f209d1e0) thrown at [C:\re\workspace\8-2-build-windows-amd64-cygwin\jdk8u101\7261\hotspot\src\share\vm\runtime\sharedRuntime.cpp, line 605]
Event: 2.316 Thread 0x0000000001f8e000 Exception <a 'java/lang/ArrayIndexOutOfBoundsException'> (0x00000000f209e928) thrown at [C:\re\workspace\8-2-build-windows-amd64-cygwin\jdk8u101\7261\hotspot\src\share\vm\runtime\sharedRuntime.cpp, line 605]
Event: 2.316 Thread 0x0000000001f8e000 Exception <a 'java/lang/ArrayIndexOutOfBoundsException'> (0x00000000f20a06b0) thrown at [C:\re\workspace\8-2-build-windows-amd64-cygwin\jdk8u101\7261\hotspot\src\share\vm\runtime\sharedRuntime.cpp, line 605]
Event: 2.316 Thread 0x0000000001f8e000 Exception <a 'java/lang/ArrayIndexOutOfBoundsException'> (0x00000000f20a1580) thrown at [C:\re\workspace\8-2-build-windows-amd64-cygwin\jdk8u101\7261\hotspot\src\share\vm\runtime\sharedRuntime.cpp, line 605]

Events (10 events):
Event: 3.027 loading class org/gradle/buildinit/plugins/internal/BuildInitServices
Event: 3.027 loading class org/gradle/buildinit/plugins/internal/BuildInitServices done
Event: 3.040 loading class org/gradle/api/reporting/components/internal/DiagnosticsServices
Event: 3.040 loading class org/gradle/api/reporting/components/internal/DiagnosticsServices done
Event: 3.049 loading class org/gradle/plugins/ide/internal/tooling/ToolingModelServices
Event: 3.049 loading class org/gradle/plugins/ide/internal/tooling/ToolingModelServices done
Event: 3.053 loading class org/gradle/api/publish/ivy/internal/IvyPublishServices
Event: 3.053 loading class org/gradle/api/publish/ivy/internal/IvyPublishServices done
Event: 3.056 Thread 0x0000000001f8e000 DEOPT PACKING pc=0x000000000246c8ad sp=0x00000000020eb210
Event: 3.056 Thread 0x0000000001f8e000 DEOPT UNPACKING pc=0x000000000233747f sp=0x00000000020eafc8 mode 0


Dynamic libraries:
0x00007ff713840000 - 0x00007ff713877000 	C:\ProgramData\Oracle\Java\javapath\java.exe
0x00007ff9429d0000 - 0x00007ff942b92000 	C:\WINDOWS\SYSTEM32\ntdll.dll
0x00007ff942600000 - 0x00007ff9426ad000 	C:\WINDOWS\system32\KERNEL32.DLL
0x00007ff93f4f0000 - 0x00007ff93f6cd000 	C:\WINDOWS\system32\KERNELBASE.dll
0x00007ff9421d0000 - 0x00007ff942276000 	C:\WINDOWS\system32\ADVAPI32.dll
0x00007ff942930000 - 0x00007ff9429cd000 	C:\WINDOWS\system32\msvcrt.dll
0x00007ff9401a0000 - 0x00007ff9401fb000 	C:\WINDOWS\system32\sechost.dll
0x00007ff942280000 - 0x00007ff9423a6000 	C:\WINDOWS\system32\RPCRT4.dll
0x00007ff941ef0000 - 0x00007ff94203e000 	C:\WINDOWS\system32\USER32.dll
0x00007ff940200000 - 0x00007ff940383000 	C:\WINDOWS\system32\GDI32.dll
0x00007ff9369d0000 - 0x00007ff936c44000 	C:\WINDOWS\WinSxS\amd64_microsoft.windows.common-controls_6595b64144ccf1df_6.0.10240.17184_none_f41d7a705752bce6\COMCTL32.dll
0x00007ff9423b0000 - 0x00007ff9423e6000 	C:\WINDOWS\system32\IMM32.DLL
0x00007ff9418c0000 - 0x00007ff941a1c000 	C:\WINDOWS\system32\MSCTF.dll
0x000000005ed20000 - 0x000000005edf2000 	C:\Program Files\Java\jre1.8.0_101\bin\msvcr100.dll
0x000000005e480000 - 0x000000005ed1a000 	C:\Program Files\Java\jre1.8.0_101\bin\server\jvm.dll
0x00007ff942050000 - 0x00007ff942058000 	C:\WINDOWS\system32\PSAPI.DLL
0x00007ff9377f0000 - 0x00007ff9377f9000 	C:\WINDOWS\SYSTEM32\WSOCK32.dll
0x00007ff941db0000 - 0x00007ff941e19000 	C:\WINDOWS\system32\WS2_32.dll
0x00007ff942040000 - 0x00007ff942048000 	C:\WINDOWS\system32\NSI.dll
0x00007ff93da80000 - 0x00007ff93daa3000 	C:\WINDOWS\SYSTEM32\WINMM.dll
0x00007ff9351d0000 - 0x00007ff9351da000 	C:\WINDOWS\SYSTEM32\VERSION.dll
0x00007ff93da20000 - 0x00007ff93da4c000 	C:\WINDOWS\SYSTEM32\WINMMBASE.dll
0x00007ff93f6d0000 - 0x00007ff93f714000 	C:\WINDOWS\system32\cfgmgr32.dll
0x00007ff93dd70000 - 0x00007ff93dd97000 	C:\WINDOWS\SYSTEM32\DEVOBJ.dll
0x000000005e470000 - 0x000000005e47f000 	C:\Program Files\Java\jre1.8.0_101\bin\verify.dll
0x000000005e440000 - 0x000000005e469000 	C:\Program Files\Java\jre1.8.0_101\bin\java.dll
0x000000005e420000 - 0x000000005e436000 	C:\Program Files\Java\jre1.8.0_101\bin\zip.dll
0x00007ff940390000 - 0x00007ff9418b3000 	C:\WINDOWS\system32\SHELL32.dll
0x00007ff93f7d0000 - 0x00007ff93fdf9000 	C:\WINDOWS\system32\windows.storage.dll
0x00007ff9426b0000 - 0x00007ff94292c000 	C:\WINDOWS\system32\combase.dll
0x00007ff941d50000 - 0x00007ff941da1000 	C:\WINDOWS\system32\shlwapi.dll
0x00007ff93f460000 - 0x00007ff93f46f000 	C:\WINDOWS\system32\kernel.appcore.dll
0x00007ff93fe00000 - 0x00007ff93feb3000 	C:\WINDOWS\system32\shcore.dll
0x00007ff93f3f0000 - 0x00007ff93f43a000 	C:\WINDOWS\system32\powrprof.dll
0x00007ff93f470000 - 0x00007ff93f483000 	C:\WINDOWS\system32\profapi.dll
0x000000005e400000 - 0x000000005e41a000 	C:\Program Files\Java\jre1.8.0_101\bin\net.dll
0x00007ff93ec60000 - 0x00007ff93ecbd000 	C:\WINDOWS\system32\mswsock.dll
0x000000005e3e0000 - 0x000000005e3f1000 	C:\Program Files\Java\jre1.8.0_101\bin\nio.dll
0x00007ff934ab0000 - 0x00007ff934ac2000 	C:\Users\muammar furqon\.gradle\native\19\windows-amd64\native-platform.dll
0x0000000180000000 - 0x0000000180037000 	C:\Users\muammar furqon\.gradle\native\jna\win32-amd64\jnidispatch.dll
0x00007ff93ecc0000 - 0x00007ff93ecd7000 	C:\WINDOWS\SYSTEM32\CRYPTSP.dll
0x00007ff93ef30000 - 0x00007ff93ef58000 	C:\WINDOWS\SYSTEM32\bcrypt.dll
0x00007ff93e910000 - 0x00007ff93e943000 	C:\WINDOWS\system32\rsaenh.dll
0x00007ff93ea00000 - 0x00007ff93ea1f000 	C:\WINDOWS\SYSTEM32\USERENV.dll
0x00007ff93f240000 - 0x00007ff93f2ab000 	C:\WINDOWS\system32\bcryptprimitives.dll
0x00007ff93ee30000 - 0x00007ff93ee3b000 	C:\WINDOWS\SYSTEM32\CRYPTBASE.dll
0x00007ff93c900000 - 0x00007ff93c938000 	C:\WINDOWS\SYSTEM32\IPHLPAPI.DLL
0x00007ff93c8f0000 - 0x00007ff93c8fb000 	C:\WINDOWS\SYSTEM32\WINNSI.DLL
0x00007ff93b060000 - 0x00007ff93b076000 	C:\WINDOWS\SYSTEM32\dhcpcsvc6.DLL
0x00007ff93b040000 - 0x00007ff93b05a000 	C:\WINDOWS\SYSTEM32\dhcpcsvc.DLL
0x000000005e3d0000 - 0x000000005e3dd000 	C:\Program Files\Java\jre1.8.0_101\bin\management.dll

VM Arguments:
jvm_args: -Dorg.gradle.appname=gradlew 
java_command: org.gradle.wrapper.GradleWrapperMain installDebug
java_class_path (initial): E:\BootArk\CobaReact\CobaReact\android\\gradle\wrapper\gradle-wrapper.jar
Launcher Type: SUN_STANDARD

Environment Variables:
CLASSPATH=E:\BootArk\CobaReact\CobaReact\android\\gradle\wrapper\gradle-wrapper.jar
PATH=C:\Users\muammar furqon\AppData\Roaming\npm;C:\Program Files\nodejs\;C:\oraclexe\app\oracle\product\11.2.0\server\bin;;C:\ProgramData\Oracle\Java\javapath;C:\WINDOWS\system32;C:\WINDOWS;C:\WINDOWS\System32\Wbem;C:\WINDOWS\System32\WindowsPowerShell\v1.0\;C:\Program Files\Microsoft SQL Server\Client SDK\ODBC\110\Tools\Binn\;C:\Program Files (x86)\Microsoft SQL Server\120\Tools\Binn\;C:\Program Files\Microsoft SQL Server\120\Tools\Binn\;C:\Program Files\Microsoft SQL Server\120\DTS\Binn\;C:\Program Files\nodejs\;C:\Program Files\Microsoft SQL Server\110\Tools\Binn\;c:\Program Files (x86)\Microsoft SQL Server\110\Tools\Binn\ManagementStudio\;c:\Program Files (x86)\Microsoft SQL Server\110\Tools\Binn\;c:\Program Files (x86)\Microsoft SQL Server\110\DTS\Binn\;C:\Program Files\Git\;C:\Program Files\Git\bin\;E:\BootArk\Sdk\platform-tools;C:\Users\muammar furqon\AppData\Roaming\npm;C:\Users\muammar furqon\AppData\Local\Android\Sdk\platform-tools
USERNAME=muammar furqon
OS=Windows_NT
PROCESSOR_IDENTIFIER=Intel64 Family 6 Model 37 Stepping 2, GenuineIntel



---------------  S Y S T E M  ---------------

OS: Windows 10.0 , 64 bit Build 10240 (10.0.10240.17113)

CPU:total 2 (2 cores per cpu, 1 threads per core) family 6 model 37 stepping 2, cmov, cx8, fxsr, mmx, sse, sse2, sse3, ssse3, popcnt, tsc, tscinvbit

Memory: 4k page, physical 2871812k(270584k free), swap 4986724k(4228k free)

vm_info: Java HotSpot(TM) 64-Bit Server VM (25.101-b13) for windows-amd64 JRE (1.8.0_101-b13), built on Jun 22 2016 01:21:29 by "java_re" with MS VC++ 10.0 (VS2010)

time: Sat Apr 14 11:53:42 2018
elapsed time: 3 seconds (0d 0h 0m 3s)

